  basis double couple component. 
strike:   218.0  222.8  313.7  313.7   90.4    0.0
dip:       18.0   62.9   88.1   88.1   78.8  500.0
rake:      84.0  -92.1 -107.9  -17.9 -165.8    0.0
 Inital Slip Model : Uniform slip Model 
 N_model:    64965 , min_jtn:  48/  79 , st_max:200.0
Running iteration 1...
 1/x = r2(space)/r1(time) =        3.50   km/sec
ABIC : 0.10000E-01 0.0 0.0 0.0  0.10000E-02     0.0     0.0     0.0        9999998976.00         -299174.88         533010.75          71346.34     9999998976.00 0.100E+11 0.100E+11
ABIC : 0.10000E+00 0.0 0.0 0.0  0.10000E-02     0.0     0.0     0.0        9999998976.00         -149587.44         525759.88          71346.34     9999998976.00 0.100E+11 0.100E+11
ABIC : 0.10000E+01 0.0 0.0 0.0  0.10000E-02     0.0     0.0     0.0        9999998976.00               0.00         -12601.78          71346.34     9999998976.00 0.100E+11 0.100E+11
ABIC : 0.10000E+02 0.0 0.0 0.0  0.10000E-02     0.0     0.0     0.0             46842.71          149587.44          85882.26          71346.34             49.90 0.730E-02 0.130E+00
ABIC : 0.10000E+03 0.0 0.0 0.0  0.10000E-02     0.0     0.0     0.0             48716.96          299174.88         222937.78          71346.34            209.95 0.150E-01 0.268E+00
ABIC : 0.31623E+01 0.0 0.0 0.0  0.10000E-02     0.0     0.0     0.0             48280.48           74793.72          18675.11          71346.34             27.02 0.537E-02 0.960E-01
ABIC : 0.31623E+02 0.0 0.0 0.0  0.10000E-02     0.0     0.0     0.0             47057.74          224381.16         153958.00          71346.34             99.63 0.103E-01 0.184E+00
ABIC : 0.56234E+01 0.0 0.0 0.0  0.10000E-02     0.0     0.0     0.0             47351.62          112190.58          52175.46          71346.34             36.33 0.623E-02 0.111E+00
ABIC : 0.17783E+02 0.0 0.0 0.0  0.10000E-02     0.0     0.0     0.0             46752.91          186984.31         119808.07          71346.34             69.91 0.864E-02 0.154E+00
ABIC : 0.13335E+02 0.0 0.0 0.0  0.10000E-02     0.0     0.0     0.0             46742.66          168285.88         102817.25          71346.34             58.90 0.793E-02 0.142E+00
alpha2, abic : 0.100E-02      46742.66      46742.66
ABIC : 0.10000E+01 0.0 0.0 0.0  0.10000E-01     0.0     0.0     0.0        9999998976.00               0.00          82132.77          71605.09     9999998976.00 0.100E+11 0.100E+11
ABIC : 0.10000E+02 0.0 0.0 0.0  0.10000E-01     0.0     0.0     0.0             46605.35          149587.44          85716.27          71605.09             48.28 0.718E-02 0.406E+00
ABIC : 0.10000E+03 0.0 0.0 0.0  0.10000E-01     0.0     0.0     0.0             48660.74          299174.88         222804.41          71605.09            206.18 0.148E-01 0.839E+00
ABIC : 0.31623E+01 0.0 0.0 0.0  0.10000E-01     0.0     0.0     0.0             47857.51           74793.72          18496.75          71605.09             25.70 0.524E-02 0.296E+00
ABIC : 0.31623E+02 0.0 0.0 0.0  0.10000E-01     0.0     0.0     0.0             46935.70          224381.16         153806.83          71605.09             97.38 0.102E-01 0.576E+00
ABIC : 0.56234E+01 0.0 0.0 0.0  0.10000E-01     0.0     0.0     0.0             47029.48          112190.58          52003.24          71605.09             34.88 0.611E-02 0.345E+00
ABIC : 0.17783E+02 0.0 0.0 0.0  0.10000E-01     0.0     0.0     0.0             46579.11          186984.31         119649.24          71605.09             68.03 0.853E-02 0.482E+00
ABIC : 0.13335E+02 0.0 0.0 0.0  0.10000E-01     0.0     0.0     0.0             46541.81          168285.88         102655.07          71605.09             57.18 0.782E-02 0.442E+00
alpha2, abic : 0.100E-01      46541.81      46541.81
ABIC : 0.10000E+01 0.0 0.0 0.0  0.10000E+00     0.0     0.0     0.0        9999998976.00               0.00         -17833.67          72857.33     9999998976.00 0.100E+11 0.100E+11
ABIC : 0.10000E+02 0.0 0.0 0.0  0.10000E+00     0.0     0.0     0.0             46325.95          149587.44          84902.88          72857.33             44.94 0.693E-02 0.124E+01
ABIC : 0.10000E+03 0.0 0.0 0.0  0.10000E+00     0.0     0.0     0.0             48639.41          299174.88         222170.98          72857.33            193.43 0.144E-01 0.257E+01
ABIC : 0.31623E+01 0.0 0.0 0.0  0.10000E+00     0.0     0.0     0.0             47354.55           74793.72          17618.88          72857.33             23.55 0.502E-02 0.896E+00
ABIC : 0.31623E+02 0.0 0.0 0.0  0.10000E+00     0.0     0.0     0.0             46816.53          224381.16         153073.67          72857.33             91.37 0.988E-02 0.177E+01
ABIC : 0.56234E+01 0.0 0.0 0.0  0.10000E+00     0.0     0.0     0.0             46644.20          112190.58          51155.29          72857.33             32.24 0.587E-02 0.105E+01
ABIC : 0.17783E+02 0.0 0.0 0.0  0.10000E+00     0.0     0.0     0.0             46386.56          186984.31         118873.66          72857.33             63.64 0.825E-02 0.147E+01
ABIC : 0.74989E+01 0.0 0.0 0.0  0.10000E+00     0.0     0.0     0.0             46434.98          130889.01          68000.60          72857.33             37.98 0.637E-02 0.114E+01
ABIC : 0.13335E+02 0.0 0.0 0.0  0.10000E+00     0.0     0.0     0.0             46307.30          168285.88         101859.75          72857.33             53.37 0.755E-02 0.135E+01
alpha2, abic : 0.100E+00      46307.30      46307.30
ABIC : 0.10000E+01 0.0 0.0 0.0  0.10000E+01     0.0     0.0     0.0             49180.31               0.00         -51769.34          76841.81             11.07 0.344E-02 0.194E+01
ABIC : 0.10000E+02 0.0 0.0 0.0  0.10000E+01     0.0     0.0     0.0             46268.43          149587.44          82508.12          76841.81             38.13 0.638E-02 0.361E+01
ABIC : 0.10000E+03 0.0 0.0 0.0  0.10000E+01     0.0     0.0     0.0             49218.25          299174.88         220473.92          76841.81            163.12 0.132E-01 0.746E+01
ABIC : 0.31623E+01 0.0 0.0 0.0  0.10000E+01     0.0     0.0     0.0             46931.85           74793.72          14949.91          76841.81             19.80 0.460E-02 0.260E+01
ABIC : 0.31623E+02 0.0 0.0 0.0  0.10000E+01     0.0     0.0     0.0             47084.30          224381.16         151005.98          76841.81             77.51 0.910E-02 0.514E+01
ABIC : 0.56234E+01 0.0 0.0 0.0  0.10000E+01     0.0     0.0     0.0             46411.59          112190.58          48616.71          76841.81             27.27 0.540E-02 0.305E+01
ABIC : 0.17783E+02 0.0 0.0 0.0  0.10000E+01     0.0     0.0     0.0             46496.34          186984.31         116636.21          76841.81             54.05 0.760E-02 0.429E+01
ABIC : 0.74989E+01 0.0 0.0 0.0  0.10000E+01     0.0     0.0     0.0             46289.58          130889.01          65533.17          76841.81             32.18 0.586E-02 0.331E+01
ABIC : 0.13335E+02 0.0 0.0 0.0  0.10000E+01     0.0     0.0     0.0             46333.34          168285.88          99541.98          76841.81             45.31 0.696E-02 0.393E+01
alpha2, abic : 0.100E+01      46268.43      46268.43
ABIC : 0.10000E+01 0.0 0.0 0.0  0.10000E+02     0.0     0.0     0.0             48333.11               0.00         -57691.67          85722.05              7.58 0.285E-02 0.508E+01
ABIC : 0.10000E+02 0.0 0.0 0.0  0.10000E+02     0.0     0.0     0.0             47308.03          149587.44          77997.33          85722.05             27.36 0.541E-02 0.966E+01
ABIC : 0.10000E+03 0.0 0.0 0.0  0.10000E+02     0.0     0.0     0.0             51967.06          299174.88         217554.64          85722.05            118.41 0.112E-01 0.201E+02
ABIC : 0.31623E+01 0.0 0.0 0.0  0.10000E+02     0.0     0.0     0.0             47060.88           74793.72           9685.61          85722.05             13.98 0.387E-02 0.691E+01
ABIC : 0.17783E+01 0.0 0.0 0.0  0.10000E+02     0.0     0.0     0.0             47511.98           37396.86         -24113.49          85722.05             10.22 0.330E-02 0.590E+01
ABIC : 0.56234E+01 0.0 0.0 0.0  0.10000E+02     0.0     0.0     0.0             46988.74          112190.58          43719.68          85722.05             19.42 0.455E-02 0.814E+01
ABIC : 0.42170E+01 0.0 0.0 0.0  0.10000E+02     0.0     0.0     0.0             46972.12           93492.16          26671.70          85722.05             16.44 0.419E-02 0.749E+01
alpha2, abic : 0.100E+02      46972.12      46268.43
ABIC : 0.10000E-01 0.0 0.0 0.0  0.31623E+00     0.0     0.0     0.0        9999998976.00         -299174.88         499910.44          74368.79     9999998976.00 0.100E+11 0.100E+11
ABIC : 0.10000E+00 0.0 0.0 0.0  0.31623E+00     0.0     0.0     0.0        9999998976.00         -149587.44         491201.41          74368.79     9999998976.00 0.100E+11 0.100E+11
ABIC : 0.10000E+01 0.0 0.0 0.0  0.31623E+00     0.0     0.0     0.0        9999998976.00               0.00           9218.21          74368.79     9999998976.00 0.100E+11 0.100E+11
ABIC : 0.10000E+02 0.0 0.0 0.0  0.31623E+00     0.0     0.0     0.0             46232.27          149587.44          83957.95          74368.79             42.08 0.671E-02 0.213E+01
ABIC : 0.10000E+03 0.0 0.0 0.0  0.31623E+00     0.0     0.0     0.0             48773.62          299174.88         221478.91          74368.79            180.65 0.139E-01 0.441E+01
ABIC : 0.31623E+01 0.0 0.0 0.0  0.31623E+00     0.0     0.0     0.0             47121.79           74793.72          16578.64          74368.79             21.95 0.484E-02 0.154E+01
ABIC : 0.31623E+02 0.0 0.0 0.0  0.31623E+00     0.0     0.0     0.0             46848.38          224381.16         152244.59          74368.79             85.63 0.957E-02 0.304E+01
ABIC : 0.56234E+01 0.0 0.0 0.0  0.31623E+00     0.0     0.0     0.0             46482.66          112190.58          50161.06          74368.79             30.13 0.567E-02 0.180E+01
ABIC : 0.17783E+02 0.0 0.0 0.0  0.31623E+00     0.0     0.0     0.0             46361.85          186984.31         117984.09          74368.79             59.66 0.798E-02 0.254E+01
ABIC : 0.74989E+01 0.0 0.0 0.0  0.31623E+00     0.0     0.0     0.0             46309.65          130889.01          67030.70          74368.79             35.54 0.616E-02 0.196E+01
ABIC : 0.13335E+02 0.0 0.0 0.0  0.31623E+00     0.0     0.0     0.0             46250.61          168285.88         100941.84          74368.79             50.02 0.731E-02 0.232E+01
alpha2, abic : 0.316E+00      46232.27      46232.27
alpha2, abic : 0.100E+01      46268.43      46232.27
   10.00000      0.3162278       42.07910    
Running iteration 2...
 1/x = r2(space)/r1(time) =        3.50   km/sec
ABIC : 0.10000E-01 0.0 0.0 0.0  0.10000E-02     0.0     0.0     0.0        9999998976.00         -299174.88         470012.72          69166.01     9999998976.00 0.100E+11 0.100E+11
ABIC : 0.10000E+00 0.0 0.0 0.0  0.10000E-02     0.0     0.0     0.0        9999998976.00         -149587.44         283881.28          69166.01     9999998976.00 0.100E+11 0.100E+11
ABIC : 0.10000E+01 0.0 0.0 0.0  0.10000E-02     0.0     0.0     0.0             66629.70               0.00         -40793.30          69166.01             45.41 0.800E-02 0.124E+00
ABIC : 0.10000E+02 0.0 0.0 0.0  0.10000E-02     0.0     0.0     0.0             62116.86          149587.44          94089.91          69166.01            125.50 0.133E-01 0.207E+00
ABIC : 0.10000E+03 0.0 0.0 0.0  0.10000E-02     0.0     0.0     0.0             65711.09          299174.88         232709.45          69166.01            536.31 0.275E-01 0.428E+00
ABIC : 0.31623E+01 0.0 0.0 0.0  0.10000E-02     0.0     0.0     0.0             63200.00           74793.72          26187.64          69166.01             70.31 0.995E-02 0.155E+00
ABIC : 0.31623E+02 0.0 0.0 0.0  0.10000E-02     0.0     0.0     0.0             63140.93          224381.16         162932.33          69166.01            251.64 0.188E-01 0.293E+00
ABIC : 0.56234E+01 0.0 0.0 0.0  0.10000E-02     0.0     0.0     0.0             62368.32          112190.58          60021.64          69166.01             92.33 0.114E-01 0.177E+00
ABIC : 0.17783E+02 0.0 0.0 0.0  0.10000E-02     0.0     0.0     0.0             62399.65          186984.31         128393.94          69166.01            175.73 0.157E-01 0.245E+00
ABIC : 0.74989E+01 0.0 0.0 0.0  0.10000E-02     0.0     0.0     0.0             62168.47          130889.01          77025.96          69166.01            107.17 0.123E-01 0.191E+00
ABIC : 0.13335E+02 0.0 0.0 0.0  0.10000E-02     0.0     0.0     0.0             62195.37          168285.88         111212.32          69166.01            148.01 0.144E-01 0.225E+00
alpha2, abic : 0.100E-02      62116.86      62116.86
ABIC : 0.10000E+01 0.0 0.0 0.0  0.10000E-01     0.0     0.0     0.0             64761.18               0.00         -41062.94          69635.35             36.95 0.721E-02 0.355E+00
ABIC : 0.10000E+02 0.0 0.0 0.0  0.10000E-01     0.0     0.0     0.0             61487.73          149587.44          93867.72          69635.35            114.99 0.127E-01 0.626E+00
ABIC : 0.10000E+03 0.0 0.0 0.0  0.10000E-01     0.0     0.0     0.0             65649.57          299174.88         232546.33          69635.35            516.99 0.270E-01 0.133E+01
ABIC : 0.31623E+01 0.0 0.0 0.0  0.10000E-01     0.0     0.0     0.0             62008.40           74793.72          25940.55          69635.35             61.06 0.927E-02 0.456E+00
ABIC : 0.31623E+02 0.0 0.0 0.0  0.10000E-01     0.0     0.0     0.0             62881.48          224381.16         162738.02          69635.35            238.58 0.183E-01 0.902E+00
ABIC : 0.56234E+01 0.0 0.0 0.0  0.10000E-01     0.0     0.0     0.0             61480.84          112190.58          59786.59          69635.35             82.56 0.108E-01 0.531E+00
ABIC : 0.42170E+01 0.0 0.0 0.0  0.10000E-01     0.0     0.0     0.0             61676.07           93492.16          42834.21          69635.35             70.72 0.998E-02 0.491E+00
ABIC : 0.74989E+01 0.0 0.0 0.0  0.10000E-01     0.0     0.0     0.0             61416.49          130889.01          76797.23          69635.35             97.07 0.117E-01 0.575E+00
alpha2, abic : 0.100E-01      61416.49      61416.49
ABIC : 0.10000E+01 0.0 0.0 0.0  0.10000E+00     0.0     0.0     0.0             63345.34               0.00         -42109.97          71316.47             30.12 0.651E-02 0.101E+01
ABIC : 0.10000E+02 0.0 0.0 0.0  0.10000E+00     0.0     0.0     0.0             61292.19          149587.44          93008.95          71316.47            103.89 0.121E-01 0.188E+01
ABIC : 0.10000E+03 0.0 0.0 0.0  0.10000E+00     0.0     0.0     0.0             65993.02          299174.88         231933.48          71316.47            480.94 0.260E-01 0.405E+01
ABIC : 0.31623E+01 0.0 0.0 0.0  0.10000E+00     0.0     0.0     0.0             61273.49           74793.72          24981.24          71316.47             52.81 0.862E-02 0.134E+01
ABIC : 0.17783E+01 0.0 0.0 0.0  0.10000E+00     0.0     0.0     0.0             62047.34           37396.86          -8676.68          71316.47             39.29 0.744E-02 0.116E+01
ABIC : 0.56234E+01 0.0 0.0 0.0  0.10000E+00     0.0     0.0     0.0             61035.19          112190.58          58876.12          71316.47             73.12 0.101E-01 0.158E+01
ABIC : 0.42170E+01 0.0 0.0 0.0  0.10000E+00     0.0     0.0     0.0             61086.25           93492.16          41898.94          71316.47             61.90 0.934E-02 0.145E+01
ABIC : 0.74989E+01 0.0 0.0 0.0  0.10000E+00     0.0     0.0     0.0             61104.86          130889.01          75912.11          71316.47             86.91 0.111E-01 0.172E+01
alpha2, abic : 0.100E+00      61035.19      61035.19
ABIC : 0.10000E+01 0.0 0.0 0.0  0.10000E+01     0.0     0.0     0.0             62335.91               0.00         -45001.87          75892.80             23.02 0.569E-02 0.280E+01
ABIC : 0.10000E+02 0.0 0.0 0.0  0.10000E+01     0.0     0.0     0.0             61950.61          149587.44          90752.57          75892.80             88.03 0.111E-01 0.548E+01
ABIC : 0.10000E+03 0.0 0.0 0.0  0.10000E+01     0.0     0.0     0.0             67600.54          299174.88         230460.98          75892.80            414.26 0.242E-01 0.119E+02
ABIC : 0.31623E+01 0.0 0.0 0.0  0.10000E+01     0.0     0.0     0.0             61181.08           74793.72          22385.19          75892.80             42.94 0.778E-02 0.383E+01
ABIC : 0.17783E+01 0.0 0.0 0.0  0.10000E+01     0.0     0.0     0.0             61506.77           37396.86         -11426.85          75892.80             31.03 0.661E-02 0.325E+01
ABIC : 0.56234E+01 0.0 0.0 0.0  0.10000E+01     0.0     0.0     0.0             61345.57          112190.58          56444.43          75892.80             60.90 0.926E-02 0.456E+01
ABIC : 0.23714E+01 0.0 0.0 0.0  0.10000E+01     0.0     0.0     0.0             61284.16           56095.29           5448.74          75892.80             36.40 0.716E-02 0.352E+01
ABIC : 0.42170E+01 0.0 0.0 0.0  0.10000E+01     0.0     0.0     0.0             61205.70           93492.16          39383.61          75892.80             51.00 0.848E-02 0.417E+01
alpha2, abic : 0.100E+01      61181.08      61035.19
ABIC : 0.10000E-01 0.0 0.0 0.0  0.31623E-01     0.0     0.0     0.0        9999998976.00         -299174.88         486225.81          70236.89     9999998976.00 0.100E+11 0.100E+11
ABIC : 0.10000E+00 0.0 0.0 0.0  0.31623E-01     0.0     0.0     0.0        9999998976.00         -149587.44          82012.77          70236.89     9999998976.00 0.100E+11 0.100E+11
ABIC : 0.10000E+01 0.0 0.0 0.0  0.31623E-01     0.0     0.0     0.0             63999.62               0.00         -41430.28          70236.89             33.45 0.686E-02 0.601E+00
ABIC : 0.10000E+02 0.0 0.0 0.0  0.31623E-01     0.0     0.0     0.0             61316.95          149587.44          93564.27          70236.89            109.74 0.124E-01 0.109E+01
ABIC : 0.10000E+03 0.0 0.0 0.0  0.31623E-01     0.0     0.0     0.0             65738.23          299174.88         232325.59          70236.89            502.15 0.266E-01 0.233E+01
ABIC : 0.31623E+01 0.0 0.0 0.0  0.31623E-01     0.0     0.0     0.0             61578.01           74793.72          25602.64          70236.89             56.98 0.896E-02 0.784E+00
ABIC : 0.31623E+02 0.0 0.0 0.0  0.31623E-01     0.0     0.0     0.0             62883.75          224381.16         162473.11          70236.89            230.75 0.180E-01 0.158E+01
ABIC : 0.56234E+01 0.0 0.0 0.0  0.31623E-01     0.0     0.0     0.0             61189.02          112190.58          59465.61          70236.89             77.97 0.105E-01 0.917E+00
ABIC : 0.42170E+01 0.0 0.0 0.0  0.31623E-01     0.0     0.0     0.0             61316.01           93492.16          42504.71          70236.89             66.40 0.967E-02 0.846E+00
ABIC : 0.74989E+01 0.0 0.0 0.0  0.31623E-01     0.0     0.0     0.0             61192.90          130889.01          76484.80          70236.89             92.23 0.114E-01 0.998E+00
alpha2, abic : 0.316E-01      61189.02      61189.02
alpha2, abic : 0.100E+00      61035.19      61035.19
ABIC : 0.10000E+01 0.0 0.0 0.0  0.31623E+00     0.0     0.0     0.0             62777.74               0.00         -43253.18          73113.86             26.66 0.613E-02 0.170E+01
ABIC : 0.10000E+02 0.0 0.0 0.0  0.31623E+00     0.0     0.0     0.0             61462.97          149587.44          92096.57          73113.86             96.75 0.117E-01 0.323E+01
ABIC : 0.10000E+03 0.0 0.0 0.0  0.31623E+00     0.0     0.0     0.0             66547.00          299174.88         231318.62          73113.86            451.71 0.252E-01 0.698E+01
ABIC : 0.31623E+01 0.0 0.0 0.0  0.31623E+00     0.0     0.0     0.0             61112.17           74793.72          23945.16          73113.86             48.16 0.824E-02 0.228E+01
ABIC : 0.17783E+01 0.0 0.0 0.0  0.31623E+00     0.0     0.0     0.0             61686.91           37396.86          -9769.01          73113.86             35.33 0.705E-02 0.195E+01
ABIC : 0.56234E+01 0.0 0.0 0.0  0.31623E+00     0.0     0.0     0.0             61055.73          112190.58          57899.48          73113.86             67.51 0.975E-02 0.270E+01
ABIC : 0.42170E+01 0.0 0.0 0.0  0.31623E+00     0.0     0.0     0.0             61023.30           93492.16          40891.93          73113.86             56.85 0.895E-02 0.248E+01
alpha2, abic : 0.316E+00      61023.30      61023.30
   4.216965      0.3162278       56.82812    
Xdif :     1.7536
Running iteration 3...
 1/x = r2(space)/r1(time) =        3.50   km/sec
ABIC : 0.10000E-01 0.0 0.0 0.0  0.10000E-02     0.0     0.0     0.0        9999998976.00         -299174.88         490097.91          70849.18     9999998976.00 0.100E+11 0.100E+11
ABIC : 0.10000E+00 0.0 0.0 0.0  0.10000E-02     0.0     0.0     0.0        9999998976.00         -149587.44         210741.55          70849.18     9999998976.00 0.100E+11 0.100E+11
ABIC : 0.10000E+01 0.0 0.0 0.0  0.10000E-02     0.0     0.0     0.0             20050.89               0.00         -85047.07          70849.18             30.45 0.820E-02 0.102E+00
ABIC : 0.10000E+02 0.0 0.0 0.0  0.10000E-02     0.0     0.0     0.0             14571.59          149587.44          48801.05          70849.18             84.72 0.137E-01 0.170E+00
ABIC : 0.10000E+03 0.0 0.0 0.0  0.10000E-02     0.0     0.0     0.0             16969.62          299174.88         186196.58          70849.18            363.05 0.283E-01 0.352E+00
ABIC : 0.31623E+01 0.0 0.0 0.0  0.10000E-02     0.0     0.0     0.0             16198.55           74793.72         -18537.54          70849.18             47.37 0.102E-01 0.127E+00
ABIC : 0.31623E+02 0.0 0.0 0.0  0.10000E-02     0.0     0.0     0.0             14984.16          224381.16         117043.77          70849.18            169.68 0.193E-01 0.241E+00
ABIC : 0.56234E+01 0.0 0.0 0.0  0.10000E-02     0.0     0.0     0.0             15113.01          112190.58          15021.27          70849.18             62.34 0.117E-01 0.146E+00
ABIC : 0.17783E+02 0.0 0.0 0.0  0.10000E-02     0.0     0.0     0.0             14545.33          186984.31          82807.76          70849.18            118.49 0.162E-01 0.201E+00
ABIC : 0.13335E+02 0.0 0.0 0.0  0.10000E-02     0.0     0.0     0.0             14498.06          168285.88          65775.86          70849.18             99.88 0.148E-01 0.185E+00
alpha2, abic : 0.100E-02      14498.06      14498.06
ABIC : 0.10000E+01 0.0 0.0 0.0  0.10000E-01     0.0     0.0     0.0             18354.51               0.00         -85264.43          71220.39             25.32 0.747E-02 0.294E+00
ABIC : 0.10000E+02 0.0 0.0 0.0  0.10000E-01     0.0     0.0     0.0             13976.63          149587.44          48617.22          71220.39             78.36 0.131E-01 0.517E+00
ABIC : 0.10000E+03 0.0 0.0 0.0  0.10000E-01     0.0     0.0     0.0             16867.03          299174.88         186056.06          71220.39            351.18 0.278E-01 0.109E+01
ABIC : 0.31623E+01 0.0 0.0 0.0  0.10000E-01     0.0     0.0     0.0             15129.18           74793.72         -18740.08          71220.39             41.87 0.961E-02 0.378E+00
ABIC : 0.31623E+02 0.0 0.0 0.0  0.10000E-01     0.0     0.0     0.0             14707.62          224381.16         116880.60          71220.39            161.67 0.189E-01 0.743E+00
ABIC : 0.56234E+01 0.0 0.0 0.0  0.10000E-01     0.0     0.0     0.0             14297.18          112190.58          14827.70          71220.39             56.46 0.112E-01 0.439E+00
ABIC : 0.17783E+02 0.0 0.0 0.0  0.10000E-01     0.0     0.0     0.0             14133.20          186984.31          82634.05          71220.39            111.50 0.157E-01 0.617E+00
ABIC : 0.74989E+01 0.0 0.0 0.0  0.10000E-01     0.0     0.0     0.0             14077.18          130889.01          31694.14          71220.39             66.30 0.121E-01 0.476E+00
ABIC : 0.13335E+02 0.0 0.0 0.0  0.10000E-01     0.0     0.0     0.0             13999.55          168285.88          65596.80          71220.39             93.23 0.143E-01 0.564E+00
alpha2, abic : 0.100E-01      13976.63      13976.63
ABIC : 0.10000E+01 0.0 0.0 0.0  0.10000E+00     0.0     0.0     0.0             17038.48               0.00         -86196.98          72663.16             21.10 0.682E-02 0.848E+00
ABIC : 0.10000E+02 0.0 0.0 0.0  0.10000E+00     0.0     0.0     0.0             13682.06          149587.44          47830.57          72663.16             71.27 0.125E-01 0.156E+01
ABIC : 0.10000E+03 0.0 0.0 0.0  0.10000E+00     0.0     0.0     0.0             17007.48          299174.88         185455.80          72663.16            327.43 0.269E-01 0.334E+01
ABIC : 0.31623E+01 0.0 0.0 0.0  0.10000E+00     0.0     0.0     0.0             14379.46           74793.72         -19604.80          72663.16             36.68 0.899E-02 0.112E+01
ABIC : 0.31623E+02 0.0 0.0 0.0  0.10000E+00     0.0     0.0     0.0             14699.80          224381.16         116181.48          72663.16            150.00 0.182E-01 0.226E+01
ABIC : 0.56234E+01 0.0 0.0 0.0  0.10000E+00     0.0     0.0     0.0             13792.34          112190.58          14001.53          72663.16             50.48 0.106E-01 0.131E+01
ABIC : 0.17783E+02 0.0 0.0 0.0  0.10000E+00     0.0     0.0     0.0             14001.12          186984.31          81890.01          72663.16            102.64 0.150E-01 0.187E+01
ABIC : 0.74989E+01 0.0 0.0 0.0  0.10000E+00     0.0     0.0     0.0             13677.79          130889.01          30887.25          72663.16             59.80 0.115E-01 0.143E+01
alpha2, abic : 0.100E+00      13677.79      13677.79
ABIC : 0.10000E+01 0.0 0.0 0.0  0.10000E+01     0.0     0.0     0.0             16008.16               0.00         -88941.12          76821.46             16.54 0.604E-02 0.238E+01
ABIC : 0.10000E+02 0.0 0.0 0.0  0.10000E+01     0.0     0.0     0.0             13985.15          149587.44          45589.83          76821.46             60.67 0.116E-01 0.455E+01
ABIC : 0.10000E+03 0.0 0.0 0.0  0.10000E+01     0.0     0.0     0.0             18071.09          299174.88         183855.50          76821.46            282.09 0.249E-01 0.981E+01
ABIC : 0.31623E+01 0.0 0.0 0.0  0.10000E+01     0.0     0.0     0.0             14087.59           74793.72         -22115.99          76821.46             30.23 0.817E-02 0.321E+01
ABIC : 0.31623E+02 0.0 0.0 0.0  0.10000E+01     0.0     0.0     0.0             15435.83          224381.16         114244.18          76821.46            129.35 0.169E-01 0.664E+01
ABIC : 0.56234E+01 0.0 0.0 0.0  0.10000E+01     0.0     0.0     0.0             13820.06          112190.58          11620.75          76821.46             42.40 0.967E-02 0.380E+01
ABIC : 0.42170E+01 0.0 0.0 0.0  0.10000E+01     0.0     0.0     0.0             13897.74           93492.16          -5276.36          76821.46             35.70 0.887E-02 0.349E+01
ABIC : 0.74989E+01 0.0 0.0 0.0  0.10000E+01     0.0     0.0     0.0             13850.36          130889.01          28575.67          76821.46             50.60 0.106E-01 0.416E+01
alpha2, abic : 0.100E+01      13820.06      13677.79
ABIC : 0.10000E-01 0.0 0.0 0.0  0.31623E-01     0.0     0.0     0.0        9999998976.00         -299174.88         483545.59          71724.51     9999998976.00 0.100E+11 0.100E+11
ABIC : 0.10000E+00 0.0 0.0 0.0  0.31623E-01     0.0     0.0     0.0        9999998976.00         -149587.44         388805.66          71724.51     9999998976.00 0.100E+11 0.100E+11
ABIC : 0.10000E+01 0.0 0.0 0.0  0.31623E-01     0.0     0.0     0.0             17641.26               0.00         -85581.67          71724.51             23.14 0.715E-02 0.500E+00
ABIC : 0.10000E+02 0.0 0.0 0.0  0.31623E-01     0.0     0.0     0.0             13782.47          149587.44          48347.30          71724.51             75.08 0.129E-01 0.900E+00
ABIC : 0.10000E+03 0.0 0.0 0.0  0.31623E-01     0.0     0.0     0.0             16883.66          299174.88         185848.17          71724.51            341.52 0.274E-01 0.192E+01
ABIC : 0.31623E+01 0.0 0.0 0.0  0.31623E-01     0.0     0.0     0.0             14708.24           74793.72         -19035.92          71724.51             39.32 0.931E-02 0.651E+00
ABIC : 0.31623E+02 0.0 0.0 0.0  0.31623E-01     0.0     0.0     0.0             14652.95          224381.16         116639.98          71724.51            156.62 0.186E-01 0.130E+01
ABIC : 0.56234E+01 0.0 0.0 0.0  0.31623E-01     0.0     0.0     0.0             13996.72          112190.58          14544.95          71724.51             53.59 0.109E-01 0.760E+00
ABIC : 0.17783E+02 0.0 0.0 0.0  0.31623E-01     0.0     0.0     0.0             14017.91          186984.31          82378.47          71724.51            107.53 0.154E-01 0.108E+01
ABIC : 0.74989E+01 0.0 0.0 0.0  0.31623E-01     0.0     0.0     0.0             13829.65          130889.01          31417.38          71724.51             63.24 0.118E-01 0.826E+00
ABIC : 0.13335E+02 0.0 0.0 0.0  0.31623E-01     0.0     0.0     0.0             13845.83          168285.88          65334.07          71724.51             89.62 0.141E-01 0.983E+00
alpha2, abic : 0.316E-01      13782.47      13782.47
alpha2, abic : 0.100E+00      13677.79      13677.79
ABIC : 0.10000E+01 0.0 0.0 0.0  0.31623E+00     0.0     0.0     0.0             16496.40               0.00         -87260.25          74272.88             18.93 0.646E-02 0.143E+01
ABIC : 0.10000E+02 0.0 0.0 0.0  0.31623E+00     0.0     0.0     0.0             13722.78          149587.44          46946.48          74272.88             66.56 0.121E-01 0.268E+01
ABIC : 0.10000E+03 0.0 0.0 0.0  0.31623E+00     0.0     0.0     0.0             17345.45          299174.88         184806.25          74272.88            307.73 0.261E-01 0.576E+01
ABIC : 0.31623E+01 0.0 0.0 0.0  0.31623E+00     0.0     0.0     0.0             14160.00           74793.72         -20585.93          74272.88             33.70 0.862E-02 0.191E+01
ABIC : 0.31623E+02 0.0 0.0 0.0  0.31623E+00     0.0     0.0     0.0             14919.76          224381.16         115407.26          74272.88            141.06 0.176E-01 0.390E+01
ABIC : 0.56234E+01 0.0 0.0 0.0  0.31623E+00     0.0     0.0     0.0             13713.51          112190.58          13066.78          74272.88             46.83 0.102E-01 0.225E+01
ABIC : 0.42170E+01 0.0 0.0 0.0  0.31623E+00     0.0     0.0     0.0             13878.31           93492.16          -3787.73          74272.88             39.61 0.935E-02 0.207E+01
ABIC : 0.74989E+01 0.0 0.0 0.0  0.31623E+00     0.0     0.0     0.0             13663.30          130889.01          29977.72          74272.88             55.69 0.111E-01 0.245E+01
alpha2, abic : 0.316E+00      13663.30      13663.30
   7.498942      0.3162278       55.68164    
Xdif :     0.6618
Running iteration 4...
 1/x = r2(space)/r1(time) =        3.50   km/sec
ABIC : 0.10000E-01 0.0 0.0 0.0  0.10000E-02     0.0     0.0     0.0        9999998976.00         -299174.88         486870.34          71016.90     9999998976.00 0.100E+11 0.100E+11
ABIC : 0.10000E+00 0.0 0.0 0.0  0.10000E-02     0.0     0.0     0.0        9999998976.00         -149587.44         442310.88          71016.90     9999998976.00 0.100E+11 0.100E+11
ABIC : 0.10000E+01 0.0 0.0 0.0  0.10000E-02     0.0     0.0     0.0             27560.44               0.00         -78321.34          71016.90             32.38 0.872E-02 0.105E+00
ABIC : 0.10000E+02 0.0 0.0 0.0  0.10000E-02     0.0     0.0     0.0             23075.02          149587.44          55628.94          71016.90             98.47 0.152E-01 0.183E+00
ABIC : 0.10000E+03 0.0 0.0 0.0  0.10000E-02     0.0     0.0     0.0             26208.12          299174.88         193121.28          71016.90            449.71 0.325E-01 0.392E+00
ABIC : 0.31623E+01 0.0 0.0 0.0  0.10000E-02     0.0     0.0     0.0             24169.21           74793.72         -11758.36          71016.90             52.46 0.111E-01 0.134E+00
ABIC : 0.31623E+02 0.0 0.0 0.0  0.10000E-02     0.0     0.0     0.0             23934.03          224381.16         123919.29          71016.90            205.21 0.220E-01 0.265E+00
ABIC : 0.56234E+01 0.0 0.0 0.0  0.10000E-02     0.0     0.0     0.0             23349.72          112190.58          21825.70          71016.90             70.72 0.129E-01 0.155E+00
ABIC : 0.17783E+02 0.0 0.0 0.0  0.10000E-02     0.0     0.0     0.0             23291.45          186984.31          89659.69          71016.90            140.76 0.182E-01 0.219E+00
ABIC : 0.74989E+01 0.0 0.0 0.0  0.10000E-02     0.0     0.0     0.0             23145.90          130889.01          38698.69          71016.90             83.13 0.140E-01 0.168E+00
ABIC : 0.13335E+02 0.0 0.0 0.0  0.10000E-02     0.0     0.0     0.0             23125.69          168285.88          72615.60          71016.90            117.39 0.166E-01 0.200E+00
alpha2, abic : 0.100E-02      23075.02      23075.02
ABIC : 0.10000E+01 0.0 0.0 0.0  0.10000E-01     0.0     0.0     0.0             25987.30               0.00         -78535.57          71379.22             27.27 0.801E-02 0.305E+00
ABIC : 0.10000E+02 0.0 0.0 0.0  0.10000E-01     0.0     0.0     0.0             22618.82          149587.44          55449.43          71379.22             92.39 0.147E-01 0.561E+00
ABIC : 0.10000E+03 0.0 0.0 0.0  0.10000E-01     0.0     0.0     0.0             26150.75          299174.88         192985.47          71379.22            437.15 0.321E-01 0.122E+01
ABIC : 0.31623E+01 0.0 0.0 0.0  0.10000E-01     0.0     0.0     0.0             23266.09           74793.72         -11957.38          71379.22             47.17 0.105E-01 0.401E+00
ABIC : 0.31623E+02 0.0 0.0 0.0  0.10000E-01     0.0     0.0     0.0             23743.07          224381.16         123760.60          71379.22            197.29 0.215E-01 0.820E+00
ABIC : 0.56234E+01 0.0 0.0 0.0  0.10000E-01     0.0     0.0     0.0             22696.14          112190.58          21636.44          71379.22             65.12 0.124E-01 0.471E+00
ABIC : 0.17783E+02 0.0 0.0 0.0  0.10000E-01     0.0     0.0     0.0             22987.76          186984.31          89490.18          71379.22            133.96 0.177E-01 0.676E+00
ABIC : 0.74989E+01 0.0 0.0 0.0  0.10000E-01     0.0     0.0     0.0             22596.73          130889.01          38514.16          71379.22             77.32 0.135E-01 0.514E+00
alpha2, abic : 0.100E-01      22596.73      22596.73
ABIC : 0.10000E+01 0.0 0.0 0.0  0.10000E+00     0.0     0.0     0.0             24868.56               0.00         -79452.51          72798.55             23.20 0.738E-02 0.890E+00
ABIC : 0.10000E+02 0.0 0.0 0.0  0.10000E+00     0.0     0.0     0.0             22451.95          149587.44          54679.36          72798.55             85.17 0.141E-01 0.170E+01
ABIC : 0.10000E+03 0.0 0.0 0.0  0.10000E+00     0.0     0.0     0.0             26332.90          299174.88         192403.75          72798.55            409.49 0.310E-01 0.374E+01
ABIC : 0.31623E+01 0.0 0.0 0.0  0.10000E+00     0.0     0.0     0.0             22700.21           74793.72         -12806.67          72798.55             42.12 0.995E-02 0.120E+01
ABIC : 0.31623E+02 0.0 0.0 0.0  0.10000E+00     0.0     0.0     0.0             23815.68          224381.16         123079.06          72798.55            184.63 0.208E-01 0.251E+01
ABIC : 0.56234E+01 0.0 0.0 0.0  0.10000E+00     0.0     0.0     0.0             22348.15          112190.58          20825.64          72798.55             59.20 0.118E-01 0.142E+01
ABIC : 0.42170E+01 0.0 0.0 0.0  0.10000E+00     0.0     0.0     0.0             22463.89           93492.16           3982.66          72798.55             49.77 0.108E-01 0.130E+01
ABIC : 0.74989E+01 0.0 0.0 0.0  0.10000E+00     0.0     0.0     0.0             22346.39          130889.01          37723.52          72798.55             70.83 0.129E-01 0.155E+01
alpha2, abic : 0.100E+00      22346.39      22346.39
ABIC : 0.10000E+01 0.0 0.0 0.0  0.10000E+01     0.0     0.0     0.0             24089.09               0.00         -82152.00          76911.07             18.64 0.662E-02 0.252E+01
ABIC : 0.10000E+02 0.0 0.0 0.0  0.10000E+01     0.0     0.0     0.0             22923.10          149587.44          52485.62          76911.07             73.71 0.132E-01 0.502E+01
ABIC : 0.10000E+03 0.0 0.0 0.0  0.10000E+01     0.0     0.0     0.0             27482.21          299174.88         190849.08          76911.07            355.82 0.289E-01 0.110E+02
ABIC : 0.31623E+01 0.0 0.0 0.0  0.10000E+01     0.0     0.0     0.0             22620.75           74793.72         -15272.04          76911.07             35.46 0.913E-02 0.348E+01
ABIC : 0.17783E+01 0.0 0.0 0.0  0.10000E+01     0.0     0.0     0.0             23117.52           37396.86         -48813.39          76911.07             25.36 0.772E-02 0.294E+01
ABIC : 0.56234E+01 0.0 0.0 0.0  0.10000E+01     0.0     0.0     0.0             22568.82          112190.58          18491.59          76911.07             50.68 0.109E-01 0.416E+01
ABIC : 0.42170E+01 0.0 0.0 0.0  0.10000E+01     0.0     0.0     0.0             22544.32           93492.16           1581.61          76911.07             42.29 0.997E-02 0.380E+01
alpha2, abic : 0.100E+01      22544.32      22346.39
ABIC : 0.10000E-01 0.0 0.0 0.0  0.31623E-01     0.0     0.0     0.0        9999998976.00         -299174.88         480170.56          71874.09     9999998976.00 0.100E+11 0.100E+11
ABIC : 0.10000E+00 0.0 0.0 0.0  0.31623E-01     0.0     0.0     0.0        9999998976.00         -149587.44         435643.00          71874.09     9999998976.00 0.100E+11 0.100E+11
ABIC : 0.10000E+01 0.0 0.0 0.0  0.31623E-01     0.0     0.0     0.0             25389.88               0.00         -78853.33          71874.09             25.24 0.770E-02 0.522E+00
ABIC : 0.10000E+02 0.0 0.0 0.0  0.31623E-01     0.0     0.0     0.0             22484.09          149587.44          55185.02          71874.09             89.08 0.145E-01 0.980E+00
ABIC : 0.10000E+03 0.0 0.0 0.0  0.31623E-01     0.0     0.0     0.0             26185.80          299174.88         192784.03          71874.09            426.03 0.316E-01 0.214E+01
ABIC : 0.31623E+01 0.0 0.0 0.0  0.31623E-01     0.0     0.0     0.0             22934.98           74793.72         -12248.78          71874.09             44.72 0.103E-01 0.695E+00
ABIC : 0.31623E+02 0.0 0.0 0.0  0.31623E-01     0.0     0.0     0.0             23727.20          224381.16         123525.88          71874.09            191.94 0.212E-01 0.144E+01
ABIC : 0.56234E+01 0.0 0.0 0.0  0.31623E-01     0.0     0.0     0.0             22470.91          112190.58          21358.02          71874.09             62.31 0.121E-01 0.820E+00
ABIC : 0.42170E+01 0.0 0.0 0.0  0.31623E-01     0.0     0.0     0.0             22638.64           93492.16           4526.95          71874.09             52.60 0.111E-01 0.753E+00
ABIC : 0.74989E+01 0.0 0.0 0.0  0.31623E-01     0.0     0.0     0.0             22421.58          130889.01          38242.48          71874.09             74.31 0.132E-01 0.895E+00
alpha2, abic : 0.316E-01      22421.58      22421.58
alpha2, abic : 0.100E+00      22346.39      22346.39
ABIC : 0.10000E+01 0.0 0.0 0.0  0.31623E+00     0.0     0.0     0.0             24467.27               0.00         -80501.51          74388.13             21.12 0.704E-02 0.151E+01
ABIC : 0.10000E+02 0.0 0.0 0.0  0.31623E+00     0.0     0.0     0.0             22568.11          149587.44          53813.54          74388.13             80.16 0.137E-01 0.294E+01
ABIC : 0.10000E+03 0.0 0.0 0.0  0.31623E+00     0.0     0.0     0.0             26705.93          299174.88         191773.41          74388.13            386.23 0.301E-01 0.646E+01
ABIC : 0.31623E+01 0.0 0.0 0.0  0.31623E+00     0.0     0.0     0.0             22576.98           74793.72         -13771.37          74388.13             39.09 0.958E-02 0.205E+01
ABIC : 0.31623E+02 0.0 0.0 0.0  0.31623E+00     0.0     0.0     0.0             24086.31          224381.16         122324.09          74388.13            174.53 0.203E-01 0.434E+01
ABIC : 0.56234E+01 0.0 0.0 0.0  0.31623E+00     0.0     0.0     0.0             22356.59          112190.58          19908.97          74388.13             55.40 0.114E-01 0.244E+01
ABIC : 0.42170E+01 0.0 0.0 0.0  0.31623E+00     0.0     0.0     0.0             22409.80           93492.16           3040.97          74388.13             46.40 0.104E-01 0.224E+01
ABIC : 0.74989E+01 0.0 0.0 0.0  0.31623E+00     0.0     0.0     0.0             22409.71          130889.01          36831.94          74388.13             66.48 0.125E-01 0.268E+01
alpha2, abic : 0.316E+00      22356.59      22346.39
   7.498942      0.1000000       70.81934    
Xdif :     0.2271
Running iteration 5...
 1/x = r2(space)/r1(time) =        3.50   km/sec
ABIC : 0.10000E-01 0.0 0.0 0.0  0.10000E-02     0.0     0.0     0.0        9999998976.00         -299174.88         487895.91          71308.62     9999998976.00 0.100E+11 0.100E+11
ABIC : 0.10000E+00 0.0 0.0 0.0  0.10000E-02     0.0     0.0     0.0        9999998976.00         -149587.44         447151.53          71308.62     9999998976.00 0.100E+11 0.100E+11
ABIC : 0.10000E+01 0.0 0.0 0.0  0.10000E-02     0.0     0.0     0.0        9999998976.00               0.00         -46345.67          71308.62     9999998976.00 0.100E+11 0.100E+11
ABIC : 0.10000E+02 0.0 0.0 0.0  0.10000E-02     0.0     0.0     0.0             26269.59          149587.44          58042.09          71308.62            103.40 0.164E-01 0.188E+00
ABIC : 0.10000E+03 0.0 0.0 0.0  0.10000E-02     0.0     0.0     0.0             29694.30          299174.88         195594.55          71308.62            483.25 0.355E-01 0.406E+00
ABIC : 0.31623E+01 0.0 0.0 0.0  0.10000E-02     0.0     0.0     0.0             27039.18           74793.72          -9385.53          71308.62             53.55 0.118E-01 0.135E+00
ABIC : 0.31623E+02 0.0 0.0 0.0  0.10000E-02     0.0     0.0     0.0             27333.07          224381.16         126364.98          71308.62            219.21 0.239E-01 0.273E+00
ABIC : 0.56234E+01 0.0 0.0 0.0  0.10000E-02     0.0     0.0     0.0             26398.74          112190.58          24219.98          71308.62             73.33 0.138E-01 0.158E+00
ABIC : 0.17783E+02 0.0 0.0 0.0  0.10000E-02     0.0     0.0     0.0             26603.68          186984.31          92089.77          71308.62            149.30 0.197E-01 0.226E+00
ABIC : 0.74989E+01 0.0 0.0 0.0  0.10000E-02     0.0     0.0     0.0             26272.43          130889.01          41103.08          71308.62             86.78 0.150E-01 0.172E+00
ABIC : 0.13335E+02 0.0 0.0 0.0  0.10000E-02     0.0     0.0     0.0             26382.77          168285.88          75037.25          71308.62            123.93 0.180E-01 0.206E+00
alpha2, abic : 0.100E-02      26269.59      26269.59
ABIC : 0.10000E+01 0.0 0.0 0.0  0.10000E-01     0.0     0.0     0.0        9999998976.00               0.00         -70258.30          71651.41     9999998976.00 0.100E+11 0.100E+11
ABIC : 0.10000E+02 0.0 0.0 0.0  0.10000E-01     0.0     0.0     0.0             25902.55          149587.44          57870.70          71651.41             97.99 0.160E-01 0.578E+00
ABIC : 0.10000E+03 0.0 0.0 0.0  0.10000E-01     0.0     0.0     0.0             29658.98          299174.88         195465.03          71651.41            471.41 0.351E-01 0.127E+01
ABIC : 0.31623E+01 0.0 0.0 0.0  0.10000E-01     0.0     0.0     0.0             26289.10           74793.72          -9575.18          71651.41             48.94 0.113E-01 0.409E+00
ABIC : 0.31623E+02 0.0 0.0 0.0  0.10000E-01     0.0     0.0     0.0             27191.06          224381.16         126213.33          71651.41            212.05 0.235E-01 0.851E+00
ABIC : 0.56234E+01 0.0 0.0 0.0  0.10000E-01     0.0     0.0     0.0             25859.98          112190.58          24039.09          71651.41             68.38 0.134E-01 0.483E+00
ABIC : 0.42170E+01 0.0 0.0 0.0  0.10000E-01     0.0     0.0     0.0             26013.57           93492.16           7204.77          71651.41             57.65 0.123E-01 0.444E+00
ABIC : 0.74989E+01 0.0 0.0 0.0  0.10000E-01     0.0     0.0     0.0             25827.74          130889.01          40927.01          71651.41             81.65 0.146E-01 0.528E+00
alpha2, abic : 0.100E-01      25827.74      25827.74
ABIC : 0.10000E+01 0.0 0.0 0.0  0.10000E+00     0.0     0.0     0.0        9999998976.00               0.00         -64190.59          73022.06     9999998976.00 0.100E+11 0.100E+11
ABIC : 0.10000E+02 0.0 0.0 0.0  0.10000E+00     0.0     0.0     0.0             25803.16          149587.44          57122.56          73022.06             91.18 0.154E-01 0.176E+01
ABIC : 0.10000E+03 0.0 0.0 0.0  0.10000E+00     0.0     0.0     0.0             29851.08          299174.88         194901.05          73022.06            443.38 0.340E-01 0.389E+01
ABIC : 0.31623E+01 0.0 0.0 0.0  0.10000E+00     0.0     0.0     0.0             25834.19           74793.72         -10400.31          73022.06             44.29 0.107E-01 0.123E+01
ABIC : 0.31623E+02 0.0 0.0 0.0  0.10000E+00     0.0     0.0     0.0             27291.03          224381.16         125551.69          73022.06            199.55 0.228E-01 0.261E+01
ABIC : 0.56234E+01 0.0 0.0 0.0  0.10000E+00     0.0     0.0     0.0             25602.70          112190.58          23251.59          73022.06             62.88 0.128E-01 0.146E+01
ABIC : 0.42170E+01 0.0 0.0 0.0  0.10000E+00     0.0     0.0     0.0             25663.07           93492.16           6399.14          73022.06             52.62 0.117E-01 0.134E+01
ABIC : 0.74989E+01 0.0 0.0 0.0  0.10000E+00     0.0     0.0     0.0             25651.24          130889.01          40158.47          73022.06             75.54 0.140E-01 0.161E+01
alpha2, abic : 0.100E+00      25602.70      25602.70
ABIC : 0.10000E+01 0.0 0.0 0.0  0.10000E+01     0.0     0.0     0.0             27166.37               0.00         -79736.53          77043.50             19.65 0.716E-02 0.259E+01
ABIC : 0.10000E+02 0.0 0.0 0.0  0.10000E+01     0.0     0.0     0.0             26337.10          149587.44          54976.38          77043.50             79.76 0.144E-01 0.522E+01
ABIC : 0.10000E+03 0.0 0.0 0.0  0.10000E+01     0.0     0.0     0.0             31006.28          299174.88         193380.98          77043.50            387.68 0.318E-01 0.115E+02
ABIC : 0.31623E+01 0.0 0.0 0.0  0.10000E+01     0.0     0.0     0.0             25878.02           74793.72         -12813.82          77043.50             37.89 0.994E-02 0.360E+01
ABIC : 0.17783E+01 0.0 0.0 0.0  0.10000E+01     0.0     0.0     0.0             26270.79           37396.86         -46373.39          77043.50             26.88 0.837E-02 0.303E+01
ABIC : 0.56234E+01 0.0 0.0 0.0  0.10000E+01     0.0     0.0     0.0             25911.34          112190.58          20967.25          77043.50             54.53 0.119E-01 0.431E+01
ABIC : 0.23714E+01 0.0 0.0 0.0  0.10000E+01     0.0     0.0     0.0             26022.91           56095.29         -29619.39          77043.50             31.83 0.911E-02 0.330E+01
ABIC : 0.42170E+01 0.0 0.0 0.0  0.10000E+01     0.0     0.0     0.0             25844.10           93492.16           4048.49          77043.50             45.35 0.109E-01 0.393E+01
alpha2, abic : 0.100E+01      25844.10      25602.70
ABIC : 0.10000E-01 0.0 0.0 0.0  0.31623E-01     0.0     0.0     0.0        9999998976.00         -299174.88         476146.28          72126.71     9999998976.00 0.100E+11 0.100E+11
ABIC : 0.10000E+00 0.0 0.0 0.0  0.31623E-01     0.0     0.0     0.0        9999998976.00         -149587.44         443743.25          72126.71     9999998976.00 0.100E+11 0.100E+11
ABIC : 0.10000E+01 0.0 0.0 0.0  0.31623E-01     0.0     0.0     0.0             29231.77               0.00         -76506.47          72126.71             28.57 0.863E-02 0.555E+00
ABIC : 0.10000E+02 0.0 0.0 0.0  0.31623E-01     0.0     0.0     0.0             25805.75          149587.44          57614.97          72126.71             94.95 0.157E-01 0.101E+01
ABIC : 0.10000E+03 0.0 0.0 0.0  0.31623E-01     0.0     0.0     0.0             29700.80          299174.88         195270.50          72126.71            460.31 0.346E-01 0.223E+01
ABIC : 0.31623E+01 0.0 0.0 0.0  0.31623E-01     0.0     0.0     0.0             26017.39           74793.72          -9857.00          72126.71             46.72 0.110E-01 0.710E+00
ABIC : 0.31623E+02 0.0 0.0 0.0  0.31623E-01     0.0     0.0     0.0             27190.66          224381.16         125986.47          72126.71            206.85 0.232E-01 0.149E+01
ABIC : 0.56234E+01 0.0 0.0 0.0  0.31623E-01     0.0     0.0     0.0             25688.21          112190.58          23770.22          72126.71             65.84 0.131E-01 0.843E+00
ABIC : 0.42170E+01 0.0 0.0 0.0  0.31623E-01     0.0     0.0     0.0             25795.79           93492.16           6930.45          72126.71             55.29 0.120E-01 0.772E+00
ABIC : 0.74989E+01 0.0 0.0 0.0  0.31623E-01     0.0     0.0     0.0             25692.38          130889.01          40664.21          72126.71             78.86 0.143E-01 0.922E+00
alpha2, abic : 0.316E-01      25688.21      25688.21
alpha2, abic : 0.100E+00      25602.70      25602.70
ABIC : 0.10000E+01 0.0 0.0 0.0  0.31623E+00     0.0     0.0     0.0        9999998976.00               0.00         -58743.67          74571.50     9999998976.00 0.100E+11 0.100E+11
ABIC : 0.10000E+02 0.0 0.0 0.0  0.31623E+00     0.0     0.0     0.0             25947.88          149587.44          56276.45          74571.50             86.24 0.150E-01 0.305E+01
ABIC : 0.10000E+03 0.0 0.0 0.0  0.31623E+00     0.0     0.0     0.0             30227.56          299174.88         194286.05          74571.50            419.38 0.331E-01 0.673E+01
ABIC : 0.31623E+01 0.0 0.0 0.0  0.31623E+00     0.0     0.0     0.0             25767.13           74793.72         -11343.43          74571.50             41.41 0.104E-01 0.211E+01
ABIC : 0.17783E+01 0.0 0.0 0.0  0.31623E+00     0.0     0.0     0.0             26335.45           37396.86         -44826.70          74571.50             29.66 0.879E-02 0.179E+01
ABIC : 0.56234E+01 0.0 0.0 0.0  0.31623E+00     0.0     0.0     0.0             25653.17          112190.58          22355.58          74571.50             59.21 0.124E-01 0.253E+01
ABIC : 0.42170E+01 0.0 0.0 0.0  0.31623E+00     0.0     0.0     0.0             25655.86           93492.16           5478.90          74571.50             49.38 0.113E-01 0.231E+01
ABIC : 0.74989E+01 0.0 0.0 0.0  0.31623E+00     0.0     0.0     0.0             25751.29          130889.01          39286.87          74571.50             71.31 0.136E-01 0.277E+01
alpha2, abic : 0.316E+00      25653.17      25602.70
   5.623413      0.1000000       62.87305    
Xdif :     0.0776
Running iteration 6...
 1/x = r2(space)/r1(time) =        3.50   km/sec
ABIC : 0.10000E-01 0.0 0.0 0.0  0.10000E-02     0.0     0.0     0.0        9999998976.00         -299174.88         485104.62          71342.18     9999998976.00 0.100E+11 0.100E+11
ABIC : 0.10000E+00 0.0 0.0 0.0  0.10000E-02     0.0     0.0     0.0        9999998976.00         -149587.44         449490.81          71342.18     9999998976.00 0.100E+11 0.100E+11
ABIC : 0.10000E+01 0.0 0.0 0.0  0.10000E-02     0.0     0.0     0.0        9999998976.00               0.00         -47285.19          71342.18     9999998976.00 0.100E+11 0.100E+11
ABIC : 0.10000E+02 0.0 0.0 0.0  0.10000E-02     0.0     0.0     0.0             27523.21          149587.44          59033.27          71342.18            105.78 0.167E-01 0.190E+00
ABIC : 0.10000E+03 0.0 0.0 0.0  0.10000E-02     0.0     0.0     0.0             31036.51          299174.88         196576.97          71342.18            499.23 0.363E-01 0.413E+00
ABIC : 0.31623E+01 0.0 0.0 0.0  0.10000E-02     0.0     0.0     0.0             28188.55           74793.72          -8398.69          71342.18             54.24 0.120E-01 0.136E+00
ABIC : 0.31623E+02 0.0 0.0 0.0  0.10000E-02     0.0     0.0     0.0             28650.07          224381.16         127354.69          71342.18            225.73 0.244E-01 0.278E+00
ABIC : 0.56234E+01 0.0 0.0 0.0  0.10000E-02     0.0     0.0     0.0             27603.59          112190.58          25209.59          71342.18             74.67 0.140E-01 0.160E+00
ABIC : 0.17783E+02 0.0 0.0 0.0  0.10000E-02     0.0     0.0     0.0             27893.81          186984.31          93081.15          71342.18            153.30 0.201E-01 0.229E+00
ABIC : 0.74989E+01 0.0 0.0 0.0  0.10000E-02     0.0     0.0     0.0             27503.40          130889.01          42093.04          71342.18             88.59 0.153E-01 0.174E+00
alpha2, abic : 0.100E-02      27503.40      27503.40
ABIC : 0.10000E+01 0.0 0.0 0.0  0.10000E-01     0.0     0.0     0.0        9999998976.00               0.00          37030.14          71678.73     9999998976.00 0.100E+11 0.100E+11
ABIC : 0.10000E+02 0.0 0.0 0.0  0.10000E-01     0.0     0.0     0.0             27190.10          149587.44          58863.26          71678.73            100.64 0.163E-01 0.586E+00
ABIC : 0.10000E+03 0.0 0.0 0.0  0.10000E-01     0.0     0.0     0.0             31009.93          299174.88         196448.30          71678.73            487.69 0.359E-01 0.129E+01
ABIC : 0.31623E+01 0.0 0.0 0.0  0.10000E-01     0.0     0.0     0.0             27492.51           74793.72          -8586.21          71678.73             49.86 0.115E-01 0.412E+00
ABIC : 0.31623E+02 0.0 0.0 0.0  0.10000E-01     0.0     0.0     0.0             28525.35          224381.16         127204.19          71678.73            218.84 0.240E-01 0.864E+00
ABIC : 0.56234E+01 0.0 0.0 0.0  0.10000E-01     0.0     0.0     0.0             27109.64          112190.58          25030.42          71678.73             69.97 0.136E-01 0.489E+00
ABIC : 0.42170E+01 0.0 0.0 0.0  0.10000E-01     0.0     0.0     0.0             27239.62           93492.16           8195.25          71678.73             58.86 0.125E-01 0.448E+00
ABIC : 0.74989E+01 0.0 0.0 0.0  0.10000E-01     0.0     0.0     0.0             27094.32          130889.01          41918.36          71678.73             83.69 0.149E-01 0.534E+00
alpha2, abic : 0.100E-01      27094.32      27094.32
ABIC : 0.10000E+01 0.0 0.0 0.0  0.10000E+00     0.0     0.0     0.0        9999998976.00               0.00         -37129.06          73033.95     9999998976.00 0.100E+11 0.100E+11
ABIC : 0.10000E+02 0.0 0.0 0.0  0.10000E+00     0.0     0.0     0.0             27109.58          149587.44          58118.87          73033.95             93.94 0.157E-01 0.179E+01
ABIC : 0.10000E+03 0.0 0.0 0.0  0.10000E+00     0.0     0.0     0.0             31204.59          299174.88         195886.25          73033.95            459.43 0.348E-01 0.396E+01
ABIC : 0.31623E+01 0.0 0.0 0.0  0.10000E+00     0.0     0.0     0.0             27072.86           74793.72          -9406.25          73033.95             45.33 0.109E-01 0.124E+01
ABIC : 0.17783E+01 0.0 0.0 0.0  0.10000E+00     0.0     0.0     0.0             27735.16           37396.86         -42849.93          73033.95             32.65 0.928E-02 0.106E+01
ABIC : 0.56234E+01 0.0 0.0 0.0  0.10000E+00     0.0     0.0     0.0             26880.29          112190.58          24246.46          73033.95             64.60 0.131E-01 0.148E+01
ABIC : 0.42170E+01 0.0 0.0 0.0  0.10000E+00     0.0     0.0     0.0             26920.72           93492.16           7392.81          73033.95             53.96 0.119E-01 0.136E+01
ABIC : 0.74989E+01 0.0 0.0 0.0  0.10000E+00     0.0     0.0     0.0             26944.95          130889.01          41154.21          73033.95             77.73 0.143E-01 0.163E+01
alpha2, abic : 0.100E+00      26880.29      26880.29
ABIC : 0.10000E+01 0.0 0.0 0.0  0.10000E+01     0.0     0.0     0.0        9999998976.00               0.00         -70742.77          77022.55     9999998976.00 0.100E+11 0.100E+11
ABIC : 0.10000E+02 0.0 0.0 0.0  0.10000E+01     0.0     0.0     0.0             27659.96          149587.44          55983.91          77022.55             82.49 0.148E-01 0.531E+01
ABIC : 0.10000E+03 0.0 0.0 0.0  0.10000E+01     0.0     0.0     0.0             32354.91          299174.88         194370.50          77022.55            402.65 0.326E-01 0.117E+02
ABIC : 0.31623E+01 0.0 0.0 0.0  0.10000E+01     0.0     0.0     0.0             27156.08           74793.72         -11805.13          77022.55             39.01 0.101E-01 0.365E+01
ABIC : 0.17783E+01 0.0 0.0 0.0  0.10000E+01     0.0     0.0     0.0             27523.91           37396.86         -45366.07          77022.55             27.60 0.853E-02 0.307E+01
ABIC : 0.56234E+01 0.0 0.0 0.0  0.10000E+01     0.0     0.0     0.0             27215.03          112190.58          21975.52          77022.55             56.28 0.122E-01 0.438E+01
ABIC : 0.23714E+01 0.0 0.0 0.0  0.10000E+01     0.0     0.0     0.0             27283.97           56095.29         -28611.37          77022.55             32.71 0.929E-02 0.334E+01
ABIC : 0.42170E+01 0.0 0.0 0.0  0.10000E+01     0.0     0.0     0.0             27132.79           93492.16           5056.80          77022.55             46.74 0.111E-01 0.399E+01
alpha2, abic : 0.100E+01      27132.79      26880.29
ABIC : 0.10000E-01 0.0 0.0 0.0  0.31623E-01     0.0     0.0     0.0        9999998976.00         -299174.88         480359.66          72148.09     9999998976.00 0.100E+11 0.100E+11
ABIC : 0.10000E+00 0.0 0.0 0.0  0.31623E-01     0.0     0.0     0.0        9999998976.00         -149587.44         442597.75          72148.09     9999998976.00 0.100E+11 0.100E+11
ABIC : 0.10000E+01 0.0 0.0 0.0  0.31623E-01     0.0     0.0     0.0        9999998976.00               0.00         -45758.39          72148.09     9999998976.00 0.100E+11 0.100E+11
ABIC : 0.10000E+02 0.0 0.0 0.0  0.31623E-01     0.0     0.0     0.0             27103.14          149587.44          58608.72          72148.09             97.66 0.161E-01 0.103E+01
ABIC : 0.10000E+03 0.0 0.0 0.0  0.31623E-01     0.0     0.0     0.0             31053.52          299174.88         196254.39          72148.09            476.54 0.355E-01 0.227E+01
ABIC : 0.31623E+01 0.0 0.0 0.0  0.31623E-01     0.0     0.0     0.0             27238.19           74793.72          -8866.03          72148.09             47.70 0.112E-01 0.717E+00
ABIC : 0.31623E+02 0.0 0.0 0.0  0.31623E-01     0.0     0.0     0.0             28531.39          224381.16         126978.23          72148.09            213.72 0.237E-01 0.152E+01
ABIC : 0.56234E+01 0.0 0.0 0.0  0.31623E-01     0.0     0.0     0.0             26947.64          112190.58          24762.24          72148.09             67.48 0.133E-01 0.853E+00
ABIC : 0.42170E+01 0.0 0.0 0.0  0.31623E-01     0.0     0.0     0.0             27033.32           93492.16           7920.90          72148.09             56.55 0.122E-01 0.781E+00
ABIC : 0.74989E+01 0.0 0.0 0.0  0.31623E-01     0.0     0.0     0.0             26973.28          130889.01          41656.90          72148.09             80.99 0.146E-01 0.935E+00
alpha2, abic : 0.316E-01      26947.64      26947.64
alpha2, abic : 0.100E+00      26880.29      26880.29
ABIC : 0.10000E+01 0.0 0.0 0.0  0.31623E+00     0.0     0.0     0.0        9999998976.00               0.00         -50596.07          74569.40     9999998976.00 0.100E+11 0.100E+11
ABIC : 0.10000E+02 0.0 0.0 0.0  0.31623E+00     0.0     0.0     0.0             27263.83          149587.44          57277.37          74569.40             89.01 0.153E-01 0.310E+01
ABIC : 0.10000E+03 0.0 0.0 0.0  0.31623E+00     0.0     0.0     0.0             31579.74          299174.88         195273.19          74569.40            435.03 0.339E-01 0.685E+01
ABIC : 0.31623E+01 0.0 0.0 0.0  0.31623E+00     0.0     0.0     0.0             27025.74           74793.72         -10345.00          74569.40             42.51 0.106E-01 0.214E+01
ABIC : 0.17783E+01 0.0 0.0 0.0  0.31623E+00     0.0     0.0     0.0             27555.82           37396.86         -43830.70          74569.40             30.34 0.895E-02 0.181E+01
ABIC : 0.56234E+01 0.0 0.0 0.0  0.31623E+00     0.0     0.0     0.0             26940.84          112190.58          23355.71          74569.40             60.94 0.127E-01 0.256E+01
ABIC : 0.42170E+01 0.0 0.0 0.0  0.31623E+00     0.0     0.0     0.0             26931.65           93492.16           6478.18          74569.40             50.78 0.116E-01 0.234E+01
alpha2, abic : 0.316E+00      26931.65      26880.29
   5.623413      0.1000000       64.58887    
Xdif :     0.0325
Running iteration 7...
 1/x = r2(space)/r1(time) =        3.50   km/sec
ABIC : 0.10000E-01 0.0 0.0 0.0  0.10000E-02     0.0     0.0     0.0        9999998976.00         -299174.88         486003.69          71364.64     9999998976.00 0.100E+11 0.100E+11
ABIC : 0.10000E+00 0.0 0.0 0.0  0.10000E-02     0.0     0.0     0.0        9999998976.00         -149587.44         448524.47          71364.64     9999998976.00 0.100E+11 0.100E+11
ABIC : 0.10000E+01 0.0 0.0 0.0  0.10000E-02     0.0     0.0     0.0        9999998976.00               0.00         -60837.52          71364.64     9999998976.00 0.100E+11 0.100E+11
ABIC : 0.10000E+02 0.0 0.0 0.0  0.10000E-02     0.0     0.0     0.0             31819.03          149587.44          62944.23          71364.64            109.68 0.170E-01 0.193E+00
ABIC : 0.10000E+03 0.0 0.0 0.0  0.10000E-02     0.0     0.0     0.0             35480.09          299174.88         200578.05          71364.64            520.59 0.371E-01 0.421E+00
ABIC : 0.31623E+01 0.0 0.0 0.0  0.10000E-02     0.0     0.0     0.0             32357.99           74793.72          -4529.41          71364.64             55.77 0.122E-01 0.138E+00
ABIC : 0.31623E+02 0.0 0.0 0.0  0.10000E-02     0.0     0.0     0.0             33039.45          224381.16         131310.88          71364.64            235.17 0.250E-01 0.283E+00
ABIC : 0.56234E+01 0.0 0.0 0.0  0.10000E-02     0.0     0.0     0.0             31841.41          112190.58          29098.69          71364.64             77.14 0.143E-01 0.162E+00
ABIC : 0.17783E+02 0.0 0.0 0.0  0.10000E-02     0.0     0.0     0.0             32242.13          186984.31          97014.90          71364.64            159.41 0.206E-01 0.233E+00
ABIC : 0.74989E+01 0.0 0.0 0.0  0.10000E-02     0.0     0.0     0.0             31769.39          130889.01          45993.38          71364.64             91.68 0.156E-01 0.177E+00
alpha2, abic : 0.100E-02      31769.39      31769.39
ABIC : 0.10000E+01 0.0 0.0 0.0  0.10000E-01     0.0     0.0     0.0        9999998976.00               0.00         -48067.14          71697.83     9999998976.00 0.100E+11 0.100E+11
ABIC : 0.10000E+02 0.0 0.0 0.0  0.10000E-01     0.0     0.0     0.0             31513.27          149587.44          62775.52          71697.83            104.65 0.167E-01 0.598E+00
ABIC : 0.10000E+03 0.0 0.0 0.0  0.10000E-01     0.0     0.0     0.0             35462.09          299174.88         200450.72          71697.83            509.10 0.367E-01 0.132E+01
ABIC : 0.31623E+01 0.0 0.0 0.0  0.10000E-01     0.0     0.0     0.0             31701.45           74793.72          -4716.59          71697.83             51.48 0.117E-01 0.419E+00
ABIC : 0.31623E+02 0.0 0.0 0.0  0.10000E-01     0.0     0.0     0.0             32929.39          224381.16         131161.62          71697.83            228.38 0.246E-01 0.883E+00
ABIC : 0.56234E+01 0.0 0.0 0.0  0.10000E-01     0.0     0.0     0.0             31380.98          112190.58          28920.68          71697.83             72.54 0.139E-01 0.498E+00
ABIC : 0.42170E+01 0.0 0.0 0.0  0.10000E-01     0.0     0.0     0.0             31482.52           93492.16          12074.24          71697.83             60.92 0.127E-01 0.456E+00
ABIC : 0.74989E+01 0.0 0.0 0.0  0.10000E-01     0.0     0.0     0.0             31392.38          130889.01          45819.29          71697.83             86.91 0.152E-01 0.545E+00
alpha2, abic : 0.100E-01      31380.98      31380.98
ABIC : 0.10000E+01 0.0 0.0 0.0  0.10000E+00     0.0     0.0     0.0        9999998976.00               0.00         -45843.87          73043.75     9999998976.00 0.100E+11 0.100E+11
ABIC : 0.10000E+02 0.0 0.0 0.0  0.10000E+00     0.0     0.0     0.0             31456.23          149587.44          62037.03          73043.75             97.94 0.161E-01 0.183E+01
ABIC : 0.10000E+03 0.0 0.0 0.0  0.10000E+00     0.0     0.0     0.0             35669.20          299174.88         199895.61          73043.75            480.30 0.357E-01 0.405E+01
ABIC : 0.31623E+01 0.0 0.0 0.0  0.10000E+00     0.0     0.0     0.0             31317.02           74793.72          -5531.67          73043.75             46.99 0.112E-01 0.127E+01
ABIC : 0.17783E+01 0.0 0.0 0.0  0.10000E+00     0.0     0.0     0.0             31909.21           37396.86         -38997.48          73043.75             33.68 0.945E-02 0.107E+01
ABIC : 0.56234E+01 0.0 0.0 0.0  0.10000E+00     0.0     0.0     0.0             31179.53          112190.58          28142.09          73043.75             67.19 0.133E-01 0.151E+01
ABIC : 0.42170E+01 0.0 0.0 0.0  0.10000E+00     0.0     0.0     0.0             31192.38           93492.16          11277.54          73043.75             56.03 0.122E-01 0.138E+01
ABIC : 0.74989E+01 0.0 0.0 0.0  0.10000E+00     0.0     0.0     0.0             31269.35          130889.01          45060.93          73043.75             80.96 0.146E-01 0.166E+01
alpha2, abic : 0.100E+00      31179.53      31179.53
ABIC : 0.10000E+01 0.0 0.0 0.0  0.10000E+01     0.0     0.0     0.0        9999998976.00               0.00         -43141.41          77011.66     9999998976.00 0.100E+11 0.100E+11
ABIC : 0.10000E+02 0.0 0.0 0.0  0.10000E+01     0.0     0.0     0.0             32043.38          149587.44          59922.59          77011.66             86.32 0.151E-01 0.543E+01
ABIC : 0.10000E+03 0.0 0.0 0.0  0.10000E+01     0.0     0.0     0.0             36847.46          299174.88         198403.45          77011.66            422.00 0.334E-01 0.120E+02
ABIC : 0.31623E+01 0.0 0.0 0.0  0.10000E+01     0.0     0.0     0.0             31448.58           74793.72          -7913.13          77011.66             40.64 0.104E-01 0.372E+01
ABIC : 0.17783E+01 0.0 0.0 0.0  0.10000E+01     0.0     0.0     0.0             31757.47           37396.86         -41497.95          77011.66             28.66 0.871E-02 0.313E+01
ABIC : 0.56234E+01 0.0 0.0 0.0  0.10000E+01     0.0     0.0     0.0             31554.54          112190.58          25890.97          77011.66             58.77 0.125E-01 0.448E+01
ABIC : 0.23714E+01 0.0 0.0 0.0  0.10000E+01     0.0     0.0     0.0             31553.17           56095.29         -24730.58          77011.66             34.04 0.950E-02 0.341E+01
ABIC : 0.42170E+01 0.0 0.0 0.0  0.10000E+01     0.0     0.0     0.0             31449.47           93492.16           8960.25          77011.66             48.76 0.114E-01 0.408E+01
alpha2, abic : 0.100E+01      31448.58      31179.53
ABIC : 0.10000E-01 0.0 0.0 0.0  0.31623E-01     0.0     0.0     0.0        9999998976.00         -299174.88         482527.56          72163.65     9999998976.00 0.100E+11 0.100E+11
ABIC : 0.10000E+00 0.0 0.0 0.0  0.31623E-01     0.0     0.0     0.0        9999998976.00         -149587.44         442484.69          72163.65     9999998976.00 0.100E+11 0.100E+11
ABIC : 0.10000E+01 0.0 0.0 0.0  0.31623E-01     0.0     0.0     0.0        9999998976.00               0.00          91130.06          72163.65     9999998976.00 0.100E+11 0.100E+11
ABIC : 0.10000E+02 0.0 0.0 0.0  0.31623E-01     0.0     0.0     0.0             31438.86          149587.44          62522.85          72163.65            101.69 0.164E-01 0.105E+01
ABIC : 0.10000E+03 0.0 0.0 0.0  0.31623E-01     0.0     0.0     0.0             35510.88          299174.88         200259.05          72163.65            497.78 0.363E-01 0.232E+01
ABIC : 0.31623E+01 0.0 0.0 0.0  0.31623E-01     0.0     0.0     0.0             31466.39           74793.72          -4994.81          72163.65             49.35 0.114E-01 0.730E+00
ABIC : 0.31623E+02 0.0 0.0 0.0  0.31623E-01     0.0     0.0     0.0             32943.04          224381.16         130937.80          72163.65            223.23 0.243E-01 0.155E+01
ABIC : 0.56234E+01 0.0 0.0 0.0  0.31623E-01     0.0     0.0     0.0             31236.50          112190.58          28655.03          72163.65             70.09 0.136E-01 0.870E+00
ABIC : 0.42170E+01 0.0 0.0 0.0  0.31623E-01     0.0     0.0     0.0             31293.87           93492.16          11802.24          72163.65             58.64 0.125E-01 0.795E+00
ABIC : 0.74989E+01 0.0 0.0 0.0  0.31623E-01     0.0     0.0     0.0             31284.02          130889.01          45560.63          72163.65             84.21 0.149E-01 0.953E+00
alpha2, abic : 0.316E-01      31236.50      31236.50
alpha2, abic : 0.100E+00      31179.53      31179.53
ABIC : 0.10000E+01 0.0 0.0 0.0  0.31623E+00     0.0     0.0     0.0        9999998976.00               0.00         -47869.23          74570.41     9999998976.00 0.100E+11 0.100E+11
ABIC : 0.10000E+02 0.0 0.0 0.0  0.31623E+00     0.0     0.0     0.0             31625.58          149587.44          61203.49          74570.41             92.96 0.157E-01 0.317E+01
ABIC : 0.10000E+03 0.0 0.0 0.0  0.31623E+00     0.0     0.0     0.0             36055.91          299174.88         199291.61          74570.41            455.30 0.347E-01 0.701E+01
ABIC : 0.31623E+01 0.0 0.0 0.0  0.31623E+00     0.0     0.0     0.0             31297.89           74793.72          -6461.50          74570.41             44.19 0.108E-01 0.218E+01
ABIC : 0.17783E+01 0.0 0.0 0.0  0.31623E+00     0.0     0.0     0.0             31767.87           37396.86         -39969.12          74570.41             31.42 0.912E-02 0.184E+01
ABIC : 0.56234E+01 0.0 0.0 0.0  0.31623E+00     0.0     0.0     0.0             31259.39          112190.58          27259.07          74570.41             63.51 0.130E-01 0.262E+01
ABIC : 0.42170E+01 0.0 0.0 0.0  0.31623E+00     0.0     0.0     0.0             31225.44           93492.16          10370.82          74570.41             52.84 0.118E-01 0.239E+01
alpha2, abic : 0.316E+00      31225.44      31179.53
   5.623413      0.1000000       67.17969    
Xdif :     0.0203
Done.
                                
 1/x = r2(space)/r1(time) =        3.50   km/sec
 Synthetic and Observed waveforms saved to wave.syn/ directory.
 Calculating 0.1s synthetics...
 0.1s Synthetic and Observed waveforms saved to wave.syn/*.syn01/*.obs01
check:      0.0000      0.0000      0.0000   0.00228          55.7
 Seismic Moment :  0.2120E+23 [Nm],  Mw :  8.82
  
  Total Slip for each sub-fault 
  
 9.94 14.81 19.35 20.92 19.35 15.10 11.68 10.09 13.58 18.33 22.06 25.55 25.82 22.84 19.95 15.67 12.40  9.21  6.28  4.25  3.26  1.58
10.53 16.41 19.68 19.74 18.10 14.07 11.24 10.51 12.60 15.89 19.97 23.36 23.57 20.90 17.91 14.34 10.91  8.21  5.30  3.05  2.46  1.32
10.48 17.44 20.34 18.52 15.42 11.87  9.46  9.81 10.66 12.21 15.66 18.50 18.77 16.40 13.24 11.29  8.48  6.40  4.31  2.59  1.80  1.01
10.68 17.95 19.08 16.89 12.38  8.78  6.76  7.30  6.84  7.30  9.75 12.04 12.85 11.44  9.98  8.97  6.09  5.17  3.79  2.73  2.06  1.24
 9.70 16.86 20.15 14.99  9.25  4.68  3.20  3.29  2.94  3.41  5.24  8.26  9.65  9.51  7.92  6.59  4.80  4.14  4.00  3.77  2.79  1.61
 9.48 13.58 13.87 11.81  7.98  5.76  6.00  5.52  5.02  5.35  6.33  8.53 10.21  9.51  7.83  5.24  4.73  4.37  4.27  4.03  3.10  1.86
 7.44 10.77  9.31  9.08  8.50  7.17  7.46  7.14  7.39  6.35  7.64 10.10 11.08  9.69  7.35  5.05  4.61  5.23  4.37  4.37  3.26  1.72
 4.04  6.21  5.77  6.90  6.67  5.62  5.22  4.88  5.18  4.57  4.79  7.31  7.58  6.23  5.21  4.38  3.44  3.88  2.90  2.94  2.35  1.02

