  basis double couple component. 
strike:     0.0  135.0  180.0   90.0   90.0    0.0
dip:       90.0   90.0   90.0   90.0   45.0  500.0
rake:       0.0    0.0   90.0   90.0   90.0    0.0
 Inital Slip Model : Uniform slip Model 
 N_model:    86805 , min_jtn:  59/ 109 , st_max:200.0
Running iteration 1...
 1/x = r2(space)/r1(time) =        3.50   km/sec
ABIC : 0.10000E-01 0.0 0.0 0.0  0.10000E-02     0.0     0.0     0.0        9999998976.00         -399751.81        1172656.12          69139.25     9999998976.00 0.100E+11 0.100E+11
ABIC : 0.10000E+00 0.0 0.0 0.0  0.10000E-02     0.0     0.0     0.0        9999998976.00         -199875.91        1149908.62          69139.25     9999998976.00 0.100E+11 0.100E+11
ABIC : 0.10000E+01 0.0 0.0 0.0  0.10000E-02     0.0     0.0     0.0        9999998976.00               0.00         971798.56          69139.25     9999998976.00 0.100E+11 0.100E+11
ABIC : 0.10000E+02 0.0 0.0 0.0  0.10000E-02     0.0     0.0     0.0        9999998976.00          199875.91         702531.31          69139.25     9999998976.00 0.100E+11 0.100E+11
ABIC : 0.10000E+03 0.0 0.0 0.0  0.10000E-02     0.0     0.0     0.0        9999998976.00          399751.81         605578.50          69139.25     9999998976.00 0.100E+11 0.100E+11
ABIC : 0.10000E+04 0.0 0.0 0.0  0.10000E-02     0.0     0.0     0.0            135326.09          599627.69         554197.88          69139.25           7395.78 0.130E+00 0.834E+00
ABIC : 0.10000E+05 0.0 0.0 0.0  0.10000E-02     0.0     0.0     0.0            139174.56          799503.62         746064.38          69139.25          19055.34 0.209E+00 0.134E+01
ABIC : 0.31623E+03 0.0 0.0 0.0  0.10000E-02     0.0     0.0     0.0            135857.69          499689.72         460137.91          69139.25           4826.81 0.105E+00 0.673E+00
ABIC : 0.31623E+04 0.0 0.0 0.0  0.10000E-02     0.0     0.0     0.0            136464.94          699565.62         649497.69          69139.25          11728.22 0.164E+00 0.105E+01
ABIC : 0.56234E+03 0.0 0.0 0.0  0.10000E-02     0.0     0.0     0.0            135394.16          549658.75         507020.50          69139.25           5950.84 0.117E+00 0.748E+00
ABIC : 0.17783E+04 0.0 0.0 0.0  0.10000E-02     0.0     0.0     0.0            135681.06          649596.69         601687.00          69139.25           9273.61 0.146E+00 0.934E+00
ABIC : 0.74989E+03 0.0 0.0 0.0  0.10000E-02     0.0     0.0     0.0            135307.69          574643.19         530570.69          69139.25           6626.69 0.123E+00 0.789E+00
alpha2, abic : 0.100E-02     135307.69     135307.69
ABIC : 0.10000E+03 0.0 0.0 0.0  0.10000E-01     0.0     0.0     0.0        9999998976.00          399751.81         573570.88          70283.01     9999998976.00 0.100E+11 0.100E+11
ABIC : 0.10000E+04 0.0 0.0 0.0  0.10000E-01     0.0     0.0     0.0            134151.84          599627.69         553421.25          70283.01           6539.66 0.123E+00 0.248E+01
ABIC : 0.10000E+05 0.0 0.0 0.0  0.10000E-01     0.0     0.0     0.0            136767.50          799503.62         745527.88          70283.01          14980.66 0.186E+00 0.375E+01
ABIC : 0.31623E+03 0.0 0.0 0.0  0.10000E-01     0.0     0.0     0.0            134845.00          499689.72         459281.34          70283.01           4351.14 0.100E+00 0.202E+01
ABIC : 0.31623E+04 0.0 0.0 0.0  0.10000E-01     0.0     0.0     0.0            134840.62          699565.62         648832.31          70283.01           9916.21 0.151E+00 0.305E+01
ABIC : 0.56234E+03 0.0 0.0 0.0  0.10000E-01     0.0     0.0     0.0            134323.50          549658.75         506199.00          70283.01           5324.72 0.111E+00 0.224E+01
ABIC : 0.17783E+04 0.0 0.0 0.0  0.10000E-01     0.0     0.0     0.0            134328.44          649596.69         600962.69          70283.01           8050.52 0.136E+00 0.275E+01
ABIC : 0.74989E+03 0.0 0.0 0.0  0.10000E-01     0.0     0.0     0.0            134193.16          574643.19         529770.69          70283.01           5898.59 0.116E+00 0.235E+01
ABIC : 0.13335E+04 0.0 0.0 0.0  0.10000E-01     0.0     0.0     0.0            134196.88          624612.19         577150.81          70283.01           7254.65 0.129E+00 0.261E+01
alpha2, abic : 0.100E-01     134151.84     134151.84
ABIC : 0.10000E+03 0.0 0.0 0.0  0.10000E+00     0.0     0.0     0.0            135688.97          399751.81         364405.78          73032.79           2494.96 0.757E-01 0.484E+01
ABIC : 0.10000E+04 0.0 0.0 0.0  0.10000E+00     0.0     0.0     0.0            132775.59          599627.69         552054.38          73032.79           5247.03 0.110E+00 0.702E+01
ABIC : 0.10000E+05 0.0 0.0 0.0  0.10000E+00     0.0     0.0     0.0            135032.84          799503.62         744773.44          73032.79          11123.39 0.160E+00 0.102E+02
ABIC : 0.31623E+03 0.0 0.0 0.0  0.10000E+00     0.0     0.0     0.0            133586.22          499689.72         457626.19          73032.79           3606.01 0.910E-01 0.582E+01
ABIC : 0.31623E+04 0.0 0.0 0.0  0.10000E+00     0.0     0.0     0.0            133301.97          699565.62         647780.75          73032.79           7658.54 0.133E+00 0.848E+01
ABIC : 0.56234E+03 0.0 0.0 0.0  0.10000E+00     0.0     0.0     0.0            133013.81          549658.75         504682.06          73032.79           4346.75 0.999E-01 0.639E+01
ABIC : 0.17783E+04 0.0 0.0 0.0  0.10000E+00     0.0     0.0     0.0            132873.84          649596.69         599753.12          73032.79           6338.90 0.121E+00 0.772E+01
ABIC : 0.74989E+03 0.0 0.0 0.0  0.10000E+00     0.0     0.0     0.0            132852.59          574643.19         528327.81          73032.79           4775.06 0.105E+00 0.670E+01
ABIC : 0.13335E+04 0.0 0.0 0.0  0.10000E+00     0.0     0.0     0.0            132782.66          624612.19         575862.38          73032.79           5766.88 0.115E+00 0.736E+01
alpha2, abic : 0.100E+00     132775.59     132775.59
ABIC : 0.10000E+03 0.0 0.0 0.0  0.10000E+01     0.0     0.0     0.0            134230.97          399751.81         361018.50          79294.72           1765.56 0.637E-01 0.129E+02
ABIC : 0.10000E+04 0.0 0.0 0.0  0.10000E+01     0.0     0.0     0.0            132054.84          599627.69         549976.81          79294.72           3547.21 0.903E-01 0.183E+02
ABIC : 0.10000E+05 0.0 0.0 0.0  0.10000E+01     0.0     0.0     0.0            135016.16          799503.62         743821.44          79294.72           7271.07 0.129E+00 0.261E+02
ABIC : 0.31623E+03 0.0 0.0 0.0  0.10000E+01     0.0     0.0     0.0            132445.44          499689.72         454879.53          79294.72           2486.76 0.756E-01 0.153E+02
ABIC : 0.31623E+04 0.0 0.0 0.0  0.10000E+01     0.0     0.0     0.0            133037.09          699565.62         646321.00          79294.72           5110.98 0.108E+00 0.219E+02
ABIC : 0.56234E+03 0.0 0.0 0.0  0.10000E+01     0.0     0.0     0.0            132071.12          549658.75         502271.41          79294.72           2964.77 0.825E-01 0.167E+02
ABIC : 0.17783E+04 0.0 0.0 0.0  0.10000E+01     0.0     0.0     0.0            132387.84          649596.69         597995.69          79294.72           4256.25 0.989E-01 0.200E+02
ABIC : 0.74989E+03 0.0 0.0 0.0  0.10000E+01     0.0     0.0     0.0            132018.41          574643.19         526084.88          79294.72           3241.54 0.863E-01 0.175E+02
alpha2, abic : 0.100E+01     132018.41     132018.41
ABIC : 0.10000E+03 0.0 0.0 0.0  0.10000E+02     0.0     0.0     0.0            134111.19          399751.81         355960.31          91715.21            971.69 0.472E-01 0.302E+02
ABIC : 0.10000E+04 0.0 0.0 0.0  0.10000E+02     0.0     0.0     0.0            134017.16          599627.69         547156.31          91715.21           1928.15 0.666E-01 0.426E+02
ABIC : 0.10000E+05 0.0 0.0 0.0  0.10000E+02     0.0     0.0     0.0            137901.66          799503.62         742692.94          91715.21           3717.10 0.924E-01 0.591E+02
ABIC : 0.31623E+03 0.0 0.0 0.0  0.10000E+02     0.0     0.0     0.0            133351.88          499689.72         450974.78          91715.21           1354.78 0.558E-01 0.357E+02
ABIC : 0.17783E+03 0.0 0.0 0.0  0.10000E+02     0.0     0.0     0.0            133548.16          449720.78         403320.62          91715.21           1144.03 0.513E-01 0.328E+02
ABIC : 0.56234E+03 0.0 0.0 0.0  0.10000E+02     0.0     0.0     0.0            133518.81          549658.75         498921.38          91715.21           1613.47 0.609E-01 0.389E+02
ABIC : 0.23714E+03 0.0 0.0 0.0  0.10000E+02     0.0     0.0     0.0            133403.78          474705.28         427111.03          91715.21           1244.01 0.535E-01 0.342E+02
ABIC : 0.42170E+03 0.0 0.0 0.0  0.10000E+02     0.0     0.0     0.0            133391.09          524674.25         474911.62          91715.21           1477.56 0.583E-01 0.373E+02
alpha2, abic : 0.100E+02     133351.88     132018.41
ABIC : 0.10000E-01 0.0 0.0 0.0  0.31623E+00     0.0     0.0     0.0        9999998976.00         -399751.81         981507.31          75563.36     9999998976.00 0.100E+11 0.100E+11
ABIC : 0.10000E+00 0.0 0.0 0.0  0.31623E+00     0.0     0.0     0.0        9999998976.00         -199875.91         961558.38          75563.36     9999998976.00 0.100E+11 0.100E+11
ABIC : 0.10000E+01 0.0 0.0 0.0  0.31623E+00     0.0     0.0     0.0        9999998976.00               0.00         246405.62          75563.36     9999998976.00 0.100E+11 0.100E+11
ABIC : 0.10000E+02 0.0 0.0 0.0  0.31623E+00     0.0     0.0     0.0        9999998976.00          199875.91         360487.09          75563.36     9999998976.00 0.100E+11 0.100E+11
ABIC : 0.10000E+03 0.0 0.0 0.0  0.31623E+00     0.0     0.0     0.0            134918.67          399751.81         362925.22          75563.36           2157.58 0.704E-01 0.801E+01
ABIC : 0.10000E+04 0.0 0.0 0.0  0.31623E+00     0.0     0.0     0.0            132218.42          599627.69         551110.50          75563.36           4421.81 0.101E+00 0.115E+02
ABIC : 0.10000E+05 0.0 0.0 0.0  0.31623E+00     0.0     0.0     0.0            134729.80          799503.62         744325.62          75563.36           9194.71 0.145E+00 0.165E+02
ABIC : 0.31623E+03 0.0 0.0 0.0  0.31623E+00     0.0     0.0     0.0            132901.20          499689.72         456400.69          75563.36           3076.41 0.841E-01 0.956E+01
ABIC : 0.31623E+04 0.0 0.0 0.0  0.31623E+00     0.0     0.0     0.0            132899.67          699565.62         647106.94          75563.36           6394.98 0.121E+00 0.138E+02
ABIC : 0.56234E+03 0.0 0.0 0.0  0.31623E+00     0.0     0.0     0.0            132387.23          549658.75         503596.09          75563.36           3684.43 0.920E-01 0.105E+02
ABIC : 0.17783E+04 0.0 0.0 0.0  0.31623E+00     0.0     0.0     0.0            132393.86          649596.69         598948.12          75563.36           5315.71 0.111E+00 0.126E+02
ABIC : 0.74989E+03 0.0 0.0 0.0  0.31623E+00     0.0     0.0     0.0            132259.39          574643.19         527312.94          75563.36           4035.32 0.963E-01 0.110E+02
ABIC : 0.13335E+04 0.0 0.0 0.0  0.31623E+00     0.0     0.0     0.0            132263.30          624612.19         574988.62          75563.36           4847.37 0.106E+00 0.120E+02
alpha2, abic : 0.316E+00     132218.42     132218.42
alpha2, abic : 0.100E+01     132018.41     132018.41
ABIC : 0.10000E+03 0.0 0.0 0.0  0.31623E+01     0.0     0.0     0.0            133893.88          399751.81         358683.56          84580.20           1358.07 0.559E-01 0.201E+02
ABIC : 0.10000E+04 0.0 0.0 0.0  0.31623E+01     0.0     0.0     0.0            132594.50          599627.69         548646.94          84580.20           2700.72 0.788E-01 0.283E+02
ABIC : 0.10000E+05 0.0 0.0 0.0  0.31623E+01     0.0     0.0     0.0            136058.06          799503.62         743267.12          84580.20           5416.51 0.112E+00 0.401E+02
ABIC : 0.31623E+03 0.0 0.0 0.0  0.31623E+01     0.0     0.0     0.0            132518.66          499689.72         453060.50          84580.20           1896.76 0.660E-01 0.237E+02
ABIC : 0.17783E+03 0.0 0.0 0.0  0.31623E+01     0.0     0.0     0.0            133029.16          449720.78         405721.31          84580.20           1601.60 0.607E-01 0.218E+02
ABIC : 0.56234E+03 0.0 0.0 0.0  0.31623E+01     0.0     0.0     0.0            132375.19          549658.75         500702.53          84580.20           2257.88 0.720E-01 0.259E+02
ABIC : 0.42170E+03 0.0 0.0 0.0  0.31623E+01     0.0     0.0     0.0            132400.78          524674.25         476843.62          84580.20           2068.10 0.689E-01 0.248E+02
ABIC : 0.74989E+03 0.0 0.0 0.0  0.31623E+01     0.0     0.0     0.0            132440.88          574643.19         524637.12          84580.20           2468.13 0.753E-01 0.271E+02
alpha2, abic : 0.316E+01     132375.19     132018.41
   749.8942       1.000000       3241.543    
Running iteration 2...
 1/x = r2(space)/r1(time) =        3.50   km/sec
ABIC : 0.10000E-01 0.0 0.0 0.0  0.10000E-02     0.0     0.0     0.0        9999998976.00         -399751.81         861962.62          73021.43     9999998976.00 0.100E+11 0.100E+11
ABIC : 0.10000E+00 0.0 0.0 0.0  0.10000E-02     0.0     0.0     0.0        9999998976.00         -199875.91         294012.91          73021.43     9999998976.00 0.100E+11 0.100E+11
ABIC : 0.10000E+01 0.0 0.0 0.0  0.10000E-02     0.0     0.0     0.0        9999998976.00               0.00         382800.47          73021.43     9999998976.00 0.100E+11 0.100E+11
ABIC : 0.10000E+02 0.0 0.0 0.0  0.10000E-02     0.0     0.0     0.0            121613.05          199875.91         157822.02          73021.43           1386.94 0.989E-01 0.361E+00
ABIC : 0.10000E+03 0.0 0.0 0.0  0.10000E-02     0.0     0.0     0.0            111850.84          399751.81         340660.72          73021.43           2478.74 0.132E+00 0.483E+00
ABIC : 0.10000E+04 0.0 0.0 0.0  0.10000E-02     0.0     0.0     0.0            106307.99          599627.69         527569.25          73021.43           4483.21 0.178E+00 0.649E+00
ABIC : 0.10000E+05 0.0 0.0 0.0  0.10000E-02     0.0     0.0     0.0            106157.68          799503.62         719318.69          73021.43           8473.61 0.244E+00 0.892E+00
ABIC : 0.10000E+06 0.0 0.0 0.0  0.10000E-02     0.0     0.0     0.0            108304.43          999379.44         915768.69          73021.43          13219.96 0.305E+00 0.111E+01
ABIC : 0.31623E+04 0.0 0.0 0.0  0.10000E-02     0.0     0.0     0.0            105662.30          699565.62         622788.88          73021.43           6205.23 0.209E+00 0.764E+00
ABIC : 0.17783E+04 0.0 0.0 0.0  0.10000E-02     0.0     0.0     0.0            105813.62          649596.69         575018.00          73021.43           5270.01 0.193E+00 0.704E+00
ABIC : 0.56234E+04 0.0 0.0 0.0  0.10000E-02     0.0     0.0     0.0            105800.12          749534.62         670890.00          73021.43           7282.54 0.227E+00 0.827E+00
ABIC : 0.23714E+04 0.0 0.0 0.0  0.10000E-02     0.0     0.0     0.0            105697.80          674581.12         598862.31          73021.43           5718.97 0.201E+00 0.733E+00
ABIC : 0.42170E+04 0.0 0.0 0.0  0.10000E-02     0.0     0.0     0.0            105698.87          724550.19         646797.81          73021.43           6727.35 0.218E+00 0.795E+00
alpha2, abic : 0.100E-02     105662.30     105662.30
ABIC : 0.10000E+04 0.0 0.0 0.0  0.10000E-01     0.0     0.0     0.0            105956.57          599627.69         527386.50          73479.95           4264.31 0.173E+00 0.200E+01
ABIC : 0.10000E+05 0.0 0.0 0.0  0.10000E-01     0.0     0.0     0.0            105776.51          799503.62         719235.88          73479.95           7976.89 0.237E+00 0.274E+01
ABIC : 0.10000E+06 0.0 0.0 0.0  0.10000E-01     0.0     0.0     0.0            107865.57          999379.44         915749.38          73479.95          12325.20 0.295E+00 0.340E+01
ABIC : 0.31623E+04 0.0 0.0 0.0  0.10000E-01     0.0     0.0     0.0            105315.76          699565.62         622656.38          73479.95           5880.92 0.204E+00 0.235E+01
ABIC : 0.17783E+04 0.0 0.0 0.0  0.10000E-01     0.0     0.0     0.0            105470.45          649596.69         574859.88          73479.95           5006.15 0.188E+00 0.217E+01
ABIC : 0.56234E+04 0.0 0.0 0.0  0.10000E-01     0.0     0.0     0.0            105439.76          749534.62         670783.12          73479.95           6880.22 0.220E+00 0.254E+01
ABIC : 0.23714E+04 0.0 0.0 0.0  0.10000E-01     0.0     0.0     0.0            105354.51          674581.12         598717.00          73479.95           5427.01 0.196E+00 0.226E+01
ABIC : 0.42170E+04 0.0 0.0 0.0  0.10000E-01     0.0     0.0     0.0            105346.51          724550.19         646678.19          73479.95           6366.26 0.212E+00 0.245E+01
alpha2, abic : 0.100E-01     105315.76     105315.76
ABIC : 0.10000E+04 0.0 0.0 0.0  0.10000E+00     0.0     0.0     0.0            105452.43          599627.69         526703.31          75319.59           3734.96 0.162E+00 0.592E+01
ABIC : 0.10000E+05 0.0 0.0 0.0  0.10000E+00     0.0     0.0     0.0            105478.34          799503.62         718953.44          75319.59           6878.90 0.220E+00 0.804E+01
ABIC : 0.10000E+02 0.0 0.0 0.0  0.10000E+00     0.0     0.0     0.0            120109.91          199875.91         156245.20          75319.59           1161.32 0.905E-01 0.330E+01
ABIC : 0.10000E+03 0.0 0.0 0.0  0.10000E+00     0.0     0.0     0.0            110600.12          399751.81         339366.75          75319.59           2070.48 0.121E+00 0.441E+01
ABIC : 0.10000E+04 0.0 0.0 0.0  0.10000E+00     0.0     0.0     0.0            105452.43          599627.69         526703.31          75319.59           3734.96 0.162E+00 0.592E+01
ABIC : 0.10000E+05 0.0 0.0 0.0  0.10000E+00     0.0     0.0     0.0            105478.34          799503.62         718953.44          75319.59           6878.90 0.220E+00 0.804E+01
ABIC : 0.31623E+03 0.0 0.0 0.0  0.10000E+00     0.0     0.0     0.0            107350.27          499689.72         432470.09          75319.59           2756.30 0.139E+00 0.509E+01
ABIC : 0.31623E+04 0.0 0.0 0.0  0.10000E+00     0.0     0.0     0.0            104931.02          699565.62         622182.81          75319.59           5113.94 0.190E+00 0.693E+01
ABIC : 0.17783E+04 0.0 0.0 0.0  0.10000E+00     0.0     0.0     0.0            105031.71          649596.69         574281.19          75319.59           4371.07 0.176E+00 0.641E+01
ABIC : 0.56234E+04 0.0 0.0 0.0  0.10000E+00     0.0     0.0     0.0            105100.71          749534.62         670410.12          75319.59           5956.76 0.205E+00 0.748E+01
ABIC : 0.23714E+04 0.0 0.0 0.0  0.10000E+00     0.0     0.0     0.0            104944.02          674581.12         598191.06          75319.59           4729.28 0.183E+00 0.667E+01
ABIC : 0.42170E+04 0.0 0.0 0.0  0.10000E+00     0.0     0.0     0.0            104985.40          724550.19         646255.81          75319.59           5523.81 0.197E+00 0.720E+01
alpha2, abic : 0.100E+00     104931.02     104931.02
ABIC : 0.10000E+03 0.0 0.0 0.0  0.10000E+01     0.0     0.0     0.0            109532.41          399751.81         336740.12          80635.28           1534.08 0.104E+00 0.120E+02
ABIC : 0.10000E+04 0.0 0.0 0.0  0.10000E+01     0.0     0.0     0.0            105539.12          599627.69         525140.81          80635.28           2787.37 0.140E+00 0.162E+02
ABIC : 0.10000E+05 0.0 0.0 0.0  0.10000E+01     0.0     0.0     0.0            106564.09          799503.62         718356.75          80635.28           5147.29 0.191E+00 0.220E+02
ABIC : 0.31623E+03 0.0 0.0 0.0  0.10000E+01     0.0     0.0     0.0            106846.59          499689.72         430352.69          80635.28           2051.19 0.120E+00 0.139E+02
ABIC : 0.31623E+04 0.0 0.0 0.0  0.10000E+01     0.0     0.0     0.0            105566.28          699565.62         621154.19          80635.28           3820.97 0.164E+00 0.189E+02
ABIC : 0.56234E+03 0.0 0.0 0.0  0.10000E+01     0.0     0.0     0.0            106016.19          549658.75         477595.66          80635.28           2386.24 0.130E+00 0.150E+02
ABIC : 0.17783E+04 0.0 0.0 0.0  0.10000E+01     0.0     0.0     0.0            105401.03          649596.69         572993.62          80635.28           3264.09 0.152E+00 0.175E+02
ABIC : 0.13335E+04 0.0 0.0 0.0  0.10000E+01     0.0     0.0     0.0            105429.44          624612.19         549028.62          80635.28           3015.83 0.146E+00 0.168E+02
ABIC : 0.23714E+04 0.0 0.0 0.0  0.10000E+01     0.0     0.0     0.0            105448.84          674581.12         597035.69          80635.28           3532.51 0.158E+00 0.182E+02
alpha2, abic : 0.100E+01     105401.03     104931.02
ABIC : 0.10000E-01 0.0 0.0 0.0  0.31623E-01     0.0     0.0     0.0        9999998976.00         -399751.81         848767.69          74122.25     9999998976.00 0.100E+11 0.100E+11
ABIC : 0.10000E+00 0.0 0.0 0.0  0.31623E-01     0.0     0.0     0.0        9999998976.00         -199875.91         223278.59          74122.25     9999998976.00 0.100E+11 0.100E+11
ABIC : 0.10000E+01 0.0 0.0 0.0  0.31623E-01     0.0     0.0     0.0        9999998976.00               0.00         371777.59          74122.25     9999998976.00 0.100E+11 0.100E+11
ABIC : 0.10000E+02 0.0 0.0 0.0  0.31623E-01     0.0     0.0     0.0            120688.29          199875.91         157067.33          74122.25           1253.16 0.940E-01 0.193E+01
ABIC : 0.10000E+03 0.0 0.0 0.0  0.31623E-01     0.0     0.0     0.0            111067.09          399751.81         340032.47          74122.25           2242.25 0.126E+00 0.258E+01
ABIC : 0.10000E+04 0.0 0.0 0.0  0.31623E-01     0.0     0.0     0.0            105707.88          599627.69         527136.44          74122.25           4051.65 0.169E+00 0.347E+01
ABIC : 0.10000E+05 0.0 0.0 0.0  0.31623E-01     0.0     0.0     0.0            105560.06          799503.62         719128.94          74122.25           7512.30 0.230E+00 0.472E+01
ABIC : 0.10000E+06 0.0 0.0 0.0  0.31623E-01     0.0     0.0     0.0            107673.94          999379.44         915724.62          74122.25          11554.33 0.286E+00 0.586E+01
ABIC : 0.31623E+04 0.0 0.0 0.0  0.31623E-01     0.0     0.0     0.0            105092.31          699565.62         622479.69          74122.25           5566.22 0.198E+00 0.407E+01
ABIC : 0.17783E+04 0.0 0.0 0.0  0.31623E-01     0.0     0.0     0.0            105237.69          649596.69         574646.00          74122.25           4748.82 0.183E+00 0.376E+01
ABIC : 0.56234E+04 0.0 0.0 0.0  0.31623E-01     0.0     0.0     0.0            105220.75          749534.62         670642.75          74122.25           6495.49 0.214E+00 0.439E+01
ABIC : 0.23714E+04 0.0 0.0 0.0  0.31623E-01     0.0     0.0     0.0            105127.12          674581.12         598521.62          74122.25           5142.65 0.190E+00 0.391E+01
ABIC : 0.42170E+04 0.0 0.0 0.0  0.31623E-01     0.0     0.0     0.0            105125.75          724550.19         646519.94          74122.25           6018.01 0.206E+00 0.423E+01
alpha2, abic : 0.316E-01     105092.31     105092.31
alpha2, abic : 0.100E+00     104931.02     104931.02
ABIC : 0.10000E+04 0.0 0.0 0.0  0.31623E+00     0.0     0.0     0.0            105326.80          599627.69         526043.00          77373.45           3308.47 0.153E+00 0.992E+01
ABIC : 0.10000E+05 0.0 0.0 0.0  0.31623E+00     0.0     0.0     0.0            105742.08          799503.62         718697.62          77373.45           6086.06 0.207E+00 0.134E+02
ABIC : 0.10000E+02 0.0 0.0 0.0  0.31623E+00     0.0     0.0     0.0            119279.52          199875.91         154880.05          77373.45           1028.71 0.852E-01 0.553E+01
ABIC : 0.10000E+03 0.0 0.0 0.0  0.31623E+00     0.0     0.0     0.0            110041.30          399751.81         338294.34          77373.45           1830.96 0.114E+00 0.738E+01
ABIC : 0.10000E+04 0.0 0.0 0.0  0.31623E+00     0.0     0.0     0.0            105326.80          599627.69         526043.00          77373.45           3308.47 0.153E+00 0.992E+01
ABIC : 0.10000E+05 0.0 0.0 0.0  0.31623E+00     0.0     0.0     0.0            105742.08          799503.62         718697.62          77373.45           6086.06 0.207E+00 0.134E+02
ABIC : 0.31623E+03 0.0 0.0 0.0  0.31623E+00     0.0     0.0     0.0            107000.20          499689.72         431590.41          77373.45           2440.58 0.131E+00 0.852E+01
ABIC : 0.31623E+04 0.0 0.0 0.0  0.31623E+00     0.0     0.0     0.0            105015.77          699565.62         621743.06          77373.45           4526.30 0.179E+00 0.116E+02
ABIC : 0.17783E+04 0.0 0.0 0.0  0.31623E+00     0.0     0.0     0.0            105014.08          649596.69         573733.38          77373.45           3870.55 0.165E+00 0.107E+02
ABIC : 0.56234E+04 0.0 0.0 0.0  0.31623E+00     0.0     0.0     0.0            105280.14          749534.62         670068.94          77373.45           5270.64 0.193E+00 0.125E+02
ABIC : 0.13335E+04 0.0 0.0 0.0  0.31623E+00     0.0     0.0     0.0            105128.70          624612.19         549848.50          77373.45           3577.90 0.159E+00 0.103E+02
ABIC : 0.23714E+04 0.0 0.0 0.0  0.31623E+00     0.0     0.0     0.0            104978.33          674581.12         597698.06          77373.45           4186.77 0.172E+00 0.112E+02
alpha2, abic : 0.316E+00     104978.33     104931.02
   3162.278      0.1000000       5113.941    
Xdif :     0.4320
Running iteration 3...
 1/x = r2(space)/r1(time) =        3.50   km/sec
ABIC : 0.10000E-01 0.0 0.0 0.0  0.10000E-02     0.0     0.0     0.0        9999998976.00         -399751.81         843155.94          73888.38     9999998976.00 0.100E+11 0.100E+11
ABIC : 0.10000E+00 0.0 0.0 0.0  0.10000E-02     0.0     0.0     0.0        9999998976.00         -199875.91         211031.00          73888.38     9999998976.00 0.100E+11 0.100E+11
ABIC : 0.10000E+01 0.0 0.0 0.0  0.10000E-02     0.0     0.0     0.0        9999998976.00               0.00         342499.91          73888.38     9999998976.00 0.100E+11 0.100E+11
ABIC : 0.10000E+02 0.0 0.0 0.0  0.10000E-02     0.0     0.0     0.0            124285.20          199875.91         160775.97          73888.38           1265.43 0.122E+00 0.345E+00
ABIC : 0.10000E+03 0.0 0.0 0.0  0.10000E-02     0.0     0.0     0.0            114763.13          399751.81         343686.03          73888.38           2292.26 0.165E+00 0.464E+00
ABIC : 0.10000E+04 0.0 0.0 0.0  0.10000E-02     0.0     0.0     0.0            109486.66          599627.69         530670.12          73888.38           4209.53 0.223E+00 0.629E+00
ABIC : 0.10000E+05 0.0 0.0 0.0  0.10000E-02     0.0     0.0     0.0            109391.95          799503.62         722532.00          73888.38           7920.32 0.306E+00 0.863E+00
ABIC : 0.10000E+06 0.0 0.0 0.0  0.10000E-02     0.0     0.0     0.0            111237.70          999379.44         919110.94          73888.38          11939.94 0.376E+00 0.106E+01
ABIC : 0.31623E+04 0.0 0.0 0.0  0.10000E-02     0.0     0.0     0.0            108924.88          699565.62         625938.31          73888.38           5842.90 0.263E+00 0.741E+00
ABIC : 0.17783E+04 0.0 0.0 0.0  0.10000E-02     0.0     0.0     0.0            109045.20          649596.69         578141.44          73888.38           4960.30 0.242E+00 0.683E+00
ABIC : 0.56234E+04 0.0 0.0 0.0  0.10000E-02     0.0     0.0     0.0            109064.63          749534.62         674069.56          73888.38           6841.87 0.285E+00 0.802E+00
ABIC : 0.23714E+04 0.0 0.0 0.0  0.10000E-02     0.0     0.0     0.0            108948.13          674581.12         601998.25          73888.38           5385.58 0.252E+00 0.711E+00
ABIC : 0.42170E+04 0.0 0.0 0.0  0.10000E-02     0.0     0.0     0.0            108966.32          724550.19         649961.75          73888.38           6329.66 0.274E+00 0.771E+00
alpha2, abic : 0.100E-02     108924.88     108924.88
ABIC : 0.10000E+04 0.0 0.0 0.0  0.10000E-01     0.0     0.0     0.0            109183.80          599627.69         530512.75          74296.42           4027.61 0.218E+00 0.195E+01
ABIC : 0.10000E+05 0.0 0.0 0.0  0.10000E-01     0.0     0.0     0.0            109067.86          799503.62         722466.56          74296.42           7509.90 0.298E+00 0.266E+01
ABIC : 0.10000E+06 0.0 0.0 0.0  0.10000E-01     0.0     0.0     0.0            110923.36          999379.44         919097.12          74296.42          11283.43 0.365E+00 0.326E+01
ABIC : 0.31623E+04 0.0 0.0 0.0  0.10000E-01     0.0     0.0     0.0            108620.48          699565.62         625828.00          74296.42           5568.75 0.257E+00 0.229E+01
ABIC : 0.17783E+04 0.0 0.0 0.0  0.10000E-01     0.0     0.0     0.0            108745.55          649596.69         578007.31          74296.42           4738.36 0.237E+00 0.211E+01
ABIC : 0.56234E+04 0.0 0.0 0.0  0.10000E-01     0.0     0.0     0.0            108750.67          749534.62         673982.69          74296.42           6503.68 0.277E+00 0.247E+01
ABIC : 0.23714E+04 0.0 0.0 0.0  0.10000E-01     0.0     0.0     0.0            108647.05          674581.12         601876.00          74296.42           5139.10 0.247E+00 0.220E+01
ABIC : 0.42170E+04 0.0 0.0 0.0  0.10000E-01     0.0     0.0     0.0            108657.55          724550.19         649863.38          74296.42           6024.82 0.267E+00 0.238E+01
alpha2, abic : 0.100E-01     108620.48     108620.48
ABIC : 0.10000E+04 0.0 0.0 0.0  0.10000E+00     0.0     0.0     0.0            108744.28          599627.69         529885.44          76017.84           3563.58 0.205E+00 0.579E+01
ABIC : 0.10000E+05 0.0 0.0 0.0  0.10000E+00     0.0     0.0     0.0            108824.16          799503.62         722219.81          76017.84           6547.42 0.278E+00 0.784E+01
ABIC : 0.10000E+02 0.0 0.0 0.0  0.10000E+00     0.0     0.0     0.0            123011.41          199875.91         159304.91          76017.84           1084.58 0.113E+00 0.319E+01
ABIC : 0.10000E+03 0.0 0.0 0.0  0.10000E+00     0.0     0.0     0.0            113697.47          399751.81         342486.50          76017.84           1954.74 0.152E+00 0.429E+01
ABIC : 0.10000E+04 0.0 0.0 0.0  0.10000E+00     0.0     0.0     0.0            108744.28          599627.69         529885.44          76017.84           3563.58 0.205E+00 0.579E+01
ABIC : 0.10000E+05 0.0 0.0 0.0  0.10000E+00     0.0     0.0     0.0            108824.16          799503.62         722219.81          76017.84           6547.42 0.278E+00 0.784E+01
ABIC : 0.31623E+03 0.0 0.0 0.0  0.10000E+00     0.0     0.0     0.0            110548.34          499689.72         435620.56          76017.84           2616.82 0.176E+00 0.496E+01
ABIC : 0.31623E+04 0.0 0.0 0.0  0.10000E+00     0.0     0.0     0.0            108282.66          699565.62         625402.38          76017.84           4888.01 0.241E+00 0.678E+01
ABIC : 0.17783E+04 0.0 0.0 0.0  0.10000E+00     0.0     0.0     0.0            108359.72          649596.69         577480.94          76017.84           4176.67 0.222E+00 0.626E+01
ABIC : 0.56234E+04 0.0 0.0 0.0  0.10000E+00     0.0     0.0     0.0            108459.34          749534.62         673652.00          76017.84           5686.62 0.259E+00 0.731E+01
ABIC : 0.23714E+04 0.0 0.0 0.0  0.10000E+00     0.0     0.0     0.0            108285.53          674581.12         601400.25          76017.84           4520.41 0.231E+00 0.652E+01
ABIC : 0.42170E+04 0.0 0.0 0.0  0.10000E+00     0.0     0.0     0.0            108342.84          724550.19         649486.19          76017.84           5277.64 0.250E+00 0.704E+01
alpha2, abic : 0.100E+00     108282.66     108282.66
ABIC : 0.10000E+03 0.0 0.0 0.0  0.10000E+01     0.0     0.0     0.0            112795.64          399751.81         339955.12          81137.52           1479.48 0.132E+00 0.118E+02
ABIC : 0.10000E+04 0.0 0.0 0.0  0.10000E+01     0.0     0.0     0.0            108912.92          599627.69         528395.88          81137.52           2703.35 0.179E+00 0.159E+02
ABIC : 0.10000E+05 0.0 0.0 0.0  0.10000E+01     0.0     0.0     0.0            109936.02          799503.62         721665.38          81137.52           4970.09 0.243E+00 0.216E+02
ABIC : 0.31623E+03 0.0 0.0 0.0  0.10000E+01     0.0     0.0     0.0            110168.30          499689.72         433588.34          81137.52           1984.17 0.153E+00 0.137E+02
ABIC : 0.31623E+04 0.0 0.0 0.0  0.10000E+01     0.0     0.0     0.0            108967.83          699565.62         624432.19          81137.52           3707.21 0.209E+00 0.187E+02
ABIC : 0.56234E+03 0.0 0.0 0.0  0.10000E+01     0.0     0.0     0.0            109365.33          549658.75         480840.97          81137.52           2311.56 0.165E+00 0.147E+02
ABIC : 0.17783E+04 0.0 0.0 0.0  0.10000E+01     0.0     0.0     0.0            108793.77          649596.69         576259.31          81137.52           3167.79 0.194E+00 0.173E+02
ABIC : 0.13335E+04 0.0 0.0 0.0  0.10000E+01     0.0     0.0     0.0            108813.64          624612.19         552288.81          81137.52           2926.15 0.186E+00 0.166E+02
ABIC : 0.23714E+04 0.0 0.0 0.0  0.10000E+01     0.0     0.0     0.0            108847.45          674581.12         600307.19          81137.52           3428.32 0.201E+00 0.179E+02
alpha2, abic : 0.100E+01     108793.77     108282.66
ABIC : 0.10000E-01 0.0 0.0 0.0  0.31623E-01     0.0     0.0     0.0        9999998976.00         -399751.81         827888.38          74888.98     9999998976.00 0.100E+11 0.100E+11
ABIC : 0.10000E+00 0.0 0.0 0.0  0.31623E-01     0.0     0.0     0.0        9999998976.00         -199875.91          81136.89          74888.98     9999998976.00 0.100E+11 0.100E+11
ABIC : 0.10000E+01 0.0 0.0 0.0  0.31623E-01     0.0     0.0     0.0        9999998976.00               0.00         385650.88          74888.98     9999998976.00 0.100E+11 0.100E+11
ABIC : 0.10000E+02 0.0 0.0 0.0  0.31623E-01     0.0     0.0     0.0            123507.80          199875.91         160084.47          74888.98           1160.32 0.117E+00 0.186E+01
ABIC : 0.10000E+03 0.0 0.0 0.0  0.31623E-01     0.0     0.0     0.0            114099.13          399751.81         343114.94          74888.98           2100.67 0.158E+00 0.250E+01
ABIC : 0.10000E+04 0.0 0.0 0.0  0.31623E-01     0.0     0.0     0.0            108964.79          599627.69         530287.31          74888.98           3843.53 0.213E+00 0.338E+01
ABIC : 0.10000E+05 0.0 0.0 0.0  0.31623E-01     0.0     0.0     0.0            108881.91          799503.62         722375.81          74888.98           7108.78 0.290E+00 0.460E+01
ABIC : 0.10000E+06 0.0 0.0 0.0  0.31623E-01     0.0     0.0     0.0            110792.66          999379.44         919077.56          74888.98          10667.16 0.355E+00 0.563E+01
ABIC : 0.31623E+04 0.0 0.0 0.0  0.31623E-01     0.0     0.0     0.0            108420.23          699565.62         625672.81          74888.98           5292.43 0.250E+00 0.397E+01
ABIC : 0.17783E+04 0.0 0.0 0.0  0.31623E-01     0.0     0.0     0.0            108537.91          649596.69         577816.75          74888.98           4513.32 0.231E+00 0.366E+01
ABIC : 0.56234E+04 0.0 0.0 0.0  0.31623E-01     0.0     0.0     0.0            108556.79          749534.62         673861.50          74888.98           6167.38 0.270E+00 0.428E+01
ABIC : 0.23714E+04 0.0 0.0 0.0  0.31623E-01     0.0     0.0     0.0            108443.41          674581.12         601703.19          74888.98           4889.67 0.241E+00 0.381E+01
ABIC : 0.42170E+04 0.0 0.0 0.0  0.31623E-01     0.0     0.0     0.0            108460.48          724550.19         649725.50          74888.98           5719.41 0.260E+00 0.412E+01
alpha2, abic : 0.316E-01     108420.23     108420.23
alpha2, abic : 0.100E+00     108282.66     108282.66
ABIC : 0.10000E+04 0.0 0.0 0.0  0.31623E+00     0.0     0.0     0.0            108658.86          599627.69         529260.56          77983.36           3180.21 0.194E+00 0.972E+01
ABIC : 0.10000E+05 0.0 0.0 0.0  0.31623E+00     0.0     0.0     0.0            109105.11          799503.62         721984.69          77983.36           5832.14 0.263E+00 0.132E+02
ABIC : 0.10000E+02 0.0 0.0 0.0  0.31623E+00     0.0     0.0     0.0            122289.39          199875.91         157987.56          77983.36            972.23 0.107E+00 0.538E+01
ABIC : 0.10000E+03 0.0 0.0 0.0  0.31623E+00     0.0     0.0     0.0            113219.36          399751.81         341458.38          77983.36           1745.92 0.144E+00 0.720E+01
ABIC : 0.10000E+04 0.0 0.0 0.0  0.31623E+00     0.0     0.0     0.0            108658.86          599627.69         529260.56          77983.36           3180.21 0.194E+00 0.972E+01
ABIC : 0.10000E+05 0.0 0.0 0.0  0.31623E+00     0.0     0.0     0.0            109105.11          799503.62         721984.69          77983.36           5832.14 0.263E+00 0.132E+02
ABIC : 0.31623E+03 0.0 0.0 0.0  0.31623E+00     0.0     0.0     0.0            110259.55          499689.72         434781.47          77983.36           2337.32 0.166E+00 0.833E+01
ABIC : 0.31623E+04 0.0 0.0 0.0  0.31623E+00     0.0     0.0     0.0            108392.92          699565.62         624991.25          77983.36           4355.84 0.227E+00 0.114E+02
ABIC : 0.17783E+04 0.0 0.0 0.0  0.31623E+00     0.0     0.0     0.0            108373.92          649596.69         576965.31          77983.36           3724.46 0.210E+00 0.105E+02
ABIC : 0.13335E+04 0.0 0.0 0.0  0.31623E+00     0.0     0.0     0.0            108475.67          624612.19         553073.06          77983.36           3441.36 0.202E+00 0.101E+02
ABIC : 0.23714E+04 0.0 0.0 0.0  0.31623E+00     0.0     0.0     0.0            108348.42          674581.12         600937.94          77983.36           4029.52 0.218E+00 0.109E+02
alpha2, abic : 0.316E+00     108348.42     108282.66
   3162.278      0.1000000       4888.004    
Xdif :     0.1878
Running iteration 4...
 1/x = r2(space)/r1(time) =        3.50   km/sec
ABIC : 0.10000E-01 0.0 0.0 0.0  0.10000E-02     0.0     0.0     0.0        9999998976.00         -399751.81         847632.88          73938.10     9999998976.00 0.100E+11 0.100E+11
ABIC : 0.10000E+00 0.0 0.0 0.0  0.10000E-02     0.0     0.0     0.0        9999998976.00         -199875.91         268360.91          73938.10     9999998976.00 0.100E+11 0.100E+11
ABIC : 0.10000E+01 0.0 0.0 0.0  0.10000E-02     0.0     0.0     0.0        9999998976.00               0.00         390033.03          73938.10     9999998976.00 0.100E+11 0.100E+11
ABIC : 0.10000E+02 0.0 0.0 0.0  0.10000E-02     0.0     0.0     0.0            124754.39          199875.91         161206.25          73938.10           1264.34 0.136E+00 0.345E+00
ABIC : 0.10000E+03 0.0 0.0 0.0  0.10000E-02     0.0     0.0     0.0            115223.82          399751.81         344074.00          73938.10           2296.47 0.183E+00 0.465E+00
ABIC : 0.10000E+04 0.0 0.0 0.0  0.10000E-02     0.0     0.0     0.0            109936.16          599627.69         531014.31          73938.10           4228.26 0.249E+00 0.630E+00
ABIC : 0.10000E+05 0.0 0.0 0.0  0.10000E-02     0.0     0.0     0.0            109760.66          799503.62         722846.69          73938.10           7923.04 0.341E+00 0.863E+00
ABIC : 0.10000E+06 0.0 0.0 0.0  0.10000E-02     0.0     0.0     0.0            111471.54          999379.44         919437.50          73938.10          11805.01 0.416E+00 0.105E+01
ABIC : 0.31623E+04 0.0 0.0 0.0  0.10000E-02     0.0     0.0     0.0            109348.10          699565.62         626262.25          73938.10           5866.07 0.293E+00 0.742E+00
ABIC : 0.17783E+04 0.0 0.0 0.0  0.10000E-02     0.0     0.0     0.0            109484.60          649596.69         578474.69          73938.10           4982.70 0.270E+00 0.684E+00
ABIC : 0.56234E+04 0.0 0.0 0.0  0.10000E-02     0.0     0.0     0.0            109464.35          749534.62         674387.19          73938.10           6859.57 0.317E+00 0.803E+00
ABIC : 0.23714E+04 0.0 0.0 0.0  0.10000E-02     0.0     0.0     0.0            109380.35          674581.12         602326.50          73938.10           5408.92 0.282E+00 0.713E+00
ABIC : 0.42170E+04 0.0 0.0 0.0  0.10000E-02     0.0     0.0     0.0            109378.85          724550.19         650282.19          73938.10           6351.10 0.305E+00 0.773E+00
alpha2, abic : 0.100E-02     109348.10     109348.10
ABIC : 0.10000E+04 0.0 0.0 0.0  0.10000E-01     0.0     0.0     0.0            109639.08          599627.69         530862.50          74337.95           4048.23 0.244E+00 0.195E+01
ABIC : 0.10000E+05 0.0 0.0 0.0  0.10000E-01     0.0     0.0     0.0            109454.89          799503.62         722785.94          74337.95           7525.55 0.332E+00 0.266E+01
ABIC : 0.10000E+06 0.0 0.0 0.0  0.10000E-01     0.0     0.0     0.0            111199.58          999379.44         919425.06          74337.95          11199.80 0.405E+00 0.324E+01
ABIC : 0.31623E+04 0.0 0.0 0.0  0.10000E-01     0.0     0.0     0.0            109051.58          699565.62         626157.56          74337.95           5595.47 0.286E+00 0.229E+01
ABIC : 0.17783E+04 0.0 0.0 0.0  0.10000E-01     0.0     0.0     0.0            109190.95          649596.69         578346.19          74337.95           4762.99 0.264E+00 0.212E+01
ABIC : 0.56234E+04 0.0 0.0 0.0  0.10000E-01     0.0     0.0     0.0            109162.20          749534.62         674305.50          74337.95           6528.24 0.309E+00 0.248E+01
ABIC : 0.23714E+04 0.0 0.0 0.0  0.10000E-01     0.0     0.0     0.0            109085.77          674581.12         602209.88          74337.95           5165.15 0.275E+00 0.220E+01
ABIC : 0.42170E+04 0.0 0.0 0.0  0.10000E-01     0.0     0.0     0.0            109079.58          724550.19         650189.19          74337.95           6051.16 0.298E+00 0.238E+01
alpha2, abic : 0.100E-01     109051.58     109051.58
ABIC : 0.10000E+04 0.0 0.0 0.0  0.10000E+00     0.0     0.0     0.0            109206.95          599627.69         530247.12          76043.85           3584.96 0.229E+00 0.580E+01
ABIC : 0.10000E+05 0.0 0.0 0.0  0.10000E+00     0.0     0.0     0.0            109236.60          799503.62         722548.75          76043.85           6577.54 0.311E+00 0.786E+01
ABIC : 0.10000E+02 0.0 0.0 0.0  0.10000E+00     0.0     0.0     0.0            123515.08          199875.91         159748.53          76043.85           1087.53 0.126E+00 0.320E+01
ABIC : 0.10000E+03 0.0 0.0 0.0  0.10000E+00     0.0     0.0     0.0            114182.57          399751.81         342890.00          76043.85           1963.44 0.170E+00 0.430E+01
ABIC : 0.10000E+04 0.0 0.0 0.0  0.10000E+00     0.0     0.0     0.0            109206.95          599627.69         530247.12          76043.85           3584.96 0.229E+00 0.580E+01
ABIC : 0.10000E+05 0.0 0.0 0.0  0.10000E+00     0.0     0.0     0.0            109236.60          799503.62         722548.75          76043.85           6577.54 0.311E+00 0.786E+01
ABIC : 0.31623E+03 0.0 0.0 0.0  0.10000E+00     0.0     0.0     0.0            111024.10          499689.72         436003.97          76043.85           2630.71 0.196E+00 0.497E+01
ABIC : 0.31623E+04 0.0 0.0 0.0  0.10000E+00     0.0     0.0     0.0            108725.66          699565.62         625743.56          76043.85           4917.68 0.268E+00 0.680E+01
ABIC : 0.17783E+04 0.0 0.0 0.0  0.10000E+00     0.0     0.0     0.0            108813.48          649596.69         577831.75          76043.85           4202.40 0.248E+00 0.628E+01
ABIC : 0.56234E+04 0.0 0.0 0.0  0.10000E+00     0.0     0.0     0.0            108888.73          749534.62         673985.56          76043.85           5718.41 0.290E+00 0.733E+01
ABIC : 0.23714E+04 0.0 0.0 0.0  0.10000E+00     0.0     0.0     0.0            108734.23          674581.12         601746.06          76043.85           4548.24 0.258E+00 0.654E+01
ABIC : 0.42170E+04 0.0 0.0 0.0  0.10000E+00     0.0     0.0     0.0            108779.54          724550.19         649823.31          76043.85           5308.72 0.279E+00 0.706E+01
alpha2, abic : 0.100E+00     108725.66     108725.66
ABIC : 0.10000E+03 0.0 0.0 0.0  0.10000E+01     0.0     0.0     0.0            113291.75          399751.81         340365.66          81150.91           1488.03 0.148E+00 0.118E+02
ABIC : 0.10000E+04 0.0 0.0 0.0  0.10000E+01     0.0     0.0     0.0            109376.44          599627.69         528763.69          81150.91           2721.16 0.200E+00 0.160E+02
ABIC : 0.10000E+05 0.0 0.0 0.0  0.10000E+01     0.0     0.0     0.0            110351.59          799503.62         722000.50          81150.91           4996.76 0.271E+00 0.217E+02
ABIC : 0.31623E+03 0.0 0.0 0.0  0.10000E+01     0.0     0.0     0.0            110649.06          499689.72         433978.50          81150.91           1996.44 0.171E+00 0.137E+02
ABIC : 0.31623E+04 0.0 0.0 0.0  0.10000E+01     0.0     0.0     0.0            109412.28          699565.62         624779.62          81150.91           3732.02 0.234E+00 0.187E+02
ABIC : 0.56234E+03 0.0 0.0 0.0  0.10000E+01     0.0     0.0     0.0            109837.59          549658.75         481220.06          81150.91           2326.32 0.185E+00 0.148E+02
ABIC : 0.17783E+04 0.0 0.0 0.0  0.10000E+01     0.0     0.0     0.0            109248.28          649596.69         576616.31          81150.91           3189.13 0.216E+00 0.173E+02
ABIC : 0.13335E+04 0.0 0.0 0.0  0.10000E+01     0.0     0.0     0.0            109272.72          624612.19         552651.12          81150.91           2945.69 0.208E+00 0.166E+02
ABIC : 0.23714E+04 0.0 0.0 0.0  0.10000E+01     0.0     0.0     0.0            109297.09          674581.12         600659.12          81150.91           3451.46 0.225E+00 0.180E+02
alpha2, abic : 0.100E+01     109248.28     108725.66
ABIC : 0.10000E-01 0.0 0.0 0.0  0.31623E-01     0.0     0.0     0.0        9999998976.00         -399751.81         822599.62          74923.06     9999998976.00 0.100E+11 0.100E+11
ABIC : 0.10000E+00 0.0 0.0 0.0  0.31623E-01     0.0     0.0     0.0        9999998976.00         -199875.91         101569.13          74923.06     9999998976.00 0.100E+11 0.100E+11
ABIC : 0.10000E+01 0.0 0.0 0.0  0.31623E-01     0.0     0.0     0.0        9999998976.00               0.00         320298.41          74923.06     9999998976.00 0.100E+11 0.100E+11
ABIC : 0.10000E+02 0.0 0.0 0.0  0.31623E-01     0.0     0.0     0.0            124001.36          199875.91         160523.03          74923.06           1162.26 0.131E+00 0.186E+01
ABIC : 0.10000E+03 0.0 0.0 0.0  0.31623E-01     0.0     0.0     0.0            114577.47          399751.81         343512.84          74923.06           2108.46 0.176E+00 0.250E+01
ABIC : 0.10000E+04 0.0 0.0 0.0  0.31623E-01     0.0     0.0     0.0            109423.59          599627.69         530642.69          74923.06           3864.86 0.238E+00 0.339E+01
ABIC : 0.10000E+05 0.0 0.0 0.0  0.31623E-01     0.0     0.0     0.0            109282.38          799503.62         722699.81          74923.06           7132.83 0.323E+00 0.460E+01
ABIC : 0.10000E+06 0.0 0.0 0.0  0.31623E-01     0.0     0.0     0.0            111095.44          999379.44         919407.06          74923.06          10615.53 0.394E+00 0.562E+01
ABIC : 0.31623E+04 0.0 0.0 0.0  0.31623E-01     0.0     0.0     0.0            108857.19          699565.62         626008.00          74923.06           5321.11 0.279E+00 0.398E+01
ABIC : 0.17783E+04 0.0 0.0 0.0  0.31623E-01     0.0     0.0     0.0            108987.31          649596.69         578161.31          74923.06           4538.87 0.258E+00 0.367E+01
ABIC : 0.56234E+04 0.0 0.0 0.0  0.31623E-01     0.0     0.0     0.0            108977.50          749534.62         674189.56          74923.06           6196.27 0.301E+00 0.429E+01
ABIC : 0.23714E+04 0.0 0.0 0.0  0.31623E-01     0.0     0.0     0.0            108887.00          674581.12         602042.81          74923.06           4917.03 0.268E+00 0.382E+01
ABIC : 0.42170E+04 0.0 0.0 0.0  0.31623E-01     0.0     0.0     0.0            108889.75          724550.19         650056.75          74923.06           5748.68 0.290E+00 0.413E+01
alpha2, abic : 0.316E-01     108857.19     108857.19
alpha2, abic : 0.100E+00     108725.66     108725.66
ABIC : 0.10000E+04 0.0 0.0 0.0  0.31623E+00     0.0     0.0     0.0            109124.53          599627.69         529627.00          78001.84           3200.77 0.217E+00 0.975E+01
ABIC : 0.10000E+05 0.0 0.0 0.0  0.31623E+00     0.0     0.0     0.0            109525.09          799503.62         722317.56          78001.84           5864.15 0.293E+00 0.132E+02
ABIC : 0.10000E+02 0.0 0.0 0.0  0.31623E+00     0.0     0.0     0.0            122802.76          199875.91         158434.20          78001.84            975.98 0.120E+00 0.539E+01
ABIC : 0.10000E+03 0.0 0.0 0.0  0.31623E+00     0.0     0.0     0.0            113711.31          399751.81         341866.88          78001.84           1755.00 0.160E+00 0.722E+01
ABIC : 0.10000E+04 0.0 0.0 0.0  0.31623E+00     0.0     0.0     0.0            109124.53          599627.69         529627.00          78001.84           3200.77 0.217E+00 0.975E+01
ABIC : 0.10000E+05 0.0 0.0 0.0  0.31623E+00     0.0     0.0     0.0            109525.09          799503.62         722317.56          78001.84           5864.15 0.293E+00 0.132E+02
ABIC : 0.31623E+03 0.0 0.0 0.0  0.31623E+00     0.0     0.0     0.0            110739.81          499689.72         435169.81          78001.84           2351.06 0.186E+00 0.836E+01
ABIC : 0.31623E+04 0.0 0.0 0.0  0.31623E+00     0.0     0.0     0.0            108840.53          699565.62         625337.00          78001.84           4384.93 0.254E+00 0.114E+02
ABIC : 0.17783E+04 0.0 0.0 0.0  0.31623E+00     0.0     0.0     0.0            108831.22          649596.69         577320.88          78001.84           3749.29 0.234E+00 0.106E+02
ABIC : 0.13335E+04 0.0 0.0 0.0  0.31623E+00     0.0     0.0     0.0            108937.19          624612.19         553433.94          78001.84           3464.00 0.225E+00 0.101E+02
ABIC : 0.23714E+04 0.0 0.0 0.0  0.31623E+00     0.0     0.0     0.0            108801.09          674581.12         601288.38          78001.84           4056.53 0.244E+00 0.110E+02
alpha2, abic : 0.316E+00     108801.09     108725.66
   3162.278      0.1000000       4917.679    
Xdif :     0.0648
Running iteration 5...
 1/x = r2(space)/r1(time) =        3.50   km/sec
ABIC : 0.10000E-01 0.0 0.0 0.0  0.10000E-02     0.0     0.0     0.0        9999998976.00         -399751.81         826322.94          73800.38     9999998976.00 0.100E+11 0.100E+11
ABIC : 0.10000E+00 0.0 0.0 0.0  0.10000E-02     0.0     0.0     0.0        9999998976.00         -199875.91         176660.20          73800.38     9999998976.00 0.100E+11 0.100E+11
ABIC : 0.10000E+01 0.0 0.0 0.0  0.10000E-02     0.0     0.0     0.0        9999998976.00               0.00         277005.50          73800.38     9999998976.00 0.100E+11 0.100E+11
ABIC : 0.10000E+02 0.0 0.0 0.0  0.10000E-02     0.0     0.0     0.0            124571.29          199875.91         160933.12          73800.38           1287.53 0.142E+00 0.348E+00
ABIC : 0.10000E+03 0.0 0.0 0.0  0.10000E-02     0.0     0.0     0.0            114962.31          399751.81         343738.56          73800.38           2335.60 0.191E+00 0.468E+00
ABIC : 0.10000E+04 0.0 0.0 0.0  0.10000E-02     0.0     0.0     0.0            109573.97          599627.69         530610.12          73800.38           4289.34 0.259E+00 0.635E+00
ABIC : 0.10000E+05 0.0 0.0 0.0  0.10000E-02     0.0     0.0     0.0            109297.06          799503.62         722369.88          73800.38           8019.09 0.354E+00 0.868E+00
ABIC : 0.10000E+06 0.0 0.0 0.0  0.10000E-02     0.0     0.0     0.0            110958.31          999379.44         918919.44          73800.38          11940.10 0.432E+00 0.106E+01
ABIC : 0.31623E+04 0.0 0.0 0.0  0.10000E-02     0.0     0.0     0.0            108930.88          699565.62         625820.25          73800.38           5942.64 0.305E+00 0.747E+00
ABIC : 0.17783E+04 0.0 0.0 0.0  0.10000E-02     0.0     0.0     0.0            109094.25          649596.69         578051.62          73800.38           5050.96 0.281E+00 0.689E+00
ABIC : 0.56234E+04 0.0 0.0 0.0  0.10000E-02     0.0     0.0     0.0            109022.38          749534.62         673926.94          73800.38           6945.52 0.329E+00 0.808E+00
ABIC : 0.23714E+04 0.0 0.0 0.0  0.10000E-02     0.0     0.0     0.0            108976.25          674581.12         601893.88          73800.38           5481.18 0.293E+00 0.718E+00
ABIC : 0.42170E+04 0.0 0.0 0.0  0.10000E-02     0.0     0.0     0.0            108948.88          724550.19         649830.88          73800.38           6432.25 0.317E+00 0.777E+00
alpha2, abic : 0.100E-02     108930.88     108930.88
ABIC : 0.10000E+04 0.0 0.0 0.0  0.10000E-01     0.0     0.0     0.0            109270.44          599627.69         530457.44          74203.84           4103.71 0.253E+00 0.196E+01
ABIC : 0.10000E+05 0.0 0.0 0.0  0.10000E-01     0.0     0.0     0.0            108992.53          799503.62         722309.19          74203.84           7615.28 0.345E+00 0.268E+01
ABIC : 0.10000E+06 0.0 0.0 0.0  0.10000E-01     0.0     0.0     0.0            110695.47          999379.44         918907.12          74203.84          11332.82 0.421E+00 0.326E+01
ABIC : 0.31623E+04 0.0 0.0 0.0  0.10000E-01     0.0     0.0     0.0            108630.72          699565.62         625715.31          74203.84           5665.36 0.297E+00 0.231E+01
ABIC : 0.17783E+04 0.0 0.0 0.0  0.10000E-01     0.0     0.0     0.0            108795.28          649596.69         577922.56          74203.84           4825.02 0.274E+00 0.213E+01
ABIC : 0.56234E+04 0.0 0.0 0.0  0.10000E-01     0.0     0.0     0.0            108718.84          749534.62         673845.19          74203.84           6607.42 0.321E+00 0.249E+01
ABIC : 0.23714E+04 0.0 0.0 0.0  0.10000E-01     0.0     0.0     0.0            108677.16          674581.12         601776.81          74203.84           5230.94 0.286E+00 0.222E+01
ABIC : 0.42170E+04 0.0 0.0 0.0  0.10000E-01     0.0     0.0     0.0            108647.03          724550.19         649737.75          74203.84           6125.52 0.309E+00 0.240E+01
alpha2, abic : 0.100E-01     108630.72     108630.72
ABIC : 0.10000E+04 0.0 0.0 0.0  0.10000E+00     0.0     0.0     0.0            108827.29          599627.69         529838.56          75921.85           3628.41 0.238E+00 0.584E+01
ABIC : 0.10000E+05 0.0 0.0 0.0  0.10000E+00     0.0     0.0     0.0            108778.35          799503.62         722070.50          75921.85           6652.51 0.322E+00 0.791E+01
ABIC : 0.10000E+06 0.0 0.0 0.0  0.10000E+00     0.0     0.0     0.0            110696.29          999379.44         918856.19          75921.85           9921.58 0.394E+00 0.966E+01
ABIC : 0.31623E+04 0.0 0.0 0.0  0.10000E+00     0.0     0.0     0.0            108301.10          699565.62         625298.81          75921.85           4973.78 0.279E+00 0.684E+01
ABIC : 0.17783E+04 0.0 0.0 0.0  0.10000E+00     0.0     0.0     0.0            108410.29          649596.69         577405.12          75921.85           4251.45 0.258E+00 0.632E+01
ABIC : 0.56234E+04 0.0 0.0 0.0  0.10000E+00     0.0     0.0     0.0            108445.60          749534.62         673523.31          75921.85           5783.18 0.300E+00 0.737E+01
ABIC : 0.23714E+04 0.0 0.0 0.0  0.10000E+00     0.0     0.0     0.0            108319.98          674581.12         601310.31          75921.85           4600.62 0.268E+00 0.658E+01
ABIC : 0.42170E+04 0.0 0.0 0.0  0.10000E+00     0.0     0.0     0.0            108345.23          724550.19         649369.69          75921.85           5368.94 0.290E+00 0.710E+01
alpha2, abic : 0.100E+00     108301.10     108301.10
ABIC : 0.10000E+04 0.0 0.0 0.0  0.10000E+01     0.0     0.0     0.0            108974.37          599627.69         528340.69          81059.05           2745.77 0.207E+00 0.161E+02
ABIC : 0.10000E+05 0.0 0.0 0.0  0.10000E+01     0.0     0.0     0.0            109883.80          799503.62         721514.25          81059.05           5040.96 0.281E+00 0.218E+02
ABIC : 0.10000E+02 0.0 0.0 0.0  0.10000E+01     0.0     0.0     0.0            121634.51          199875.91         156126.84          81059.05            837.44 0.114E+00 0.887E+01
ABIC : 0.10000E+03 0.0 0.0 0.0  0.10000E+01     0.0     0.0     0.0            112972.68          399751.81         340006.75          81059.05           1503.76 0.153E+00 0.119E+02
ABIC : 0.10000E+04 0.0 0.0 0.0  0.10000E+01     0.0     0.0     0.0            108974.37          599627.69         528340.69          81059.05           2745.77 0.207E+00 0.161E+02
ABIC : 0.10000E+05 0.0 0.0 0.0  0.10000E+01     0.0     0.0     0.0            109883.80          799503.62         721514.25          81059.05           5040.96 0.281E+00 0.218E+02
ABIC : 0.31623E+03 0.0 0.0 0.0  0.10000E+01     0.0     0.0     0.0            110289.59          499689.72         433588.59          81059.05           2016.02 0.177E+00 0.138E+02
ABIC : 0.31623E+04 0.0 0.0 0.0  0.10000E+01     0.0     0.0     0.0            108971.93          699565.62         624322.81          81059.05           3764.44 0.242E+00 0.188E+02
ABIC : 0.17783E+04 0.0 0.0 0.0  0.10000E+01     0.0     0.0     0.0            108825.87          649596.69         576176.12          81059.05           3217.16 0.224E+00 0.174E+02
ABIC : 0.13335E+04 0.0 0.0 0.0  0.10000E+01     0.0     0.0     0.0            108860.24          624612.19         552219.44          81059.05           2971.91 0.215E+00 0.167E+02
ABIC : 0.23714E+04 0.0 0.0 0.0  0.10000E+01     0.0     0.0     0.0            108865.49          674581.12         600210.62          81059.05           3481.56 0.233E+00 0.181E+02
alpha2, abic : 0.100E+01     108825.87     108301.10
ABIC : 0.10000E-01 0.0 0.0 0.0  0.31623E-01     0.0     0.0     0.0        9999998976.00         -399751.81         827036.81          74793.38     9999998976.00 0.100E+11 0.100E+11
ABIC : 0.10000E+00 0.0 0.0 0.0  0.31623E-01     0.0     0.0     0.0        9999998976.00         -199875.91         118570.81          74793.38     9999998976.00 0.100E+11 0.100E+11
ABIC : 0.10000E+01 0.0 0.0 0.0  0.31623E-01     0.0     0.0     0.0        9999998976.00               0.00         268493.22          74793.38     9999998976.00 0.100E+11 0.100E+11
ABIC : 0.10000E+02 0.0 0.0 0.0  0.31623E-01     0.0     0.0     0.0            123805.77          199875.91         160244.38          74793.38           1182.16 0.136E+00 0.187E+01
ABIC : 0.10000E+03 0.0 0.0 0.0  0.31623E-01     0.0     0.0     0.0            114302.57          399751.81         343173.34          74793.38           2141.41 0.183E+00 0.252E+01
ABIC : 0.10000E+04 0.0 0.0 0.0  0.31623E-01     0.0     0.0     0.0            109050.41          599627.69         530236.62          74793.38           3915.33 0.247E+00 0.341E+01
ABIC : 0.10000E+05 0.0 0.0 0.0  0.31623E-01     0.0     0.0     0.0            108822.32          799503.62         722222.81          74793.38           7216.81 0.336E+00 0.463E+01
ABIC : 0.10000E+06 0.0 0.0 0.0  0.31623E-01     0.0     0.0     0.0            110598.20          999379.44         918889.06          74793.38          10743.76 0.410E+00 0.565E+01
ABIC : 0.31623E+04 0.0 0.0 0.0  0.31623E-01     0.0     0.0     0.0            108434.88          699565.62         625565.12          74793.38           5385.29 0.290E+00 0.400E+01
ABIC : 0.17783E+04 0.0 0.0 0.0  0.31623E-01     0.0     0.0     0.0            108588.57          649596.69         577736.94          74793.38           4595.49 0.268E+00 0.370E+01
ABIC : 0.56234E+04 0.0 0.0 0.0  0.31623E-01     0.0     0.0     0.0            108534.57          749534.62         673728.88          74793.38           6269.61 0.313E+00 0.432E+01
ABIC : 0.23714E+04 0.0 0.0 0.0  0.31623E-01     0.0     0.0     0.0            108476.13          674581.12         601609.12          74793.38           4977.23 0.279E+00 0.385E+01
ABIC : 0.42170E+04 0.0 0.0 0.0  0.31623E-01     0.0     0.0     0.0            108456.76          724550.19         649604.88          74793.38           5817.25 0.301E+00 0.416E+01
alpha2, abic : 0.316E-01     108434.88     108434.88
alpha2, abic : 0.100E+00     108301.10     108301.10
ABIC : 0.10000E+04 0.0 0.0 0.0  0.31623E+00     0.0     0.0     0.0            108736.53          599627.69         529213.38          77892.03           3235.55 0.225E+00 0.981E+01
ABIC : 0.10000E+05 0.0 0.0 0.0  0.31623E+00     0.0     0.0     0.0            109066.28          799503.62         721836.44          77892.03           5926.34 0.304E+00 0.133E+02
ABIC : 0.10000E+02 0.0 0.0 0.0  0.31623E+00     0.0     0.0     0.0            122579.94          199875.91         158144.67          77892.03            989.83 0.124E+00 0.542E+01
ABIC : 0.10000E+03 0.0 0.0 0.0  0.31623E+00     0.0     0.0     0.0            113410.81          399751.81         341518.16          77892.03           1777.27 0.167E+00 0.727E+01
ABIC : 0.10000E+04 0.0 0.0 0.0  0.31623E+00     0.0     0.0     0.0            108736.53          599627.69         529213.38          77892.03           3235.55 0.225E+00 0.981E+01
ABIC : 0.10000E+05 0.0 0.0 0.0  0.31623E+00     0.0     0.0     0.0            109066.28          799503.62         721836.44          77892.03           5926.34 0.304E+00 0.133E+02
ABIC : 0.31623E+03 0.0 0.0 0.0  0.31623E+00     0.0     0.0     0.0            110396.81          499689.72         434789.94          77892.03           2378.75 0.193E+00 0.841E+01
ABIC : 0.31623E+04 0.0 0.0 0.0  0.31623E+00     0.0     0.0     0.0            108411.47          699565.62         624887.88          77892.03           4430.63 0.263E+00 0.115E+02
ABIC : 0.17783E+04 0.0 0.0 0.0  0.31623E+00     0.0     0.0     0.0            108421.53          649596.69         576889.38          77892.03           3788.89 0.243E+00 0.106E+02
ABIC : 0.56234E+04 0.0 0.0 0.0  0.31623E+00     0.0     0.0     0.0            108649.59          749534.62         673207.56          77892.03           5150.96 0.284E+00 0.124E+02
ABIC : 0.23714E+04 0.0 0.0 0.0  0.31623E+00     0.0     0.0     0.0            108381.41          674581.12         600848.00          77892.03           4099.01 0.253E+00 0.110E+02
alpha2, abic : 0.316E+00     108381.41     108301.10
   3162.278      0.1000000       4973.778    
Xdif :     0.0196
.nstep.inf detected. Ending inversion early.
Done.

 1/x = r2(space)/r1(time) =        3.50   km/sec
 Synthetic and Observed waveforms saved to wave.syn/ directory.
 Calculating 0.1s synthetics...
 0.1s Synthetic and Observed waveforms saved to wave.syn/*.syn01/*.obs01
check:      0.0000      0.0000      0.0000   0.13818        5113.9
 Seismic Moment :  0.2688E+23 [Nm],  Mw :  8.89
  
  Total Slip for each sub-fault 
  
 2.57  4.68  6.34  7.51  7.77  7.76  8.33  8.89  8.82  8.52  8.64  9.13  9.97 10.82 11.07 10.61 10.78 10.32  9.37  7.83  6.34  3.14
 2.60  4.72  6.07  7.03  7.23  7.20  7.88  8.37  8.29  8.20  8.35  8.75  9.57 10.40 10.53 10.28 10.14 10.36 10.01  8.16  5.94  3.43
 2.85  4.56  5.62  6.18  6.42  6.28  6.84  7.60  7.61  7.66  7.92  8.04  8.74  9.54  9.81  9.92 10.07 10.21  9.41  7.63  5.74  3.42
 2.49  3.82  5.03  4.83  5.13  5.33  6.21  6.88  7.06  6.85  7.11  7.33  7.81  8.41  8.88  9.46  9.16  8.83  8.18  7.17  6.41  3.53
 2.23  4.16  4.60  3.81  4.66  5.11  5.31  6.01  6.13  6.12  6.16  6.25  6.54  6.83  7.72  8.80  8.20  7.44  6.30  5.67  5.47  2.68
 2.35  4.22  4.85  4.03  4.57  4.86  4.50  4.89  5.00  4.99  5.02  4.98  4.96  5.52  6.77  7.33  6.97  6.09  4.73  4.06  4.02  2.10
 2.23  3.80  3.92  3.50  3.54  3.88  3.59  3.48  3.77  3.70  3.59  3.27  3.23  3.88  5.07  5.04  4.95  4.56  3.64  2.93  2.73  1.28
 1.53  2.25  2.45  2.44  1.88  1.83  1.85  1.95  2.00  2.13  1.83  1.50  1.75  2.17  2.67  2.82  2.55  2.63  2.18  1.99  1.70  0.45

