  basis double couple component. 
strike:   218.0  222.8  313.7  313.7   90.4    0.0
dip:       18.0   62.9   88.1   88.1   78.8  500.0
rake:      84.0  -92.1 -107.9  -17.9 -165.8    0.0
 Inital Slip Model : Uniform slip Model 
 N_model:    86805 , min_jtn:  59/ 109 , st_max:200.0
Running iteration 1...
 1/x = r2(space)/r1(time) =        3.50   km/sec
ABIC : 0.10000E-01 0.0 0.0 0.0  0.10000E-02     0.0     0.0     0.0        9999998976.00         -399751.81        1006416.25          74233.09     9999998976.00 0.100E+11 0.100E+11
ABIC : 0.10000E+00 0.0 0.0 0.0  0.10000E-02     0.0     0.0     0.0        9999998976.00         -199875.91        1005385.94          74233.09     9999998976.00 0.100E+11 0.100E+11
ABIC : 0.10000E+01 0.0 0.0 0.0  0.10000E-02     0.0     0.0     0.0        9999998976.00               0.00         987255.19          74233.09     9999998976.00 0.100E+11 0.100E+11
ABIC : 0.10000E+02 0.0 0.0 0.0  0.10000E-02     0.0     0.0     0.0            146961.89          199875.91         188558.09          74233.09            819.07 0.950E-02 0.277E+00
ABIC : 0.10000E+03 0.0 0.0 0.0  0.10000E-02     0.0     0.0     0.0            137300.53          399751.81         370512.75          74233.09           1583.55 0.132E-01 0.386E+00
ABIC : 0.10000E+04 0.0 0.0 0.0  0.10000E-02     0.0     0.0     0.0            131945.97          599627.69         556449.31          74233.09           3142.01 0.186E-01 0.543E+00
ABIC : 0.10000E+05 0.0 0.0 0.0  0.10000E-02     0.0     0.0     0.0            131018.21          799503.62         746919.56          74233.09           6181.29 0.261E-01 0.762E+00
ABIC : 0.10000E+06 0.0 0.0 0.0  0.10000E-02     0.0     0.0     0.0            132466.59          999379.44         942230.12          74233.09           9989.17 0.332E-01 0.969E+00
ABIC : 0.31623E+04 0.0 0.0 0.0  0.10000E-02     0.0     0.0     0.0            131049.96          699565.62         651065.06          74233.09           4473.35 0.222E-01 0.648E+00
ABIC : 0.31623E+05 0.0 0.0 0.0  0.10000E-02     0.0     0.0     0.0            131583.59          899441.56         844030.31          74233.09           8103.57 0.299E-01 0.873E+00
ABIC : 0.56234E+04 0.0 0.0 0.0  0.10000E-02     0.0     0.0     0.0            130944.15          749534.62         698832.94          74233.09           5287.66 0.241E-01 0.705E+00
ABIC : 0.42170E+04 0.0 0.0 0.0  0.10000E-02     0.0     0.0     0.0            130972.77          724550.19         674909.75          74233.09           4869.32 0.232E-01 0.676E+00
ABIC : 0.74989E+04 0.0 0.0 0.0  0.10000E-02     0.0     0.0     0.0            130962.34          774519.06         722837.88          74233.09           5725.93 0.251E-01 0.734E+00
alpha2, abic : 0.100E-02     130944.15     130944.15
ABIC : 0.10000E+04 0.0 0.0 0.0  0.10000E-01     0.0     0.0     0.0            131569.55          599627.69         556268.56          74615.95           3000.22 0.182E-01 0.168E+01
ABIC : 0.10000E+05 0.0 0.0 0.0  0.10000E-01     0.0     0.0     0.0            130603.45          799503.62         746829.94          74615.95           5841.67 0.254E-01 0.234E+01
ABIC : 0.10000E+06 0.0 0.0 0.0  0.10000E-01     0.0     0.0     0.0            132110.33          999379.44         942206.75          74615.95           9434.53 0.323E-01 0.298E+01
ABIC : 0.31623E+04 0.0 0.0 0.0  0.10000E-01     0.0     0.0     0.0            130647.02          699565.62         650928.50          74615.95           4247.44 0.216E-01 0.200E+01
ABIC : 0.31623E+05 0.0 0.0 0.0  0.10000E-01     0.0     0.0     0.0            131187.83          899441.56         843980.62          74615.95           7645.55 0.290E-01 0.268E+01
ABIC : 0.56234E+04 0.0 0.0 0.0  0.10000E-01     0.0     0.0     0.0            130531.70          749534.62         698720.00          74615.95           5007.37 0.235E-01 0.217E+01
ABIC : 0.42170E+04 0.0 0.0 0.0  0.10000E-01     0.0     0.0     0.0            130564.33          724550.19         674785.00          74615.95           4617.04 0.226E-01 0.208E+01
ABIC : 0.74989E+04 0.0 0.0 0.0  0.10000E-01     0.0     0.0     0.0            130547.89          774519.06         722736.88          74615.95           5416.38 0.244E-01 0.226E+01
alpha2, abic : 0.100E-01     130531.70     130531.70
ABIC : 0.10000E+04 0.0 0.0 0.0  0.10000E+00     0.0     0.0     0.0            130745.50          599627.69         555489.31          76386.62           2595.52 0.169E-01 0.494E+01
ABIC : 0.10000E+05 0.0 0.0 0.0  0.10000E+00     0.0     0.0     0.0            129811.00          799503.62         746463.69          76386.62           4902.16 0.233E-01 0.679E+01
ABIC : 0.10000E+06 0.0 0.0 0.0  0.10000E+00     0.0     0.0     0.0            131618.38          999379.44         942107.12          76386.62           7938.58 0.296E-01 0.864E+01
ABIC : 0.31623E+04 0.0 0.0 0.0  0.10000E+00     0.0     0.0     0.0            129790.69          699565.62         650359.44          76386.62           3604.08 0.199E-01 0.582E+01
ABIC : 0.17783E+04 0.0 0.0 0.0  0.10000E+00     0.0     0.0     0.0            130131.88          649596.69         602772.69          76386.62           3062.29 0.184E-01 0.536E+01
ABIC : 0.56234E+04 0.0 0.0 0.0  0.10000E+00     0.0     0.0     0.0            129693.62          749534.62         698255.50          76386.62           4219.72 0.216E-01 0.630E+01
ABIC : 0.42170E+04 0.0 0.0 0.0  0.10000E+00     0.0     0.0     0.0            129713.75          724550.19         674268.88          76386.62           3902.96 0.207E-01 0.606E+01
ABIC : 0.74989E+04 0.0 0.0 0.0  0.10000E+00     0.0     0.0     0.0            129729.62          774519.06         722322.75          76386.62           4553.27 0.224E-01 0.654E+01
alpha2, abic : 0.100E+00     129693.62     129693.62
ABIC : 0.10000E+04 0.0 0.0 0.0  0.10000E+01     0.0     0.0     0.0            130060.32          599627.69         553606.00          81773.32           1857.95 0.143E-01 0.132E+02
ABIC : 0.10000E+05 0.0 0.0 0.0  0.10000E+01     0.0     0.0     0.0            129963.07          799503.62         745613.38          81773.32           3454.73 0.195E-01 0.180E+02
ABIC : 0.10000E+06 0.0 0.0 0.0  0.10000E+01     0.0     0.0     0.0            132461.94          999379.44         941863.94          81773.32           5632.43 0.249E-01 0.230E+02
ABIC : 0.31623E+04 0.0 0.0 0.0  0.10000E+01     0.0     0.0     0.0            129499.38          699565.62         649028.50          81773.32           2547.48 0.168E-01 0.155E+02
ABIC : 0.17783E+04 0.0 0.0 0.0  0.10000E+01     0.0     0.0     0.0            129632.95          649596.69         601170.69          81773.32           2175.51 0.155E-01 0.143E+02
ABIC : 0.56234E+04 0.0 0.0 0.0  0.10000E+01     0.0     0.0     0.0            129623.07          749534.62         697176.94          81773.32           2975.12 0.181E-01 0.167E+02
ABIC : 0.23714E+04 0.0 0.0 0.0  0.10000E+01     0.0     0.0     0.0            129529.76          674581.12         625061.31          81773.32           2354.51 0.161E-01 0.149E+02
ABIC : 0.42170E+04 0.0 0.0 0.0  0.10000E+01     0.0     0.0     0.0            129531.88          724550.19         673066.94          81773.32           2754.44 0.174E-01 0.161E+02
alpha2, abic : 0.100E+01     129499.38     129499.38
ABIC : 0.10000E+04 0.0 0.0 0.0  0.10000E+02     0.0     0.0     0.0            131159.27          599627.69         550571.94          93376.14           1023.55 0.106E-01 0.310E+02
ABIC : 0.10000E+05 0.0 0.0 0.0  0.10000E+02     0.0     0.0     0.0            132746.27          799503.62         744268.44          93376.14           1902.47 0.145E-01 0.423E+02
ABIC : 0.10000E+02 0.0 0.0 0.0  0.10000E+02     0.0     0.0     0.0            141566.28          199875.91         176148.27          93376.14            311.10 0.586E-02 0.171E+02
ABIC : 0.10000E+03 0.0 0.0 0.0  0.10000E+02     0.0     0.0     0.0            134112.05          399751.81         361107.25          93376.14            564.39 0.789E-02 0.230E+02
ABIC : 0.10000E+04 0.0 0.0 0.0  0.10000E+02     0.0     0.0     0.0            131159.27          599627.69         550571.94          93376.14           1023.55 0.106E-01 0.310E+02
ABIC : 0.10000E+05 0.0 0.0 0.0  0.10000E+02     0.0     0.0     0.0            132746.27          799503.62         744268.44          93376.14           1902.47 0.145E-01 0.423E+02
ABIC : 0.31623E+03 0.0 0.0 0.0  0.10000E+02     0.0     0.0     0.0            131996.17          499689.72         455293.59          93376.14            754.40 0.912E-02 0.266E+02
ABIC : 0.31623E+04 0.0 0.0 0.0  0.10000E+02     0.0     0.0     0.0            131517.45          699565.62         646913.12          93376.14           1403.45 0.124E-01 0.363E+02
ABIC : 0.56234E+03 0.0 0.0 0.0  0.10000E+02     0.0     0.0     0.0            131416.27          549658.75         502797.41          93376.14            876.90 0.983E-02 0.287E+02
ABIC : 0.17783E+04 0.0 0.0 0.0  0.10000E+02     0.0     0.0     0.0            131204.02          649596.69         598611.31          93376.14           1198.25 0.115E-01 0.336E+02
ABIC : 0.74989E+03 0.0 0.0 0.0  0.10000E+02     0.0     0.0     0.0            131249.17          574643.19         526652.00          93376.14            946.94 0.102E-01 0.298E+02
ABIC : 0.13335E+04 0.0 0.0 0.0  0.10000E+02     0.0     0.0     0.0            131143.95          624612.19         574557.00          93376.14           1107.19 0.110E-01 0.323E+02
alpha2, abic : 0.100E+02     131143.95     129499.38
ABIC : 0.10000E-01 0.0 0.0 0.0  0.31623E+00     0.0     0.0     0.0        9999998976.00         -399751.81         951829.12          78457.81     9999998976.00 0.100E+11 0.100E+11
ABIC : 0.10000E+00 0.0 0.0 0.0  0.31623E+00     0.0     0.0     0.0        9999998976.00         -199875.91         951185.62          78457.81     9999998976.00 0.100E+11 0.100E+11
ABIC : 0.10000E+01 0.0 0.0 0.0  0.31623E+00     0.0     0.0     0.0        9999998976.00               0.00         938278.38          78457.81     9999998976.00 0.100E+11 0.100E+11
ABIC : 0.10000E+02 0.0 0.0 0.0  0.31623E+00     0.0     0.0     0.0            144911.06          199875.91         185492.41          78457.81            633.95 0.836E-02 0.434E+01
ABIC : 0.10000E+03 0.0 0.0 0.0  0.31623E+00     0.0     0.0     0.0            135570.22          399751.81         367957.47          78457.81           1207.22 0.115E-01 0.599E+01
ABIC : 0.10000E+04 0.0 0.0 0.0  0.31623E+00     0.0     0.0     0.0            130288.41          599627.69         554698.88          78457.81           2259.36 0.158E-01 0.819E+01
ABIC : 0.10000E+05 0.0 0.0 0.0  0.31623E+00     0.0     0.0     0.0            129647.94          799503.62         746103.62          78457.81           4221.06 0.216E-01 0.112E+02
ABIC : 0.10000E+06 0.0 0.0 0.0  0.31623E+00     0.0     0.0     0.0            131759.19          999379.44         942005.50          78457.81           6860.45 0.275E-01 0.143E+02
ABIC : 0.31623E+04 0.0 0.0 0.0  0.31623E+00     0.0     0.0     0.0            129456.94          699565.62         649796.62          78457.81           3111.29 0.185E-01 0.962E+01
ABIC : 0.17783E+04 0.0 0.0 0.0  0.31623E+00     0.0     0.0     0.0            129729.00          649596.69         602097.31          78457.81           2652.76 0.171E-01 0.888E+01
ABIC : 0.56234E+04 0.0 0.0 0.0  0.31623E+00     0.0     0.0     0.0            129441.62          749534.62         697798.81          78457.81           3635.67 0.200E-01 0.104E+02
ABIC : 0.42170E+04 0.0 0.0 0.0  0.31623E+00     0.0     0.0     0.0            129419.56          724550.19         673760.12          78457.81           3365.40 0.193E-01 0.100E+02
alpha2, abic : 0.316E+00     129419.56     129419.56
alpha2, abic : 0.100E+01     129499.38     129419.56
   4216.965      0.3162278       3365.411    
Running iteration 2...
 1/x = r2(space)/r1(time) =        3.50   km/sec
ABIC : 0.10000E-01 0.0 0.0 0.0  0.10000E-02     0.0     0.0     0.0        9999998976.00         -399751.81         994219.56          70708.14     9999998976.00 0.100E+11 0.100E+11
ABIC : 0.10000E+00 0.0 0.0 0.0  0.10000E-02     0.0     0.0     0.0        9999998976.00         -199875.91         971184.38          70708.14     9999998976.00 0.100E+11 0.100E+11
ABIC : 0.10000E+01 0.0 0.0 0.0  0.10000E-02     0.0     0.0     0.0        9999998976.00               0.00         800608.81          70708.14     9999998976.00 0.100E+11 0.100E+11
ABIC : 0.10000E+02 0.0 0.0 0.0  0.10000E-02     0.0     0.0     0.0            122621.35          199875.91         156248.70          70708.14           2049.89 0.988E-01 0.439E+00
ABIC : 0.10000E+03 0.0 0.0 0.0  0.10000E-02     0.0     0.0     0.0            111061.05          399751.81         338437.09          70708.14           3342.87 0.126E+00 0.560E+00
ABIC : 0.10000E+04 0.0 0.0 0.0  0.10000E-02     0.0     0.0     0.0            103993.95          599627.69         524671.81          70708.14           5649.33 0.164E+00 0.729E+00
ABIC : 0.10000E+05 0.0 0.0 0.0  0.10000E-02     0.0     0.0     0.0            102419.45          799503.62         715588.50          70708.14          10185.35 0.220E+00 0.978E+00
ABIC : 0.10000E+06 0.0 0.0 0.0  0.10000E-02     0.0     0.0     0.0            104114.27          999379.44         911312.88          70708.14          16241.42 0.278E+00 0.124E+01
ABIC : 0.31623E+04 0.0 0.0 0.0  0.10000E-02     0.0     0.0     0.0            102569.45          699565.62         619494.62          70708.14           7584.47 0.190E+00 0.844E+00
ABIC : 0.31623E+05 0.0 0.0 0.0  0.10000E-02     0.0     0.0     0.0            103095.70          899441.56         812934.12          70708.14          13221.28 0.251E+00 0.111E+01
ABIC : 0.56234E+04 0.0 0.0 0.0  0.10000E-02     0.0     0.0     0.0            102359.39          749534.62         667379.06          70708.14           8808.49 0.205E+00 0.910E+00
ABIC : 0.42170E+04 0.0 0.0 0.0  0.10000E-02     0.0     0.0     0.0            102427.45          724550.19         643396.81          70708.14           8175.64 0.197E+00 0.877E+00
ABIC : 0.74989E+04 0.0 0.0 0.0  0.10000E-02     0.0     0.0     0.0            102361.52          774519.06         691445.25          70708.14           9479.92 0.212E+00 0.944E+00
alpha2, abic : 0.100E-02     102359.39     102359.39
ABIC : 0.10000E+04 0.0 0.0 0.0  0.10000E-01     0.0     0.0     0.0            102936.28          599627.69         524425.88          71394.69           5012.59 0.154E+00 0.217E+01
ABIC : 0.10000E+05 0.0 0.0 0.0  0.10000E-01     0.0     0.0     0.0            101587.50          799503.62         715467.88          71394.69           9110.06 0.208E+00 0.293E+01
ABIC : 0.10000E+06 0.0 0.0 0.0  0.10000E-01     0.0     0.0     0.0            103426.88          999379.44         911278.88          71394.69          14594.13 0.264E+00 0.370E+01
ABIC : 0.31623E+04 0.0 0.0 0.0  0.10000E-01     0.0     0.0     0.0            101632.75          699565.62         619311.12          71394.69           6761.12 0.179E+00 0.252E+01
ABIC : 0.31623E+05 0.0 0.0 0.0  0.10000E-01     0.0     0.0     0.0            102346.19          899441.56         812865.62          71394.69          11854.16 0.238E+00 0.334E+01
ABIC : 0.56234E+04 0.0 0.0 0.0  0.10000E-01     0.0     0.0     0.0            101478.31          749534.62         667227.62          71394.69           7867.04 0.194E+00 0.272E+01
ABIC : 0.42170E+04 0.0 0.0 0.0  0.10000E-01     0.0     0.0     0.0            101519.31          724550.19         643229.44          71394.69           7295.37 0.186E+00 0.262E+01
ABIC : 0.74989E+04 0.0 0.0 0.0  0.10000E-01     0.0     0.0     0.0            101505.75          774519.06         691309.44          71394.69           8473.28 0.201E+00 0.282E+01
alpha2, abic : 0.100E-01     101478.31     101478.31
ABIC : 0.10000E+04 0.0 0.0 0.0  0.10000E+00     0.0     0.0     0.0            101507.34          599627.69         523552.31          73794.66           3959.32 0.137E+00 0.610E+01
ABIC : 0.10000E+05 0.0 0.0 0.0  0.10000E+00     0.0     0.0     0.0            100684.53          799503.62         715055.00          73794.66           7233.39 0.186E+00 0.824E+01
ABIC : 0.10000E+06 0.0 0.0 0.0  0.10000E+00     0.0     0.0     0.0            102796.03          999379.44         911163.81          73794.66          11564.01 0.235E+00 0.104E+02
ABIC : 0.31623E+04 0.0 0.0 0.0  0.10000E+00     0.0     0.0     0.0            100499.78          699565.62         618672.12          73794.66           5366.68 0.160E+00 0.710E+01
ABIC : 0.17783E+04 0.0 0.0 0.0  0.10000E+00     0.0     0.0     0.0            100829.97          649596.69         570955.94          73794.66           4603.24 0.148E+00 0.658E+01
ABIC : 0.56234E+04 0.0 0.0 0.0  0.10000E+00     0.0     0.0     0.0            100468.91          749534.62         666705.19          73794.66           6248.00 0.172E+00 0.766E+01
ABIC : 0.42170E+04 0.0 0.0 0.0  0.10000E+00     0.0     0.0     0.0            100450.53          724550.19         642649.31          73794.66           5793.18 0.166E+00 0.738E+01
alpha2, abic : 0.100E+00     100450.53     100450.53
ABIC : 0.10000E+04 0.0 0.0 0.0  0.10000E+01     0.0     0.0     0.0            100518.66          599627.69         521563.31          80104.72           2591.60 0.111E+00 0.156E+02
ABIC : 0.10000E+05 0.0 0.0 0.0  0.10000E+01     0.0     0.0     0.0            100906.91          799503.62         714165.94          80104.72           4776.86 0.151E+00 0.212E+02
ABIC : 0.10000E+02 0.0 0.0 0.0  0.10000E+01     0.0     0.0     0.0            115053.84          199875.91         150258.50          80104.72            853.77 0.638E-01 0.896E+01
ABIC : 0.10000E+03 0.0 0.0 0.0  0.10000E+01     0.0     0.0     0.0            105356.72          399751.81         333707.84          80104.72           1460.85 0.834E-01 0.117E+02
ABIC : 0.10000E+04 0.0 0.0 0.0  0.10000E+01     0.0     0.0     0.0            100518.66          599627.69         521563.31          80104.72           2591.60 0.111E+00 0.156E+02
ABIC : 0.10000E+05 0.0 0.0 0.0  0.10000E+01     0.0     0.0     0.0            100906.91          799503.62         714165.94          80104.72           4776.86 0.151E+00 0.212E+02
ABIC : 0.31623E+03 0.0 0.0 0.0  0.10000E+01     0.0     0.0     0.0            102226.19          499689.72         427061.25          80104.72           1924.55 0.957E-01 0.134E+02
ABIC : 0.31623E+04 0.0 0.0 0.0  0.10000E+01     0.0     0.0     0.0            100191.22          699565.62         617266.56          80104.72           3540.02 0.130E+00 0.182E+02
ABIC : 0.17783E+04 0.0 0.0 0.0  0.10000E+01     0.0     0.0     0.0            100197.09          649596.69         569262.50          80104.72           3027.61 0.120E+00 0.169E+02
ABIC : 0.56234E+04 0.0 0.0 0.0  0.10000E+01     0.0     0.0     0.0            100448.16          749534.62         665570.69          80104.72           4126.88 0.140E+00 0.197E+02
ABIC : 0.23714E+04 0.0 0.0 0.0  0.10000E+01     0.0     0.0     0.0            100155.84          674581.12         593224.69          80104.72           3274.20 0.125E+00 0.175E+02
alpha2, abic : 0.100E+01     100155.84     100155.84
ABIC : 0.10000E+03 0.0 0.0 0.0  0.10000E+02     0.0     0.0     0.0            104055.09          399751.81         328503.03          92648.00            733.01 0.591E-01 0.262E+02
ABIC : 0.10000E+04 0.0 0.0 0.0  0.10000E+02     0.0     0.0     0.0            101700.00          599627.69         518513.12          92648.00           1334.92 0.797E-01 0.354E+02
ABIC : 0.10000E+05 0.0 0.0 0.0  0.10000E+02     0.0     0.0     0.0            103821.19          799503.62         712894.94          92648.00           2451.47 0.108E+00 0.480E+02
ABIC : 0.31623E+03 0.0 0.0 0.0  0.10000E+02     0.0     0.0     0.0            102181.59          499689.72         422939.16          92648.00            979.22 0.683E-01 0.303E+02
ABIC : 0.31623E+04 0.0 0.0 0.0  0.10000E+02     0.0     0.0     0.0            102408.62          699565.62         615196.69          92648.00           1831.58 0.934E-01 0.415E+02
ABIC : 0.56234E+03 0.0 0.0 0.0  0.10000E+02     0.0     0.0     0.0            101769.75          549658.75         470583.75          92648.00           1140.71 0.737E-01 0.327E+02
ABIC : 0.17783E+04 0.0 0.0 0.0  0.10000E+02     0.0     0.0     0.0            101931.81          649596.69         566719.81          92648.00           1565.23 0.863E-01 0.384E+02
ABIC : 0.74989E+03 0.0 0.0 0.0  0.10000E+02     0.0     0.0     0.0            101695.03          574643.19         494514.16          92648.00           1233.45 0.766E-01 0.340E+02
alpha2, abic : 0.100E+02     101695.03     100155.84
ABIC : 0.10000E-01 0.0 0.0 0.0  0.31623E+00     0.0     0.0     0.0        9999998976.00         -399751.81         935398.44          76301.47     9999998976.00 0.100E+11 0.100E+11
ABIC : 0.10000E+00 0.0 0.0 0.0  0.31623E+00     0.0     0.0     0.0        9999998976.00         -199875.91         914425.75          76301.47     9999998976.00 0.100E+11 0.100E+11
ABIC : 0.10000E+01 0.0 0.0 0.0  0.31623E+00     0.0     0.0     0.0        9999998976.00               0.00         602469.75          76301.47     9999998976.00 0.100E+11 0.100E+11
ABIC : 0.10000E+02 0.0 0.0 0.0  0.31623E+00     0.0     0.0     0.0            117076.90          199875.91         152644.83          76301.47           1123.52 0.731E-01 0.578E+01
ABIC : 0.10000E+03 0.0 0.0 0.0  0.31623E+00     0.0     0.0     0.0            106580.88          399751.81         335533.69          76301.47           1886.17 0.948E-01 0.749E+01
ABIC : 0.10000E+04 0.0 0.0 0.0  0.31623E+00     0.0     0.0     0.0            100848.75          599627.69         522709.78          76301.47           3289.29 0.125E+00 0.989E+01
ABIC : 0.10000E+05 0.0 0.0 0.0  0.31623E+00     0.0     0.0     0.0            100547.34          799503.62         714671.31          76301.47           6039.39 0.170E+00 0.134E+02
ABIC : 0.10000E+06 0.0 0.0 0.0  0.31623E+00     0.0     0.0     0.0            102863.59          999379.44         911055.50          76301.47           9600.91 0.214E+00 0.169E+02
ABIC : 0.31623E+04 0.0 0.0 0.0  0.31623E+00     0.0     0.0     0.0            100133.22          699565.62         618069.88          76301.47           4476.94 0.146E+00 0.115E+02
ABIC : 0.17783E+04 0.0 0.0 0.0  0.31623E+00     0.0     0.0     0.0            100324.66          649596.69         570234.25          76301.47           3834.17 0.135E+00 0.107E+02
ABIC : 0.56234E+04 0.0 0.0 0.0  0.31623E+00     0.0     0.0     0.0            100225.22          749534.62         666217.06          76301.47           5215.80 0.158E+00 0.124E+02
ABIC : 0.23714E+04 0.0 0.0 0.0  0.31623E+00     0.0     0.0     0.0            100188.47          674581.12         594111.19          76301.47           4143.23 0.140E+00 0.111E+02
ABIC : 0.42170E+04 0.0 0.0 0.0  0.31623E+00     0.0     0.0     0.0            100147.41          724550.19         642105.06          76301.47           4834.83 0.152E+00 0.120E+02
alpha2, abic : 0.316E+00     100133.22     100133.22
alpha2, abic : 0.100E+01     100155.84     100133.22
   3162.278      0.3162278       4476.947    
Xdif :     0.5782
Running iteration 3...
 1/x = r2(space)/r1(time) =        3.50   km/sec
ABIC : 0.10000E-01 0.0 0.0 0.0  0.10000E-02     0.0     0.0     0.0        9999998976.00         -399751.81         972728.38          72170.41     9999998976.00 0.100E+11 0.100E+11
ABIC : 0.10000E+00 0.0 0.0 0.0  0.10000E-02     0.0     0.0     0.0        9999998976.00         -199875.91         950575.31          72170.41     9999998976.00 0.100E+11 0.100E+11
ABIC : 0.10000E+01 0.0 0.0 0.0  0.10000E-02     0.0     0.0     0.0        9999998976.00               0.00         688141.50          72170.41     9999998976.00 0.100E+11 0.100E+11
ABIC : 0.10000E+02 0.0 0.0 0.0  0.10000E-02     0.0     0.0     0.0            121935.92          199875.91         158205.69          72170.41           1477.23 0.109E+00 0.373E+00
ABIC : 0.10000E+03 0.0 0.0 0.0  0.10000E-02     0.0     0.0     0.0            111496.79          399751.81         340580.41          72170.41           2595.63 0.145E+00 0.494E+00
ABIC : 0.10000E+04 0.0 0.0 0.0  0.10000E-02     0.0     0.0     0.0            105351.88          599627.69         526987.94          72170.41           4656.89 0.194E+00 0.662E+00
ABIC : 0.10000E+05 0.0 0.0 0.0  0.10000E-02     0.0     0.0     0.0            104401.16          799503.62         718105.56          72170.41           8684.23 0.265E+00 0.903E+00
ABIC : 0.10000E+06 0.0 0.0 0.0  0.10000E-02     0.0     0.0     0.0            105895.23          999379.44         914039.31          72170.41          13401.83 0.329E+00 0.112E+01
ABIC : 0.31623E+04 0.0 0.0 0.0  0.10000E-02     0.0     0.0     0.0            104333.04          699565.62         621905.06          72170.41           6409.38 0.228E+00 0.776E+00
ABIC : 0.17783E+04 0.0 0.0 0.0  0.10000E-02     0.0     0.0     0.0            104678.04          649596.69         574290.69          72170.41           5459.59 0.210E+00 0.716E+00
ABIC : 0.56234E+04 0.0 0.0 0.0  0.10000E-02     0.0     0.0     0.0            104261.16          749534.62         669841.25          72170.41           7495.31 0.246E+00 0.839E+00
ABIC : 0.42170E+04 0.0 0.0 0.0  0.10000E-02     0.0     0.0     0.0            104267.23          724550.19         645832.88          72170.41           6936.90 0.237E+00 0.807E+00
ABIC : 0.74989E+04 0.0 0.0 0.0  0.10000E-02     0.0     0.0     0.0            104310.79          774519.06         693934.56          72170.41           8079.75 0.256E+00 0.871E+00
alpha2, abic : 0.100E-02     104261.16     104261.16
ABIC : 0.10000E+04 0.0 0.0 0.0  0.10000E-01     0.0     0.0     0.0            104732.64          599627.69         526785.25          72708.02           4315.41 0.187E+00 0.201E+01
ABIC : 0.10000E+05 0.0 0.0 0.0  0.10000E-01     0.0     0.0     0.0            103869.02          799503.62         718012.44          72708.02           8033.00 0.255E+00 0.275E+01
ABIC : 0.10000E+06 0.0 0.0 0.0  0.10000E-01     0.0     0.0     0.0            105434.27          999379.44         914016.50          72708.02          12397.75 0.317E+00 0.341E+01
ABIC : 0.31623E+04 0.0 0.0 0.0  0.10000E-01     0.0     0.0     0.0            103767.14          699565.62         621757.44          72708.02           5938.58 0.219E+00 0.236E+01
ABIC : 0.17783E+04 0.0 0.0 0.0  0.10000E-01     0.0     0.0     0.0            104088.39          649596.69         574114.94          72708.02           5060.31 0.202E+00 0.218E+01
ABIC : 0.56234E+04 0.0 0.0 0.0  0.10000E-01     0.0     0.0     0.0            103713.64          749534.62         669721.75          72708.02           6939.32 0.237E+00 0.255E+01
ABIC : 0.42170E+04 0.0 0.0 0.0  0.10000E-01     0.0     0.0     0.0            103711.02          724550.19         645699.38          72708.02           6425.07 0.228E+00 0.246E+01
alpha2, abic : 0.100E-01     103711.02     103711.02
ABIC : 0.10000E+04 0.0 0.0 0.0  0.10000E+00     0.0     0.0     0.0            103813.92          599627.69         526009.44          74794.11           3612.08 0.171E+00 0.583E+01
ABIC : 0.10000E+05 0.0 0.0 0.0  0.10000E+00     0.0     0.0     0.0            103264.86          799503.62         717664.88          74794.11           6663.08 0.232E+00 0.791E+01
ABIC : 0.10000E+06 0.0 0.0 0.0  0.10000E+00     0.0     0.0     0.0            105064.55          999379.44         913929.06          74794.11          10262.35 0.288E+00 0.982E+01
ABIC : 0.31623E+04 0.0 0.0 0.0  0.10000E+00     0.0     0.0     0.0            103020.17          699565.62         621201.25          74794.11           4951.75 0.200E+00 0.682E+01
ABIC : 0.17783E+04 0.0 0.0 0.0  0.10000E+00     0.0     0.0     0.0            103260.61          649596.69         573448.00          74794.11           4229.52 0.185E+00 0.630E+01
ABIC : 0.56234E+04 0.0 0.0 0.0  0.10000E+00     0.0     0.0     0.0            103039.73          749534.62         669273.75          74794.11           5770.02 0.216E+00 0.736E+01
ABIC : 0.23714E+04 0.0 0.0 0.0  0.10000E+00     0.0     0.0     0.0            103102.61          674581.12         597283.06          74794.11           4577.79 0.193E+00 0.656E+01
ABIC : 0.42170E+04 0.0 0.0 0.0  0.10000E+00     0.0     0.0     0.0            103001.23          724550.19         645197.88          74794.11           5349.93 0.208E+00 0.709E+01
alpha2, abic : 0.100E+00     103001.23     103001.23
ABIC : 0.10000E+04 0.0 0.0 0.0  0.10000E+01     0.0     0.0     0.0            103430.69          599627.69         524196.22          80597.19           2547.84 0.144E+00 0.155E+02
ABIC : 0.10000E+05 0.0 0.0 0.0  0.10000E+01     0.0     0.0     0.0            103931.38          799503.62         716891.56          80597.19           4703.59 0.195E+00 0.210E+02
ABIC : 0.10000E+02 0.0 0.0 0.0  0.10000E+01     0.0     0.0     0.0            117170.74          199875.91         152713.08          80597.19            799.04 0.804E-01 0.867E+01
ABIC : 0.10000E+03 0.0 0.0 0.0  0.10000E+01     0.0     0.0     0.0            107889.62          399751.81         336259.25          80597.19           1402.47 0.107E+00 0.115E+02
ABIC : 0.10000E+04 0.0 0.0 0.0  0.10000E+01     0.0     0.0     0.0            103430.69          599627.69         524196.22          80597.19           2547.84 0.144E+00 0.155E+02
ABIC : 0.10000E+05 0.0 0.0 0.0  0.10000E+01     0.0     0.0     0.0            103931.38          799503.62         716891.56          80597.19           4703.59 0.195E+00 0.210E+02
ABIC : 0.31623E+03 0.0 0.0 0.0  0.10000E+01     0.0     0.0     0.0            104959.97          499689.72         429652.97          80597.19           1871.48 0.123E+00 0.133E+02
ABIC : 0.31623E+04 0.0 0.0 0.0  0.10000E+01     0.0     0.0     0.0            103214.19          699565.62         619944.31          80597.19           3498.66 0.168E+00 0.181E+02
ABIC : 0.17783E+04 0.0 0.0 0.0  0.10000E+01     0.0     0.0     0.0            103176.25          649596.69         571917.31          80597.19           2987.25 0.156E+00 0.168E+02
ABIC : 0.13335E+04 0.0 0.0 0.0  0.10000E+01     0.0     0.0     0.0            103262.38          624612.19         548017.12          80597.19           2758.50 0.149E+00 0.161E+02
ABIC : 0.23714E+04 0.0 0.0 0.0  0.10000E+01     0.0     0.0     0.0            103160.12          674581.12         595890.81          80597.19           3234.11 0.162E+00 0.174E+02
alpha2, abic : 0.100E+01     103160.12     103001.23
ABIC : 0.10000E-01 0.0 0.0 0.0  0.31623E-01     0.0     0.0     0.0        9999998976.00         -399751.81         958301.62          73444.25     9999998976.00 0.100E+11 0.100E+11
ABIC : 0.10000E+00 0.0 0.0 0.0  0.31623E-01     0.0     0.0     0.0        9999998976.00         -199875.91         940722.81          73444.25     9999998976.00 0.100E+11 0.100E+11
ABIC : 0.10000E+01 0.0 0.0 0.0  0.31623E-01     0.0     0.0     0.0        9999998976.00               0.00         700814.94          73444.25     9999998976.00 0.100E+11 0.100E+11
ABIC : 0.10000E+02 0.0 0.0 0.0  0.31623E-01     0.0     0.0     0.0            120462.65          199875.91         157356.17          73444.25           1269.62 0.101E+00 0.194E+01
ABIC : 0.10000E+03 0.0 0.0 0.0  0.31623E-01     0.0     0.0     0.0            110220.22          399751.81         339879.72          73444.25           2239.37 0.135E+00 0.258E+01
ABIC : 0.10000E+04 0.0 0.0 0.0  0.31623E-01     0.0     0.0     0.0            104294.03          599627.69         526503.69          73444.25           4018.44 0.180E+00 0.346E+01
ABIC : 0.10000E+05 0.0 0.0 0.0  0.31623E-01     0.0     0.0     0.0            103520.62          799503.62         717884.62          73444.25           7442.37 0.246E+00 0.470E+01
ABIC : 0.10000E+06 0.0 0.0 0.0  0.31623E-01     0.0     0.0     0.0            105168.19          999379.44         913984.75          73444.25          11473.58 0.305E+00 0.584E+01
ABIC : 0.31623E+04 0.0 0.0 0.0  0.31623E-01     0.0     0.0     0.0            103379.50          699565.62         621553.88          73444.25           5518.00 0.211E+00 0.405E+01
ABIC : 0.17783E+04 0.0 0.0 0.0  0.31623E-01     0.0     0.0     0.0            103677.56          649596.69         573871.81          73444.25           4708.09 0.195E+00 0.374E+01
ABIC : 0.56234E+04 0.0 0.0 0.0  0.31623E-01     0.0     0.0     0.0            103345.81          749534.62         669557.25          73444.25           6437.97 0.228E+00 0.437E+01
ABIC : 0.42170E+04 0.0 0.0 0.0  0.31623E-01     0.0     0.0     0.0            103333.44          724550.19         645515.44          73444.25           5965.50 0.220E+00 0.421E+01
alpha2, abic : 0.316E-01     103333.44     103333.44
alpha2, abic : 0.100E+00     103001.23     103001.23
ABIC : 0.10000E+04 0.0 0.0 0.0  0.31623E+00     0.0     0.0     0.0            103453.51          599627.69         525247.06          77065.26           3111.47 0.159E+00 0.962E+01
ABIC : 0.10000E+05 0.0 0.0 0.0  0.31623E+00     0.0     0.0     0.0            103330.51          799503.62         717334.50          77065.26           5736.89 0.216E+00 0.131E+02
ABIC : 0.10000E+06 0.0 0.0 0.0  0.31623E+00     0.0     0.0     0.0            105353.63          999379.44         913843.06          77065.26           8821.10 0.267E+00 0.162E+02
ABIC : 0.31623E+04 0.0 0.0 0.0  0.31623E+00     0.0     0.0     0.0            102890.95          699565.62         620667.00          77065.26           4266.52 0.186E+00 0.113E+02
ABIC : 0.17783E+04 0.0 0.0 0.0  0.31623E+00     0.0     0.0     0.0            103019.95          649596.69         572800.62          77065.26           3644.71 0.172E+00 0.104E+02
ABIC : 0.56234E+04 0.0 0.0 0.0  0.31623E+00     0.0     0.0     0.0            103013.20          749534.62         668846.56          77065.26           4969.80 0.201E+00 0.122E+02
ABIC : 0.23714E+04 0.0 0.0 0.0  0.31623E+00     0.0     0.0     0.0            102918.70          674581.12         596692.69          77065.26           3944.75 0.179E+00 0.108E+02
ABIC : 0.42170E+04 0.0 0.0 0.0  0.31623E+00     0.0     0.0     0.0            102924.51          724550.19         644718.19          77065.26           4608.83 0.193E+00 0.117E+02
alpha2, abic : 0.316E+00     102890.95     102890.95
   3162.278      0.3162278       4266.524    
Xdif :     0.1959
Running iteration 4...
 1/x = r2(space)/r1(time) =        3.50   km/sec
ABIC : 0.10000E-01 0.0 0.0 0.0  0.10000E-02     0.0     0.0     0.0        9999998976.00         -399751.81         950560.81          72495.85     9999998976.00 0.100E+11 0.100E+11
ABIC : 0.10000E+00 0.0 0.0 0.0  0.10000E-02     0.0     0.0     0.0        9999998976.00         -199875.91         933009.75          72495.85     9999998976.00 0.100E+11 0.100E+11
ABIC : 0.10000E+01 0.0 0.0 0.0  0.10000E-02     0.0     0.0     0.0        9999998976.00               0.00         867988.38          72495.85     9999998976.00 0.100E+11 0.100E+11
ABIC : 0.10000E+02 0.0 0.0 0.0  0.10000E-02     0.0     0.0     0.0            123015.04          199875.91         159828.02          72495.85           1378.29 0.120E+00 0.360E+00
ABIC : 0.10000E+03 0.0 0.0 0.0  0.10000E-02     0.0     0.0     0.0            112919.79          399751.81         342153.69          72495.85           2498.92 0.162E+00 0.485E+00
ABIC : 0.10000E+04 0.0 0.0 0.0  0.10000E-02     0.0     0.0     0.0            106976.79          599627.69         528499.50          72495.85           4578.71 0.219E+00 0.656E+00
ABIC : 0.10000E+05 0.0 0.0 0.0  0.10000E-02     0.0     0.0     0.0            106173.54          799503.62         719599.75          72495.85           8651.55 0.301E+00 0.902E+00
ABIC : 0.10000E+06 0.0 0.0 0.0  0.10000E-02     0.0     0.0     0.0            107662.91          999379.44         915608.69          72495.85          13266.55 0.373E+00 0.112E+01
ABIC : 0.31623E+04 0.0 0.0 0.0  0.10000E-02     0.0     0.0     0.0            106040.98          699565.62         623395.56          72495.85           6354.39 0.258E+00 0.773E+00
ABIC : 0.17783E+04 0.0 0.0 0.0  0.10000E-02     0.0     0.0     0.0            106345.73          649596.69         575789.44          72495.85           5391.79 0.238E+00 0.712E+00
ABIC : 0.56234E+04 0.0 0.0 0.0  0.10000E-02     0.0     0.0     0.0            106005.16          749534.62         671329.88          72495.85           7453.50 0.280E+00 0.837E+00
ABIC : 0.42170E+04 0.0 0.0 0.0  0.10000E-02     0.0     0.0     0.0            105993.79          724550.19         647321.44          72495.85           6888.68 0.269E+00 0.805E+00
alpha2, abic : 0.100E-02     105993.79     105993.79
ABIC : 0.10000E+04 0.0 0.0 0.0  0.10000E-01     0.0     0.0     0.0            106473.09          599627.69         528306.69          72993.84           4292.45 0.212E+00 0.201E+01
ABIC : 0.10000E+05 0.0 0.0 0.0  0.10000E-01     0.0     0.0     0.0            105702.59          799503.62         719514.56          72993.84           8062.31 0.291E+00 0.275E+01
ABIC : 0.10000E+06 0.0 0.0 0.0  0.10000E-01     0.0     0.0     0.0            107237.96          999379.44         915589.19          72993.84          12343.58 0.360E+00 0.341E+01
ABIC : 0.31623E+04 0.0 0.0 0.0  0.10000E-01     0.0     0.0     0.0            105563.02          699565.62         623257.00          72993.84           5943.56 0.250E+00 0.236E+01
ABIC : 0.17783E+04 0.0 0.0 0.0  0.10000E-01     0.0     0.0     0.0            105858.65          649596.69         575623.31          72993.84           5050.64 0.230E+00 0.218E+01
ABIC : 0.56234E+04 0.0 0.0 0.0  0.10000E-01     0.0     0.0     0.0            105531.09          749534.62         671218.81          72993.84           6958.50 0.270E+00 0.256E+01
ABIC : 0.42170E+04 0.0 0.0 0.0  0.10000E-01     0.0     0.0     0.0            105518.34          724550.19         647196.88          72993.84           6437.40 0.260E+00 0.246E+01
alpha2, abic : 0.100E-01     105518.34     105518.34
ABIC : 0.10000E+04 0.0 0.0 0.0  0.10000E+00     0.0     0.0     0.0            105696.29          599627.69         527568.00          74975.32           3653.42 0.196E+00 0.586E+01
ABIC : 0.10000E+05 0.0 0.0 0.0  0.10000E+00     0.0     0.0     0.0            105181.45          799503.62         719196.62          74975.32           6772.25 0.267E+00 0.798E+01
ABIC : 0.10000E+06 0.0 0.0 0.0  0.10000E+00     0.0     0.0     0.0            106934.07          999379.44         915513.75          74975.32          10347.58 0.330E+00 0.986E+01
ABIC : 0.31623E+04 0.0 0.0 0.0  0.10000E+00     0.0     0.0     0.0            104923.01          699565.62         622735.75          74975.32           5026.26 0.230E+00 0.687E+01
ABIC : 0.17783E+04 0.0 0.0 0.0  0.10000E+00     0.0     0.0     0.0            105154.13          649596.69         574992.56          74975.32           4286.54 0.212E+00 0.635E+01
ABIC : 0.56234E+04 0.0 0.0 0.0  0.10000E+00     0.0     0.0     0.0            104950.88          749534.62         670803.69          74975.32           5862.85 0.248E+00 0.742E+01
ABIC : 0.23714E+04 0.0 0.0 0.0  0.10000E+00     0.0     0.0     0.0            105000.82          674581.12         598821.88          74975.32           4643.34 0.221E+00 0.661E+01
ABIC : 0.42170E+04 0.0 0.0 0.0  0.10000E+00     0.0     0.0     0.0            104908.38          724550.19         646729.31          74975.32           5433.62 0.239E+00 0.715E+01
alpha2, abic : 0.100E+00     104908.38     104908.38
ABIC : 0.10000E+04 0.0 0.0 0.0  0.10000E+01     0.0     0.0     0.0            105476.81          599627.69         525842.06          80570.94           2636.07 0.166E+00 0.157E+02
ABIC : 0.10000E+05 0.0 0.0 0.0  0.10000E+01     0.0     0.0     0.0            105984.81          799503.62         718486.88          80570.94           4889.00 0.227E+00 0.214E+02
ABIC : 0.10000E+02 0.0 0.0 0.0  0.10000E+01     0.0     0.0     0.0            119056.38          199875.91         154519.27          80570.94            805.80 0.920E-01 0.870E+01
ABIC : 0.10000E+03 0.0 0.0 0.0  0.10000E+01     0.0     0.0     0.0            109914.47          399751.81         337984.91          80570.94           1439.38 0.123E+00 0.116E+02
ABIC : 0.10000E+04 0.0 0.0 0.0  0.10000E+01     0.0     0.0     0.0            105476.81          599627.69         525842.06          80570.94           2636.07 0.166E+00 0.157E+02
ABIC : 0.10000E+05 0.0 0.0 0.0  0.10000E+01     0.0     0.0     0.0            105984.81          799503.62         718486.88          80570.94           4889.00 0.227E+00 0.214E+02
ABIC : 0.31623E+03 0.0 0.0 0.0  0.10000E+01     0.0     0.0     0.0            107008.47          499689.72         431337.97          80570.94           1930.61 0.142E+00 0.135E+02
ABIC : 0.31623E+04 0.0 0.0 0.0  0.10000E+01     0.0     0.0     0.0            105259.88          699565.62         621557.25          80570.94           3629.20 0.195E+00 0.185E+02
ABIC : 0.17783E+04 0.0 0.0 0.0  0.10000E+01     0.0     0.0     0.0            105220.38          649596.69         573545.38          80570.94           3094.60 0.180E+00 0.171E+02
ABIC : 0.13335E+04 0.0 0.0 0.0  0.10000E+01     0.0     0.0     0.0            105307.06          624612.19         549653.75          80570.94           2855.80 0.173E+00 0.164E+02
ABIC : 0.23714E+04 0.0 0.0 0.0  0.10000E+01     0.0     0.0     0.0            105204.50          674581.12         597510.81          80570.94           3352.56 0.188E+00 0.177E+02
alpha2, abic : 0.100E+01     105204.50     104908.38
ABIC : 0.10000E-01 0.0 0.0 0.0  0.31623E-01     0.0     0.0     0.0        9999998976.00         -399751.81         938866.75          73688.98     9999998976.00 0.100E+11 0.100E+11
ABIC : 0.10000E+00 0.0 0.0 0.0  0.31623E-01     0.0     0.0     0.0        9999998976.00         -199875.91         929926.50          73688.98     9999998976.00 0.100E+11 0.100E+11
ABIC : 0.10000E+01 0.0 0.0 0.0  0.31623E-01     0.0     0.0     0.0        9999998976.00               0.00         772941.81          73688.98     9999998976.00 0.100E+11 0.100E+11
ABIC : 0.10000E+02 0.0 0.0 0.0  0.31623E-01     0.0     0.0     0.0            121826.52          199875.91         159017.03          73688.98           1215.89 0.113E+00 0.190E+01
ABIC : 0.10000E+03 0.0 0.0 0.0  0.31623E-01     0.0     0.0     0.0            111874.89          399751.81         341480.81          73688.98           2205.46 0.152E+00 0.256E+01
ABIC : 0.10000E+04 0.0 0.0 0.0  0.31623E-01     0.0     0.0     0.0            106102.42          599627.69         528038.31          73688.98           4027.76 0.206E+00 0.346E+01
ABIC : 0.10000E+05 0.0 0.0 0.0  0.31623E-01     0.0     0.0     0.0            105391.36          799503.62         719397.50          73688.98           7509.91 0.281E+00 0.472E+01
ABIC : 0.10000E+06 0.0 0.0 0.0  0.31623E-01     0.0     0.0     0.0            106997.42          999379.44         915561.88          73688.98          11480.33 0.347E+00 0.584E+01
ABIC : 0.31623E+04 0.0 0.0 0.0  0.31623E-01     0.0     0.0     0.0            105226.11          699565.62         623065.88          73688.98           5557.74 0.242E+00 0.406E+01
ABIC : 0.17783E+04 0.0 0.0 0.0  0.31623E-01     0.0     0.0     0.0            105507.05          649596.69         575393.00          73688.98           4732.02 0.223E+00 0.375E+01
ABIC : 0.56234E+04 0.0 0.0 0.0  0.31623E-01     0.0     0.0     0.0            105206.61          749534.62         671066.12          73688.98           6493.30 0.261E+00 0.439E+01
ABIC : 0.42170E+04 0.0 0.0 0.0  0.31623E-01     0.0     0.0     0.0            105187.67          724550.19         647025.12          73688.98           6013.21 0.251E+00 0.423E+01
alpha2, abic : 0.316E-01     105187.67     105187.67
alpha2, abic : 0.100E+00     104908.38     104908.38
ABIC : 0.10000E+04 0.0 0.0 0.0  0.31623E+00     0.0     0.0     0.0            105415.73          599627.69         526843.88          77154.55           3180.81 0.183E+00 0.972E+01
ABIC : 0.10000E+05 0.0 0.0 0.0  0.31623E+00     0.0     0.0     0.0            105307.11          799503.62         718894.69          77154.55           5888.64 0.249E+00 0.132E+02
ABIC : 0.10000E+06 0.0 0.0 0.0  0.31623E+00     0.0     0.0     0.0            107290.36          999379.44         915439.25          77154.55           8999.81 0.307E+00 0.164E+02
ABIC : 0.31623E+04 0.0 0.0 0.0  0.31623E+00     0.0     0.0     0.0            104859.73          699565.62         622236.31          77154.55           4373.47 0.214E+00 0.114E+02
ABIC : 0.17783E+04 0.0 0.0 0.0  0.31623E+00     0.0     0.0     0.0            104984.92          649596.69         574382.00          77154.55           3731.34 0.198E+00 0.105E+02
ABIC : 0.56234E+04 0.0 0.0 0.0  0.31623E+00     0.0     0.0     0.0            104986.86          749534.62         670408.56          77154.55           5099.32 0.231E+00 0.123E+02
ABIC : 0.23714E+04 0.0 0.0 0.0  0.31623E+00     0.0     0.0     0.0            104885.23          674581.12         598267.38          77154.55           4041.17 0.206E+00 0.110E+02
ABIC : 0.42170E+04 0.0 0.0 0.0  0.31623E+00     0.0     0.0     0.0            104895.73          724550.19         646283.19          77154.55           4726.90 0.223E+00 0.119E+02
alpha2, abic : 0.316E+00     104859.73     104859.73
   3162.278      0.3162278       4373.468    
Xdif :     0.0611
Running iteration 5...
 1/x = r2(space)/r1(time) =        3.50   km/sec
ABIC : 0.10000E-01 0.0 0.0 0.0  0.10000E-02     0.0     0.0     0.0        9999998976.00         -399751.81         942488.88          72357.08     9999998976.00 0.100E+11 0.100E+11
ABIC : 0.10000E+00 0.0 0.0 0.0  0.10000E-02     0.0     0.0     0.0        9999998976.00         -199875.91         924487.19          72357.08     9999998976.00 0.100E+11 0.100E+11
ABIC : 0.10000E+01 0.0 0.0 0.0  0.10000E-02     0.0     0.0     0.0        9999998976.00               0.00         761411.19          72357.08     9999998976.00 0.100E+11 0.100E+11
ABIC : 0.10000E+02 0.0 0.0 0.0  0.10000E-02     0.0     0.0     0.0            124376.42          199875.91         161080.78          72357.08           1405.77 0.126E+00 0.363E+00
ABIC : 0.10000E+03 0.0 0.0 0.0  0.10000E-02     0.0     0.0     0.0            114304.11          399751.81         343307.84          72357.08           2573.60 0.170E+00 0.492E+00
ABIC : 0.10000E+04 0.0 0.0 0.0  0.10000E-02     0.0     0.0     0.0            108294.33          599627.69         529564.38          72357.08           4724.02 0.231E+00 0.666E+00
ABIC : 0.10000E+05 0.0 0.0 0.0  0.10000E-02     0.0     0.0     0.0            107449.95          799503.62         720603.56          72357.08           8940.33 0.318E+00 0.917E+00
ABIC : 0.10000E+06 0.0 0.0 0.0  0.10000E-02     0.0     0.0     0.0            108966.70          999379.44         916604.44          72357.08          13748.18 0.394E+00 0.114E+01
ABIC : 0.31623E+04 0.0 0.0 0.0  0.10000E-02     0.0     0.0     0.0            107322.27          699565.62         624423.62          72357.08           6556.34 0.272E+00 0.785E+00
ABIC : 0.17783E+04 0.0 0.0 0.0  0.10000E-02     0.0     0.0     0.0            107642.08          649596.69         576834.75          72357.08           5562.21 0.250E+00 0.723E+00
ABIC : 0.56234E+04 0.0 0.0 0.0  0.10000E-02     0.0     0.0     0.0            107279.83          749534.62         672343.75          72357.08           7695.03 0.295E+00 0.850E+00
ABIC : 0.42170E+04 0.0 0.0 0.0  0.10000E-02     0.0     0.0     0.0            107270.77          724550.19         648342.06          72357.08           7109.39 0.283E+00 0.817E+00
alpha2, abic : 0.100E-02     107270.77     107270.77
ABIC : 0.10000E+04 0.0 0.0 0.0  0.10000E-01     0.0     0.0     0.0            107809.77          599627.69         529371.12          72853.34           4436.22 0.224E+00 0.204E+01
ABIC : 0.10000E+05 0.0 0.0 0.0  0.10000E-01     0.0     0.0     0.0            106984.09          799503.62         720519.19          72853.34           8335.44 0.307E+00 0.280E+01
ABIC : 0.10000E+06 0.0 0.0 0.0  0.10000E-01     0.0     0.0     0.0            108539.90          999379.44         916585.44          72853.34          12791.13 0.380E+00 0.347E+01
ABIC : 0.31623E+04 0.0 0.0 0.0  0.10000E-01     0.0     0.0     0.0            106856.96          699565.62         624285.38          72853.34           6139.35 0.263E+00 0.240E+01
ABIC : 0.17783E+04 0.0 0.0 0.0  0.10000E-01     0.0     0.0     0.0            107171.09          649596.69         576668.44          72853.34           5217.74 0.243E+00 0.221E+01
ABIC : 0.56234E+04 0.0 0.0 0.0  0.10000E-01     0.0     0.0     0.0            106814.77          749534.62         672233.44          72853.34           7189.71 0.285E+00 0.260E+01
ABIC : 0.42170E+04 0.0 0.0 0.0  0.10000E-01     0.0     0.0     0.0            106806.02          724550.19         648217.88          72853.34           6650.04 0.274E+00 0.250E+01
alpha2, abic : 0.100E-01     106806.02     106806.02
ABIC : 0.10000E+04 0.0 0.0 0.0  0.10000E+00     0.0     0.0     0.0            107061.57          599627.69         528641.75          74820.57           3785.91 0.207E+00 0.596E+01
ABIC : 0.10000E+05 0.0 0.0 0.0  0.10000E+00     0.0     0.0     0.0            106492.45          799503.62         720209.75          74820.57           7021.36 0.281E+00 0.812E+01
ABIC : 0.10000E+06 0.0 0.0 0.0  0.10000E+00     0.0     0.0     0.0            108266.95          999379.44         916513.12          74820.57          10758.76 0.348E+00 0.101E+02
ABIC : 0.31623E+04 0.0 0.0 0.0  0.10000E+00     0.0     0.0     0.0            106245.07          699565.62         623773.81          74820.57           5205.39 0.242E+00 0.699E+01
ABIC : 0.17783E+04 0.0 0.0 0.0  0.10000E+00     0.0     0.0     0.0            106494.63          649596.69         576047.44          74820.57           4439.86 0.224E+00 0.646E+01
ABIC : 0.56234E+04 0.0 0.0 0.0  0.10000E+00     0.0     0.0     0.0            106263.26          749534.62         671827.56          74820.57           6073.97 0.262E+00 0.755E+01
ABIC : 0.23714E+04 0.0 0.0 0.0  0.10000E+00     0.0     0.0     0.0            106330.88          674581.12         599867.94          74820.57           4808.85 0.233E+00 0.672E+01
ABIC : 0.42170E+04 0.0 0.0 0.0  0.10000E+00     0.0     0.0     0.0            106224.51          724550.19         647759.94          74820.57           5627.94 0.252E+00 0.727E+01
alpha2, abic : 0.100E+00     106224.51     106224.51
ABIC : 0.10000E+04 0.0 0.0 0.0  0.10000E+01     0.0     0.0     0.0            106874.39          599627.69         526940.50          80379.45           2741.35 0.176E+00 0.161E+02
ABIC : 0.10000E+05 0.0 0.0 0.0  0.10000E+01     0.0     0.0     0.0            107341.89          799503.62         719518.38          80379.45           5094.97 0.240E+00 0.219E+02
ABIC : 0.10000E+02 0.0 0.0 0.0  0.10000E+01     0.0     0.0     0.0            120569.35          199875.91         155797.39          80379.45            833.70 0.970E-01 0.885E+01
ABIC : 0.10000E+03 0.0 0.0 0.0  0.10000E+01     0.0     0.0     0.0            111406.48          399751.81         339169.16          80379.45           1497.89 0.130E+00 0.119E+02
ABIC : 0.10000E+04 0.0 0.0 0.0  0.10000E+01     0.0     0.0     0.0            106874.39          599627.69         526940.50          80379.45           2741.35 0.176E+00 0.161E+02
ABIC : 0.10000E+05 0.0 0.0 0.0  0.10000E+01     0.0     0.0     0.0            107341.89          799503.62         719518.38          80379.45           5094.97 0.240E+00 0.219E+02
ABIC : 0.31623E+03 0.0 0.0 0.0  0.10000E+01     0.0     0.0     0.0            108459.30          499689.72         432478.03          80379.45           2009.57 0.151E+00 0.137E+02
ABIC : 0.31623E+04 0.0 0.0 0.0  0.10000E+01     0.0     0.0     0.0            106619.95          699565.62         622618.06          80379.45           3774.18 0.206E+00 0.188E+02
ABIC : 0.17783E+04 0.0 0.0 0.0  0.10000E+01     0.0     0.0     0.0            106595.33          649596.69         574624.38          80379.45           3217.37 0.191E+00 0.174E+02
ABIC : 0.13335E+04 0.0 0.0 0.0  0.10000E+01     0.0     0.0     0.0            106692.64          624612.19         550742.31          80379.45           2969.33 0.183E+00 0.167E+02
ABIC : 0.23714E+04 0.0 0.0 0.0  0.10000E+01     0.0     0.0     0.0            106570.95          674581.12         598580.56          80379.45           3485.76 0.198E+00 0.181E+02
alpha2, abic : 0.100E+01     106570.95     106224.51
ABIC : 0.10000E-01 0.0 0.0 0.0  0.31623E-01     0.0     0.0     0.0        9999998976.00         -399751.81         930424.56          73544.13     9999998976.00 0.100E+11 0.100E+11
ABIC : 0.10000E+00 0.0 0.0 0.0  0.31623E-01     0.0     0.0     0.0        9999998976.00         -199875.91         917989.56          73544.13     9999998976.00 0.100E+11 0.100E+11
ABIC : 0.10000E+01 0.0 0.0 0.0  0.31623E-01     0.0     0.0     0.0        9999998976.00               0.00         807613.25          73544.13     9999998976.00 0.100E+11 0.100E+11
ABIC : 0.10000E+02 0.0 0.0 0.0  0.31623E-01     0.0     0.0     0.0            123244.40          199875.91         160268.11          73544.13           1246.52 0.119E+00 0.192E+01
ABIC : 0.10000E+03 0.0 0.0 0.0  0.31623E-01     0.0     0.0     0.0            113302.23          399751.81         342635.78          73544.13           2280.14 0.160E+00 0.260E+01
ABIC : 0.10000E+04 0.0 0.0 0.0  0.31623E-01     0.0     0.0     0.0            107451.88          599627.69         529105.19          73544.13           4167.55 0.217E+00 0.352E+01
ABIC : 0.10000E+05 0.0 0.0 0.0  0.31623E-01     0.0     0.0     0.0            106683.76          799503.62         720404.88          73544.13           7772.02 0.296E+00 0.481E+01
ABIC : 0.10000E+06 0.0 0.0 0.0  0.31623E-01     0.0     0.0     0.0            108309.51          999379.44         916559.19          73544.13          11909.29 0.367E+00 0.595E+01
ABIC : 0.31623E+04 0.0 0.0 0.0  0.31623E-01     0.0     0.0     0.0            106531.70          699565.62         624097.12          73544.13           5746.82 0.255E+00 0.413E+01
ABIC : 0.17783E+04 0.0 0.0 0.0  0.31623E-01     0.0     0.0     0.0            106831.76          649596.69         576441.00          73544.13           4893.95 0.235E+00 0.381E+01
ABIC : 0.56234E+04 0.0 0.0 0.0  0.31623E-01     0.0     0.0     0.0            106501.45          749534.62         672083.62          73544.13           6715.82 0.275E+00 0.447E+01
ABIC : 0.42170E+04 0.0 0.0 0.0  0.31623E-01     0.0     0.0     0.0            106486.76          724550.19         648049.06          73544.13           6218.19 0.265E+00 0.430E+01
alpha2, abic : 0.316E-01     106486.76     106486.76
alpha2, abic : 0.100E+00     106224.51     106224.51
ABIC : 0.10000E+04 0.0 0.0 0.0  0.31623E+00     0.0     0.0     0.0            106800.03          599627.69         527929.31          76983.03           3302.49 0.193E+00 0.991E+01
ABIC : 0.10000E+05 0.0 0.0 0.0  0.31623E+00     0.0     0.0     0.0            106643.09          799503.62         719916.69          76983.03           6121.29 0.263E+00 0.135E+02
ABIC : 0.10000E+06 0.0 0.0 0.0  0.31623E+00     0.0     0.0     0.0            108653.22          999379.44         916441.81          76983.03           9390.02 0.325E+00 0.167E+02
ABIC : 0.31623E+04 0.0 0.0 0.0  0.31623E+00     0.0     0.0     0.0            106203.22          699565.62         623285.31          76983.03           4539.20 0.226E+00 0.116E+02
ABIC : 0.17783E+04 0.0 0.0 0.0  0.31623E+00     0.0     0.0     0.0            106345.28          649596.69         575448.44          76983.03           3872.56 0.209E+00 0.107E+02
ABIC : 0.56234E+04 0.0 0.0 0.0  0.31623E+00     0.0     0.0     0.0            106322.53          749534.62         671442.50          76983.03           5295.64 0.244E+00 0.125E+02
ABIC : 0.23714E+04 0.0 0.0 0.0  0.31623E+00     0.0     0.0     0.0            106236.03          674581.12         599324.88          76983.03           4193.92 0.218E+00 0.112E+02
ABIC : 0.42170E+04 0.0 0.0 0.0  0.31623E+00     0.0     0.0     0.0            106234.22          724550.19         647324.31          76983.03           4907.15 0.235E+00 0.121E+02
alpha2, abic : 0.316E+00     106203.22     106203.22
   3162.278      0.3162278       4539.192    
Xdif :     0.0217
Running iteration 6...
 1/x = r2(space)/r1(time) =        3.50   km/sec
ABIC : 0.10000E-01 0.0 0.0 0.0  0.10000E-02     0.0     0.0     0.0        9999998976.00         -399751.81         938289.75          72251.46     9999998976.00 0.100E+11 0.100E+11
ABIC : 0.10000E+00 0.0 0.0 0.0  0.10000E-02     0.0     0.0     0.0        9999998976.00         -199875.91         919315.88          72251.46     9999998976.00 0.100E+11 0.100E+11
ABIC : 0.10000E+01 0.0 0.0 0.0  0.10000E-02     0.0     0.0     0.0        9999998976.00               0.00         822490.88          72251.46     9999998976.00 0.100E+11 0.100E+11
ABIC : 0.10000E+02 0.0 0.0 0.0  0.10000E-02     0.0     0.0     0.0            125898.02          199875.91         162401.62          72251.46           1440.57 0.127E+00 0.368E+00
ABIC : 0.10000E+03 0.0 0.0 0.0  0.10000E-02     0.0     0.0     0.0            115788.71          399751.81         344571.75          72251.46           2641.50 0.172E+00 0.498E+00
ABIC : 0.10000E+04 0.0 0.0 0.0  0.10000E-02     0.0     0.0     0.0            109696.59          599627.69         530784.56          72251.46           4833.75 0.233E+00 0.674E+00
ABIC : 0.10000E+05 0.0 0.0 0.0  0.10000E-02     0.0     0.0     0.0            108795.02          799503.62         721800.06          72251.46           9123.53 0.320E+00 0.926E+00
ABIC : 0.10000E+06 0.0 0.0 0.0  0.10000E-02     0.0     0.0     0.0            110338.96          999379.44         917795.44          72251.46          14066.60 0.398E+00 0.115E+01
ABIC : 0.31623E+04 0.0 0.0 0.0  0.10000E-02     0.0     0.0     0.0            108682.71          699565.62         625629.12          72251.46           6694.10 0.274E+00 0.793E+00
ABIC : 0.17783E+04 0.0 0.0 0.0  0.10000E-02     0.0     0.0     0.0            109021.27          649596.69         578047.00          72251.46           5684.52 0.253E+00 0.731E+00
ABIC : 0.56234E+04 0.0 0.0 0.0  0.10000E-02     0.0     0.0     0.0            108628.77          749534.62         673544.06          72251.46           7852.77 0.297E+00 0.859E+00
ABIC : 0.42170E+04 0.0 0.0 0.0  0.10000E-02     0.0     0.0     0.0            108624.52          724550.19         649544.81          72251.46           7256.48 0.286E+00 0.826E+00
alpha2, abic : 0.100E-02     108624.52     108624.52
ABIC : 0.10000E+04 0.0 0.0 0.0  0.10000E-01     0.0     0.0     0.0            109208.87          599627.69         530590.75          72750.68           4537.24 0.226E+00 0.206E+01
ABIC : 0.10000E+05 0.0 0.0 0.0  0.10000E-01     0.0     0.0     0.0            108324.99          799503.62         721715.81          72750.68           8501.33 0.309E+00 0.283E+01
ABIC : 0.10000E+06 0.0 0.0 0.0  0.10000E-01     0.0     0.0     0.0            109907.49          999379.44         917776.56          72750.68          13079.29 0.384E+00 0.351E+01
ABIC : 0.31623E+04 0.0 0.0 0.0  0.10000E-01     0.0     0.0     0.0            108214.05          699565.62         625490.75          72750.68           6265.28 0.265E+00 0.243E+01
ABIC : 0.17783E+04 0.0 0.0 0.0  0.10000E-01     0.0     0.0     0.0            108546.99          649596.69         577880.38          72750.68           5329.98 0.245E+00 0.224E+01
ABIC : 0.56234E+04 0.0 0.0 0.0  0.10000E-01     0.0     0.0     0.0            108159.99          749534.62         673433.75          72750.68           7333.20 0.287E+00 0.263E+01
ABIC : 0.42170E+04 0.0 0.0 0.0  0.10000E-01     0.0     0.0     0.0            108156.30          724550.19         649420.62          72750.68           6784.17 0.276E+00 0.252E+01
alpha2, abic : 0.100E-01     108156.30     108156.30
ABIC : 0.10000E+04 0.0 0.0 0.0  0.10000E+00     0.0     0.0     0.0            108456.98          599627.69         529866.31          74718.67           3869.23 0.209E+00 0.603E+01
ABIC : 0.10000E+05 0.0 0.0 0.0  0.10000E+00     0.0     0.0     0.0            107838.98          799503.62         721409.88          74718.67           7161.92 0.284E+00 0.820E+01
ABIC : 0.10000E+06 0.0 0.0 0.0  0.10000E+00     0.0     0.0     0.0            109645.05          999379.44         917705.12          74718.67          11008.92 0.352E+00 0.102E+02
ABIC : 0.31623E+04 0.0 0.0 0.0  0.10000E+00     0.0     0.0     0.0            107603.05          699565.62         624983.88          74718.67           5310.24 0.244E+00 0.706E+01
ABIC : 0.17783E+04 0.0 0.0 0.0  0.10000E+00     0.0     0.0     0.0            107868.92          649596.69         577264.25          74718.67           4532.75 0.226E+00 0.653E+01
ABIC : 0.56234E+04 0.0 0.0 0.0  0.10000E+00     0.0     0.0     0.0            107611.98          749534.62         673032.06          74718.67           6194.47 0.264E+00 0.763E+01
ABIC : 0.23714E+04 0.0 0.0 0.0  0.10000E+00     0.0     0.0     0.0            107696.36          674581.12         601081.25          74718.67           4907.33 0.235E+00 0.679E+01
ABIC : 0.42170E+04 0.0 0.0 0.0  0.10000E+00     0.0     0.0     0.0            107577.05          724550.19         648967.19          74718.67           5740.09 0.254E+00 0.734E+01
alpha2, abic : 0.100E+00     107577.05     107577.05
ABIC : 0.10000E+04 0.0 0.0 0.0  0.10000E+01     0.0     0.0     0.0            108263.10          599627.69         528175.75          80274.01           2798.58 0.177E+00 0.162E+02
ABIC : 0.10000E+05 0.0 0.0 0.0  0.10000E+01     0.0     0.0     0.0            108695.45          799503.62         720725.19          80274.01           5198.59 0.242E+00 0.221E+02
ABIC : 0.10000E+02 0.0 0.0 0.0  0.10000E+01     0.0     0.0     0.0            122083.61          199875.91         157128.58          80274.01            853.12 0.980E-01 0.895E+01
ABIC : 0.10000E+03 0.0 0.0 0.0  0.10000E+01     0.0     0.0     0.0            112873.70          399751.81         340445.75          80274.01           1533.71 0.131E+00 0.120E+02
ABIC : 0.10000E+04 0.0 0.0 0.0  0.10000E+01     0.0     0.0     0.0            108263.10          599627.69         528175.75          80274.01           2798.58 0.177E+00 0.162E+02
ABIC : 0.10000E+05 0.0 0.0 0.0  0.10000E+01     0.0     0.0     0.0            108695.45          799503.62         720725.19          80274.01           5198.59 0.242E+00 0.221E+02
ABIC : 0.31623E+03 0.0 0.0 0.0  0.10000E+01     0.0     0.0     0.0            109889.20          499689.72         433732.12          80274.01           2055.19 0.152E+00 0.139E+02
ABIC : 0.31623E+04 0.0 0.0 0.0  0.10000E+01     0.0     0.0     0.0            107978.32          699565.62         623837.38          80274.01           3848.55 0.208E+00 0.190E+02
ABIC : 0.17783E+04 0.0 0.0 0.0  0.10000E+01     0.0     0.0     0.0            107966.26          649596.69         575851.31          80274.01           3282.06 0.192E+00 0.176E+02
ABIC : 0.13335E+04 0.0 0.0 0.0  0.10000E+01     0.0     0.0     0.0            108071.88          624612.19         551973.31          80274.01           3030.07 0.185E+00 0.169E+02
ABIC : 0.23714E+04 0.0 0.0 0.0  0.10000E+01     0.0     0.0     0.0            107934.70          674581.12         599803.50          80274.01           3554.95 0.200E+00 0.183E+02
alpha2, abic : 0.100E+01     107934.70     107577.05
ABIC : 0.10000E-01 0.0 0.0 0.0  0.31623E-01     0.0     0.0     0.0        9999998976.00         -399751.81         924427.44          73442.61     9999998976.00 0.100E+11 0.100E+11
ABIC : 0.10000E+00 0.0 0.0 0.0  0.31623E-01     0.0     0.0     0.0        9999998976.00         -199875.91         914909.62          73442.61     9999998976.00 0.100E+11 0.100E+11
ABIC : 0.10000E+01 0.0 0.0 0.0  0.31623E-01     0.0     0.0     0.0        9999998976.00               0.00         823615.44          73442.61     9999998976.00 0.100E+11 0.100E+11
ABIC : 0.10000E+02 0.0 0.0 0.0  0.31623E-01     0.0     0.0     0.0            124762.30          199875.91         161585.48          73442.61           1276.93 0.120E+00 0.195E+01
ABIC : 0.10000E+03 0.0 0.0 0.0  0.31623E-01     0.0     0.0     0.0            114782.89          399751.81         343899.22          73442.61           2338.89 0.162E+00 0.264E+01
ABIC : 0.10000E+04 0.0 0.0 0.0  0.31623E-01     0.0     0.0     0.0            108848.98          599627.69         530326.25          73442.61           4260.91 0.219E+00 0.356E+01
ABIC : 0.10000E+05 0.0 0.0 0.0  0.31623E-01     0.0     0.0     0.0            108025.80          799503.62         721602.62          73442.61           7926.04 0.299E+00 0.485E+01
ABIC : 0.10000E+06 0.0 0.0 0.0  0.31623E-01     0.0     0.0     0.0            109680.05          999379.44         917750.56          73442.61          12179.14 0.370E+00 0.602E+01
ABIC : 0.31623E+04 0.0 0.0 0.0  0.31623E-01     0.0     0.0     0.0            107888.30          699565.62         625303.94          73442.61           5863.27 0.257E+00 0.417E+01
ABIC : 0.17783E+04 0.0 0.0 0.0  0.31623E-01     0.0     0.0     0.0            108206.30          649596.69         577654.31          73442.61           4997.67 0.237E+00 0.385E+01
ABIC : 0.56234E+04 0.0 0.0 0.0  0.31623E-01     0.0     0.0     0.0            107847.11          749534.62         673285.25          73442.61           6848.75 0.278E+00 0.451E+01
ABIC : 0.42170E+04 0.0 0.0 0.0  0.31623E-01     0.0     0.0     0.0            107837.05          724550.19         649253.19          73442.61           6342.33 0.267E+00 0.434E+01
alpha2, abic : 0.316E-01     107837.05     107837.05
alpha2, abic : 0.100E+00     107577.05     107577.05
ABIC : 0.10000E+04 0.0 0.0 0.0  0.31623E+00     0.0     0.0     0.0            108194.70          599627.69         529159.44          76878.95           3374.06 0.195E+00 0.100E+02
ABIC : 0.10000E+05 0.0 0.0 0.0  0.31623E+00     0.0     0.0     0.0            107995.95          799503.62         721120.25          76878.95           6246.35 0.265E+00 0.136E+02
ABIC : 0.10000E+06 0.0 0.0 0.0  0.31623E+00     0.0     0.0     0.0            110040.70          999379.44         917634.81          76878.95           9616.48 0.329E+00 0.169E+02
ABIC : 0.31623E+04 0.0 0.0 0.0  0.31623E+00     0.0     0.0     0.0            107564.20          699565.62         624500.25          76878.95           4630.73 0.228E+00 0.117E+02
ABIC : 0.17783E+04 0.0 0.0 0.0  0.31623E+00     0.0     0.0     0.0            107720.52          649596.69         576670.50          76878.95           3952.90 0.211E+00 0.108E+02
ABIC : 0.56234E+04 0.0 0.0 0.0  0.31623E+00     0.0     0.0     0.0            107676.02          749534.62         672651.19          76878.95           5401.87 0.247E+00 0.127E+02
ABIC : 0.23714E+04 0.0 0.0 0.0  0.31623E+00     0.0     0.0     0.0            107603.39          674581.12         600543.25          76878.95           4279.48 0.219E+00 0.113E+02
ABIC : 0.42170E+04 0.0 0.0 0.0  0.31623E+00     0.0     0.0     0.0            107590.64          724550.19         648536.06          76878.95           5005.54 0.237E+00 0.122E+02
alpha2, abic : 0.316E+00     107564.20     107564.20
   3162.278      0.3162278       4630.723    
Xdif :     0.0109
.nstep.inf detected. Ending inversion early.
Done.

 1/x = r2(space)/r1(time) =        3.50   km/sec
 Synthetic and Observed waveforms saved to wave.syn/ directory.
 Calculating 0.1s synthetics...
 0.1s Synthetic and Observed waveforms saved to wave.syn/*.syn01/*.obs01
check:      0.0000      0.0000      0.0000   0.14681        4476.9
 Seismic Moment :  0.2719E+23 [Nm],  Mw :  8.89
  
  Total Slip for each sub-fault 
  
 3.60  6.39  7.90  8.96  9.75 11.29 13.01 14.15 14.54 14.10 13.86 13.77 13.96 13.36 12.94 10.95  9.75  8.72  7.22  5.12  3.05  1.61
 3.65  5.98  7.30  8.34  9.05 10.53 12.16 13.14 13.57 13.32 13.06 12.94 12.96 12.59 12.03 10.72  9.49  8.50  7.53  5.27  2.78  1.68
 3.21  5.09  6.26  6.99  7.94  8.92 10.38 11.37 11.73 11.59 11.49 11.16 11.12 11.05 10.75 10.16  8.95  8.10  6.87  4.78  3.14  1.82
 2.61  3.98  5.45  5.51  6.34  7.30  8.56  9.32  9.62  9.29  9.29  9.45  9.38  9.19  9.12  9.05  7.82  6.74  5.47  4.02  3.22  1.61
 2.25  4.36  5.14  5.12  5.89  6.27  6.64  7.28  7.47  7.20  7.13  7.35  7.34  7.04  7.61  7.55  6.42  5.40  4.11  3.14  2.68  1.37
 2.58  4.65  5.97  5.85  5.94  5.70  5.49  5.83  5.73  5.68  5.45  5.42  5.33  5.26  5.91  5.74  5.07  4.16  2.99  2.09  1.55  0.96
 2.59  4.31  5.08  5.38  5.25  5.10  4.64  4.54  4.51  4.37  3.95  3.52  3.51  3.81  4.33  3.80  3.44  2.93  2.27  1.65  1.25  0.56
 1.80  2.72  3.38  3.95  3.09  2.66  2.77  3.00  2.47  2.51  2.16  1.82  2.00  2.49  2.45  2.13  1.78  1.67  1.41  1.08  0.96  0.48
