  basis double couple component. 
strike:   353.0  302.5  163.1  260.5  105.8    0.0
dip:       60.0   66.0   30.4   85.7   56.2  500.0
rake:    -175.0  -19.2   81.4 -120.1  127.0    0.0
 Inital Slip Model : Uniform slip Model 
 N_model:    83335 , min_jtn:  23/  59 , st_max: 90.0
Running iteration 1...
 1/x = r2(space)/r1(time) =        3.50   km/sec
ABIC : 0.10000E-01 0.0 0.0 0.0  0.10000E-02     0.0     0.0     0.0        9999998976.00         -383771.88         636627.69          36582.73     9999998976.00 0.100E+11 0.100E+11
ABIC : 0.10000E+00 0.0 0.0 0.0  0.10000E-02     0.0     0.0     0.0        9999998976.00         -191885.94          45200.10          36582.73     9999998976.00 0.100E+11 0.100E+11
ABIC : 0.10000E+01 0.0 0.0 0.0  0.10000E-02     0.0     0.0     0.0            308085.41               0.00         165277.42          36582.73           4461.47 0.432E-01 0.335E+00
ABIC : 0.10000E+02 0.0 0.0 0.0  0.10000E-02     0.0     0.0     0.0            301057.62          191885.94         344516.00          36582.73           6958.95 0.539E-01 0.418E+00
ABIC : 0.10000E+03 0.0 0.0 0.0  0.10000E-02     0.0     0.0     0.0            297847.47          383771.88         527358.19          36582.73          11039.84 0.679E-01 0.527E+00
ABIC : 0.10000E+04 0.0 0.0 0.0  0.10000E-02     0.0     0.0     0.0            298290.56          575657.81         713920.69          36582.73          17421.21 0.853E-01 0.662E+00
ABIC : 0.31623E+02 0.0 0.0 0.0  0.10000E-02     0.0     0.0     0.0            298946.91          287828.91         435473.75          36582.73           8735.75 0.604E-01 0.469E+00
ABIC : 0.31623E+03 0.0 0.0 0.0  0.10000E-02     0.0     0.0     0.0            297682.03          479714.81         620184.69          36582.73          13942.71 0.764E-01 0.592E+00
ABIC : 0.17783E+03 0.0 0.0 0.0  0.10000E-02     0.0     0.0     0.0            297657.53          431743.34         573654.00          36582.73          12416.71 0.721E-01 0.559E+00
ABIC : 0.13335E+03 0.0 0.0 0.0  0.10000E-02     0.0     0.0     0.0            297724.34          407757.59         550476.56          36582.73          11709.32 0.700E-01 0.543E+00
ABIC : 0.23714E+03 0.0 0.0 0.0  0.10000E-02     0.0     0.0     0.0            297644.34          455729.09         596890.25          36582.73          13161.43 0.742E-01 0.575E+00
alpha2, abic : 0.100E-02     297644.34     297644.34
ABIC : 0.10000E+02 0.0 0.0 0.0  0.10000E-01     0.0     0.0     0.0            300558.44          191885.94         344016.09          37570.12           6436.44 0.519E-01 0.127E+01
ABIC : 0.10000E+03 0.0 0.0 0.0  0.10000E-01     0.0     0.0     0.0            297327.09          383771.88         527013.25          37570.12          10069.61 0.649E-01 0.159E+01
ABIC : 0.10000E+04 0.0 0.0 0.0  0.10000E-01     0.0     0.0     0.0            297640.53          575657.81         713752.69          37570.12          15509.38 0.805E-01 0.198E+01
ABIC : 0.31623E+02 0.0 0.0 0.0  0.10000E-01     0.0     0.0     0.0            298457.03          287828.91         435045.25          37570.12           8040.22 0.580E-01 0.142E+01
ABIC : 0.31623E+03 0.0 0.0 0.0  0.10000E-01     0.0     0.0     0.0            297095.72          479714.81         619930.62          37570.12          12560.57 0.725E-01 0.178E+01
ABIC : 0.17783E+03 0.0 0.0 0.0  0.10000E-01     0.0     0.0     0.0            297106.28          431743.34         573354.25          37570.12          11257.52 0.686E-01 0.168E+01
ABIC : 0.56234E+03 0.0 0.0 0.0  0.10000E-01     0.0     0.0     0.0            297279.81          527686.31         666734.69          37570.12          13977.91 0.764E-01 0.188E+01
ABIC : 0.23714E+03 0.0 0.0 0.0  0.10000E-01     0.0     0.0     0.0            297075.66          455729.09         596613.38          37570.12          11894.74 0.705E-01 0.173E+01
alpha2, abic : 0.100E-01     297075.66     297075.66
ABIC : 0.10000E+02 0.0 0.0 0.0  0.10000E+00     0.0     0.0     0.0            299563.50          191885.94         342479.81          41299.58           5001.66 0.457E-01 0.355E+01
ABIC : 0.10000E+03 0.0 0.0 0.0  0.10000E+00     0.0     0.0     0.0            296672.72          383771.88         526066.69          41299.58           7672.22 0.566E-01 0.439E+01
ABIC : 0.10000E+04 0.0 0.0 0.0  0.10000E+00     0.0     0.0     0.0            297066.31          575657.81         713338.25          41299.58          11401.85 0.690E-01 0.536E+01
ABIC : 0.31623E+02 0.0 0.0 0.0  0.10000E+00     0.0     0.0     0.0            297655.38          287828.91         433798.53          41299.58           6200.53 0.509E-01 0.395E+01
ABIC : 0.31623E+03 0.0 0.0 0.0  0.10000E+00     0.0     0.0     0.0            296537.16          479714.81         619271.25          41299.58           9426.36 0.628E-01 0.487E+01
ABIC : 0.17783E+03 0.0 0.0 0.0  0.10000E+00     0.0     0.0     0.0            296507.41          431743.34         572554.69          41299.58           8515.45 0.597E-01 0.463E+01
ABIC : 0.13335E+03 0.0 0.0 0.0  0.10000E+00     0.0     0.0     0.0            296564.44          407757.59         549281.62          41299.58           8085.03 0.581E-01 0.451E+01
ABIC : 0.23714E+03 0.0 0.0 0.0  0.10000E+00     0.0     0.0     0.0            296499.31          455729.09         595885.00          41299.58           8962.89 0.612E-01 0.475E+01
alpha2, abic : 0.100E+00     296499.31     296499.31
ABIC : 0.10000E+02 0.0 0.0 0.0  0.10000E+01     0.0     0.0     0.0            299073.19          191885.94         339208.38          51304.92           2824.35 0.344E-01 0.843E+01
ABIC : 0.10000E+03 0.0 0.0 0.0  0.10000E+01     0.0     0.0     0.0            297319.62          383771.88         524248.81          51304.92           4225.31 0.420E-01 0.103E+02
ABIC : 0.10000E+04 0.0 0.0 0.0  0.10000E+01     0.0     0.0     0.0            298074.88          575657.81         712634.94          51304.92           5916.24 0.497E-01 0.122E+02
ABIC : 0.31623E+02 0.0 0.0 0.0  0.10000E+01     0.0     0.0     0.0            297773.00          287828.91         431270.38          51304.92           3464.06 0.381E-01 0.933E+01
ABIC : 0.31623E+03 0.0 0.0 0.0  0.10000E+01     0.0     0.0     0.0            297510.25          479714.81         618079.00          51304.92           5069.82 0.460E-01 0.113E+02
ABIC : 0.56234E+02 0.0 0.0 0.0  0.10000E+01     0.0     0.0     0.0            297450.31          335800.38         477647.81          51304.92           3830.56 0.400E-01 0.982E+01
ABIC : 0.17783E+03 0.0 0.0 0.0  0.10000E+01     0.0     0.0     0.0            297351.44          431743.34         571063.75          51304.92           4641.78 0.441E-01 0.108E+02
ABIC : 0.74989E+02 0.0 0.0 0.0  0.10000E+01     0.0     0.0     0.0            297362.69          359786.12         500920.91          51304.92           4024.72 0.410E-01 0.101E+02
ABIC : 0.13335E+03 0.0 0.0 0.0  0.10000E+01     0.0     0.0     0.0            297317.44          407757.59         547630.31          51304.92           4431.40 0.430E-01 0.106E+02
alpha2, abic : 0.100E+01     297317.44     296499.31
ABIC : 0.10000E-01 0.0 0.0 0.0  0.31623E-01     0.0     0.0     0.0        9999998976.00         -383771.88         447735.12          38893.94     9999998976.00 0.100E+11 0.100E+11
ABIC : 0.10000E+00 0.0 0.0 0.0  0.31623E-01     0.0     0.0     0.0        9999998976.00         -191885.94          -9430.03          38893.94     9999998976.00 0.100E+11 0.100E+11
ABIC : 0.10000E+01 0.0 0.0 0.0  0.31623E-01     0.0     0.0     0.0            306919.41               0.00         163907.33          38893.94           3776.46 0.397E-01 0.173E+01
ABIC : 0.10000E+02 0.0 0.0 0.0  0.31623E-01     0.0     0.0     0.0            300106.56          191885.94         343431.47          38893.94           5857.67 0.495E-01 0.216E+01
ABIC : 0.10000E+03 0.0 0.0 0.0  0.31623E-01     0.0     0.0     0.0            296959.72          383771.88         526641.31          38893.94           9071.68 0.616E-01 0.269E+01
ABIC : 0.10000E+04 0.0 0.0 0.0  0.31623E-01     0.0     0.0     0.0            297269.06          575657.81         713584.69          38893.94          13744.32 0.758E-01 0.331E+01
ABIC : 0.31623E+02 0.0 0.0 0.0  0.31623E-01     0.0     0.0     0.0            298061.56          287828.91         434563.09          38893.94           7290.65 0.552E-01 0.241E+01
ABIC : 0.31623E+03 0.0 0.0 0.0  0.31623E-01     0.0     0.0     0.0            296737.31          479714.81         619667.31          38893.94          11226.94 0.685E-01 0.299E+01
ABIC : 0.17783E+03 0.0 0.0 0.0  0.31623E-01     0.0     0.0     0.0            296745.03          431743.34         573037.50          38893.94          10102.59 0.650E-01 0.283E+01
ABIC : 0.56234E+03 0.0 0.0 0.0  0.31623E-01     0.0     0.0     0.0            296919.72          527686.31         666521.50          38893.94          12442.70 0.721E-01 0.315E+01
ABIC : 0.23714E+03 0.0 0.0 0.0  0.31623E-01     0.0     0.0     0.0            296716.22          455729.09         596323.62          38893.94          10653.18 0.667E-01 0.291E+01
alpha2, abic : 0.316E-01     296716.22     296716.22
alpha2, abic : 0.100E+00     296499.31     296499.31
ABIC : 0.10000E+02 0.0 0.0 0.0  0.31623E+00     0.0     0.0     0.0            299135.84          191885.94         341073.66          45288.79           3941.66 0.406E-01 0.560E+01
ABIC : 0.10000E+03 0.0 0.0 0.0  0.31623E+00     0.0     0.0     0.0            296717.47          383771.88         525260.19          45288.79           5985.69 0.500E-01 0.690E+01
ABIC : 0.10000E+04 0.0 0.0 0.0  0.31623E+00     0.0     0.0     0.0            297251.81          575657.81         713013.69          45288.79           8658.57 0.602E-01 0.830E+01
ABIC : 0.31623E+02 0.0 0.0 0.0  0.31623E+00     0.0     0.0     0.0            297475.22          287828.91         432695.91          45288.79           4864.85 0.451E-01 0.622E+01
ABIC : 0.31623E+03 0.0 0.0 0.0  0.31623E+00     0.0     0.0     0.0            296730.09          479714.81         618731.81          45288.79           7285.38 0.552E-01 0.761E+01
ABIC : 0.56234E+02 0.0 0.0 0.0  0.31623E+00     0.0     0.0     0.0            296988.97          335800.38         478861.34          45288.79           5400.22 0.475E-01 0.655E+01
ABIC : 0.17783E+03 0.0 0.0 0.0  0.31623E+00     0.0     0.0     0.0            296640.97          431743.34         571886.88          45288.79           6617.39 0.526E-01 0.726E+01
ABIC : 0.13335E+03 0.0 0.0 0.0  0.31623E+00     0.0     0.0     0.0            296656.47          407757.59         548545.56          45288.79           6296.22 0.513E-01 0.708E+01
ABIC : 0.23714E+03 0.0 0.0 0.0  0.31623E+00     0.0     0.0     0.0            296666.97          455729.09         595282.81          45288.79           6947.75 0.539E-01 0.743E+01
alpha2, abic : 0.316E+00     296640.97     296499.31
   237.1374      0.1000000       8962.890    
Running iteration 2...
 1/x = r2(space)/r1(time) =        3.50   km/sec
ABIC : 0.10000E-01 0.0 0.0 0.0  0.10000E-02     0.0     0.0     0.0        9999998976.00         -383771.88         805142.12          33766.38     9999998976.00 0.100E+11 0.100E+11
ABIC : 0.10000E+00 0.0 0.0 0.0  0.10000E-02     0.0     0.0     0.0            300132.06         -191885.94         -31142.02          33766.38           4253.47 0.224E+00 0.327E+00
ABIC : 0.10000E+01 0.0 0.0 0.0  0.10000E-02     0.0     0.0     0.0            289438.03               0.00         143736.64          33766.38           7008.77 0.288E+00 0.420E+00
ABIC : 0.10000E+02 0.0 0.0 0.0  0.10000E-02     0.0     0.0     0.0            281110.22          191885.94         322170.28          33766.38          10512.33 0.353E+00 0.514E+00
ABIC : 0.10000E+03 0.0 0.0 0.0  0.10000E-02     0.0     0.0     0.0            276503.53          383771.88         504282.44          33766.38          15820.49 0.432E+00 0.631E+00
ABIC : 0.10000E+04 0.0 0.0 0.0  0.10000E-02     0.0     0.0     0.0            275301.75          575657.81         690309.38          33766.38          22867.75 0.520E+00 0.758E+00
ABIC : 0.10000E+05 0.0 0.0 0.0  0.10000E-02     0.0     0.0     0.0            275718.19          767543.75         879711.75          33766.38          28764.42 0.583E+00 0.851E+00
ABIC : 0.31623E+03 0.0 0.0 0.0  0.10000E-02     0.0     0.0     0.0            275583.28          479714.81         596807.31          33766.38          19276.80 0.477E+00 0.696E+00
ABIC : 0.31623E+04 0.0 0.0 0.0  0.10000E-02     0.0     0.0     0.0            275401.06          671600.75         784679.25          33766.38          26102.29 0.556E+00 0.810E+00
ABIC : 0.56234E+03 0.0 0.0 0.0  0.10000E-02     0.0     0.0     0.0            275380.88          527686.31         643440.44          33766.38          21089.30 0.499E+00 0.728E+00
ABIC : 0.17783E+04 0.0 0.0 0.0  0.10000E-02     0.0     0.0     0.0            275315.75          623629.31         737396.88          33766.38          24551.34 0.539E+00 0.786E+00
ABIC : 0.74989E+03 0.0 0.0 0.0  0.10000E-02     0.0     0.0     0.0            275327.97          551672.06         666846.31          33766.38          21987.03 0.510E+00 0.744E+00
ABIC : 0.13335E+04 0.0 0.0 0.0  0.10000E-02     0.0     0.0     0.0            275298.75          599643.56         713827.25          33766.38          23724.37 0.530E+00 0.773E+00
alpha2, abic : 0.100E-02     275298.75     275298.75
ABIC : 0.10000E+03 0.0 0.0 0.0  0.10000E-01     0.0     0.0     0.0            274216.75          383771.88         503911.72          35391.16          11955.57 0.376E+00 0.173E+01
ABIC : 0.10000E+04 0.0 0.0 0.0  0.10000E-01     0.0     0.0     0.0            273192.38          575657.81         690132.44          35391.16          17258.82 0.452E+00 0.208E+01
ABIC : 0.10000E+05 0.0 0.0 0.0  0.10000E-01     0.0     0.0     0.0            273732.28          767543.75         879658.06          35391.16          21709.55 0.507E+00 0.234E+01
ABIC : 0.31623E+03 0.0 0.0 0.0  0.10000E-01     0.0     0.0     0.0            273401.44          479714.81         596537.88          35391.16          14571.71 0.415E+00 0.191E+01
ABIC : 0.31623E+04 0.0 0.0 0.0  0.10000E-01     0.0     0.0     0.0            273358.41          671600.75         784575.81          35391.16          19689.45 0.482E+00 0.223E+01
ABIC : 0.56234E+03 0.0 0.0 0.0  0.10000E-01     0.0     0.0     0.0            273236.50          527686.31         643219.00          35391.16          15928.56 0.434E+00 0.200E+01
ABIC : 0.17783E+04 0.0 0.0 0.0  0.10000E-01     0.0     0.0     0.0            273240.69          623629.31         737259.50          35391.16          18521.77 0.468E+00 0.216E+01
ABIC : 0.74989E+03 0.0 0.0 0.0  0.10000E-01     0.0     0.0     0.0            273201.22          551672.06         666647.69          35391.16          16599.79 0.443E+00 0.204E+01
ABIC : 0.13335E+04 0.0 0.0 0.0  0.10000E-01     0.0     0.0     0.0            273206.62          599643.56         713670.75          35391.16          17900.82 0.460E+00 0.212E+01
alpha2, abic : 0.100E-01     273192.38     273192.38
ABIC : 0.10000E+03 0.0 0.0 0.0  0.10000E+00     0.0     0.0     0.0            272561.66          383771.88         502879.03          40102.20           7840.34 0.304E+00 0.444E+01
ABIC : 0.10000E+04 0.0 0.0 0.0  0.10000E+00     0.0     0.0     0.0            272035.44          575657.81         689694.62          40102.20          11231.87 0.364E+00 0.532E+01
ABIC : 0.10000E+05 0.0 0.0 0.0  0.10000E+00     0.0     0.0     0.0            272888.69          767543.75         879543.62          40102.20          14117.16 0.409E+00 0.596E+01
ABIC : 0.31623E+03 0.0 0.0 0.0  0.10000E+00     0.0     0.0     0.0            272026.31          479714.81         595826.38          40102.20           9524.86 0.336E+00 0.489E+01
ABIC : 0.17783E+03 0.0 0.0 0.0  0.10000E+00     0.0     0.0     0.0            272210.66          431743.34         549232.31          40102.20           8667.03 0.320E+00 0.467E+01
ABIC : 0.56234E+03 0.0 0.0 0.0  0.10000E+00     0.0     0.0     0.0            271977.94          527686.31         642652.31          40102.20          10388.53 0.350E+00 0.511E+01
ABIC : 0.42170E+03 0.0 0.0 0.0  0.10000E+00     0.0     0.0     0.0            271987.00          503700.56         619211.12          40102.20           9957.64 0.343E+00 0.500E+01
ABIC : 0.74989E+03 0.0 0.0 0.0  0.10000E+00     0.0     0.0     0.0            271995.19          551672.06         666147.62          40102.20          10814.25 0.358E+00 0.522E+01
alpha2, abic : 0.100E+00     271977.94     271977.94
ABIC : 0.10000E+03 0.0 0.0 0.0  0.10000E+01     0.0     0.0     0.0            272823.47          383771.88         500898.66          51050.05           3937.69 0.216E+00 0.995E+01
ABIC : 0.10000E+04 0.0 0.0 0.0  0.10000E+01     0.0     0.0     0.0            273210.91          575657.81         688940.31          51050.05           5503.35 0.255E+00 0.118E+02
ABIC : 0.10000E+01 0.0 0.0 0.0  0.10000E+01     0.0     0.0     0.0            280659.84               0.00         135582.05          51050.05           1699.88 0.142E+00 0.654E+01
ABIC : 0.10000E+02 0.0 0.0 0.0  0.10000E+01     0.0     0.0     0.0            274993.44          191885.94         316346.88          51050.05           2617.10 0.176E+00 0.811E+01
ABIC : 0.10000E+03 0.0 0.0 0.0  0.10000E+01     0.0     0.0     0.0            272823.47          383771.88         500898.66          51050.05           3937.69 0.216E+00 0.995E+01
ABIC : 0.10000E+04 0.0 0.0 0.0  0.10000E+01     0.0     0.0     0.0            273210.91          575657.81         688940.31          51050.05           5503.35 0.255E+00 0.118E+02
ABIC : 0.31623E+02 0.0 0.0 0.0  0.10000E+01     0.0     0.0     0.0            273486.16          287828.91         408152.88          51050.05           3222.31 0.195E+00 0.900E+01
ABIC : 0.31623E+03 0.0 0.0 0.0  0.10000E+01     0.0     0.0     0.0            272813.62          479714.81         594532.56          51050.05           4723.16 0.236E+00 0.109E+02
ABIC : 0.17783E+03 0.0 0.0 0.0  0.10000E+01     0.0     0.0     0.0            272752.56          431743.34         547610.06          51050.05           4326.10 0.226E+00 0.104E+02
ABIC : 0.13335E+03 0.0 0.0 0.0  0.10000E+01     0.0     0.0     0.0            272769.47          407757.59         524227.12          51050.05           4130.17 0.221E+00 0.102E+02
ABIC : 0.23714E+03 0.0 0.0 0.0  0.10000E+01     0.0     0.0     0.0            272768.53          455729.09         571045.75          51050.05           4524.21 0.231E+00 0.107E+02
alpha2, abic : 0.100E+01     272752.56     271977.94
ABIC : 0.10000E-01 0.0 0.0 0.0  0.31623E-01     0.0     0.0     0.0        9999998976.00         -383771.88         637900.12          37177.12     9999998976.00 0.100E+11 0.100E+11
ABIC : 0.10000E+00 0.0 0.0 0.0  0.31623E-01     0.0     0.0     0.0            294384.88         -191885.94         -33128.01          37177.12           2411.82 0.169E+00 0.139E+01
ABIC : 0.10000E+01 0.0 0.0 0.0  0.31623E-01     0.0     0.0     0.0            284492.44               0.00         142128.12          37177.12           4109.73 0.220E+00 0.181E+01
ABIC : 0.10000E+02 0.0 0.0 0.0  0.31623E-01     0.0     0.0     0.0            277130.69          191885.94         320953.47          37177.12           6450.64 0.276E+00 0.227E+01
ABIC : 0.10000E+03 0.0 0.0 0.0  0.31623E-01     0.0     0.0     0.0            273235.91          383771.88         503507.53          37177.12           9917.45 0.342E+00 0.281E+01
ABIC : 0.10000E+04 0.0 0.0 0.0  0.31623E-01     0.0     0.0     0.0            272407.53          575657.81         689955.12          37177.12          14281.71 0.411E+00 0.337E+01
ABIC : 0.10000E+05 0.0 0.0 0.0  0.31623E-01     0.0     0.0     0.0            273077.56          767543.75         879610.12          37177.12          17965.78 0.461E+00 0.378E+01
ABIC : 0.31623E+03 0.0 0.0 0.0  0.31623E-01     0.0     0.0     0.0            272528.72          479714.81         596254.88          37177.12          12075.13 0.378E+00 0.310E+01
ABIC : 0.31623E+04 0.0 0.0 0.0  0.31623E-01     0.0     0.0     0.0            272642.69          671600.75         784477.81          37177.12          16279.98 0.439E+00 0.360E+01
ABIC : 0.56234E+03 0.0 0.0 0.0  0.31623E-01     0.0     0.0     0.0            272410.34          527686.31         642991.56          37177.12          13190.09 0.395E+00 0.324E+01
ABIC : 0.17783E+04 0.0 0.0 0.0  0.31623E-01     0.0     0.0     0.0            272492.31          623629.31         737125.56          37177.12          15318.44 0.426E+00 0.349E+01
ABIC : 0.74989E+03 0.0 0.0 0.0  0.31623E-01     0.0     0.0     0.0            272396.31          551672.06         666446.06          37177.12          13740.99 0.403E+00 0.331E+01
alpha2, abic : 0.316E-01     272396.31     272396.31
alpha2, abic : 0.100E+00     271977.94     271977.94
ABIC : 0.10000E+03 0.0 0.0 0.0  0.31623E+00     0.0     0.0     0.0            272362.06          383771.88         501998.06          44604.93           5794.92 0.262E+00 0.679E+01
ABIC : 0.10000E+04 0.0 0.0 0.0  0.31623E+00     0.0     0.0     0.0            272249.78          575657.81         689349.12          44604.93           8222.23 0.312E+00 0.809E+01
ABIC : 0.10000E+05 0.0 0.0 0.0  0.31623E+00     0.0     0.0     0.0            273350.50          767543.75         879458.31          44604.93          10323.99 0.349E+00 0.906E+01
ABIC : 0.31623E+03 0.0 0.0 0.0  0.31623E+00     0.0     0.0     0.0            272062.62          479714.81         595241.88          44604.93           7006.33 0.288E+00 0.747E+01
ABIC : 0.17783E+03 0.0 0.0 0.0  0.31623E+00     0.0     0.0     0.0            272136.06          431743.34         548505.06          44604.93           6391.41 0.275E+00 0.713E+01
ABIC : 0.56234E+03 0.0 0.0 0.0  0.31623E+00     0.0     0.0     0.0            272110.31          527686.31         642195.94          44604.93           7622.28 0.300E+00 0.779E+01
ABIC : 0.23714E+03 0.0 0.0 0.0  0.31623E+00     0.0     0.0     0.0            272082.19          455729.09         571845.38          44604.93           6697.62 0.281E+00 0.730E+01
ABIC : 0.42170E+03 0.0 0.0 0.0  0.31623E+00     0.0     0.0     0.0            272073.19          503700.56         618692.69          44604.93           7315.30 0.294E+00 0.763E+01
alpha2, abic : 0.316E+00     272062.62     271977.94
   562.3413      0.1000000       10388.53    
Xdif :     0.0974
Running iteration 3...
 1/x = r2(space)/r1(time) =        3.50   km/sec
ABIC : 0.10000E-01 0.0 0.0 0.0  0.10000E-02     0.0     0.0     0.0        9999998976.00         -383771.88         640463.31          33334.60     9999998976.00 0.100E+11 0.100E+11
ABIC : 0.10000E+00 0.0 0.0 0.0  0.10000E-02     0.0     0.0     0.0            302374.38         -191885.94         -28602.76          33334.60           4299.08 0.256E+00 0.329E+00
ABIC : 0.10000E+01 0.0 0.0 0.0  0.10000E-02     0.0     0.0     0.0            291848.88               0.00         146239.56          33334.60           7199.67 0.331E+00 0.426E+00
ABIC : 0.10000E+02 0.0 0.0 0.0  0.10000E-02     0.0     0.0     0.0            283600.28          191885.94         324613.75          33334.60          10917.77 0.408E+00 0.524E+00
ABIC : 0.10000E+03 0.0 0.0 0.0  0.10000E-02     0.0     0.0     0.0            279018.94          383771.88         506648.75          33334.60          16564.43 0.503E+00 0.646E+00
ABIC : 0.10000E+04 0.0 0.0 0.0  0.10000E-02     0.0     0.0     0.0            277858.16          575657.81         692593.38          33334.60          24177.77 0.607E+00 0.780E+00
ABIC : 0.10000E+05 0.0 0.0 0.0  0.10000E-02     0.0     0.0     0.0            278295.66          767543.75         881956.12          33334.60          30558.56 0.683E+00 0.877E+00
ABIC : 0.31623E+03 0.0 0.0 0.0  0.10000E-02     0.0     0.0     0.0            278112.94          479714.81         599130.19          33334.60          20275.57 0.556E+00 0.714E+00
ABIC : 0.31623E+04 0.0 0.0 0.0  0.10000E-02     0.0     0.0     0.0            277978.78          671600.75         786936.44          33334.60          27702.97 0.650E+00 0.835E+00
ABIC : 0.56234E+03 0.0 0.0 0.0  0.10000E-02     0.0     0.0     0.0            277923.06          527686.31         645742.75          33334.60          22240.12 0.583E+00 0.748E+00
ABIC : 0.17783E+04 0.0 0.0 0.0  0.10000E-02     0.0     0.0     0.0            277884.84          623629.31         739665.62          33334.60          26015.26 0.630E+00 0.809E+00
ABIC : 0.74989E+03 0.0 0.0 0.0  0.10000E-02     0.0     0.0     0.0            277877.28          551672.06         669139.19          33334.60          23217.28 0.595E+00 0.764E+00
ABIC : 0.13335E+04 0.0 0.0 0.0  0.10000E-02     0.0     0.0     0.0            277861.94          599643.56         716103.25          33334.60          25112.81 0.619E+00 0.795E+00
alpha2, abic : 0.100E-02     277858.16     277858.16
ABIC : 0.10000E+03 0.0 0.0 0.0  0.10000E-01     0.0     0.0     0.0            276676.94          383771.88         506259.78          34990.23          12450.81 0.436E+00 0.177E+01
ABIC : 0.10000E+04 0.0 0.0 0.0  0.10000E-01     0.0     0.0     0.0            275658.94          575657.81         692408.19          34990.23          18085.95 0.525E+00 0.213E+01
ABIC : 0.10000E+05 0.0 0.0 0.0  0.10000E-01     0.0     0.0     0.0            276185.06          767543.75         881901.06          34990.23          22784.13 0.590E+00 0.239E+01
ABIC : 0.31623E+03 0.0 0.0 0.0  0.10000E-01     0.0     0.0     0.0            275860.62          479714.81         598847.50          34990.23          15220.31 0.482E+00 0.196E+01
ABIC : 0.31623E+04 0.0 0.0 0.0  0.10000E-01     0.0     0.0     0.0            275826.38          671600.75         786828.88          34990.23          20672.43 0.562E+00 0.228E+01
ABIC : 0.56234E+03 0.0 0.0 0.0  0.10000E-01     0.0     0.0     0.0            275699.19          527686.31         645510.62          34990.23          16665.83 0.504E+00 0.205E+01
ABIC : 0.17783E+04 0.0 0.0 0.0  0.10000E-01     0.0     0.0     0.0            275709.50          623629.31         739522.25          34990.23          19432.85 0.545E+00 0.221E+01
ABIC : 0.74989E+03 0.0 0.0 0.0  0.10000E-01     0.0     0.0     0.0            275665.88          551672.06         668931.00          34990.23          17382.28 0.515E+00 0.209E+01
ABIC : 0.13335E+04 0.0 0.0 0.0  0.10000E-01     0.0     0.0     0.0            275674.69          599643.56         715939.62          34990.23          18771.09 0.535E+00 0.217E+01
alpha2, abic : 0.100E-01     275658.94     275658.94
ABIC : 0.10000E+03 0.0 0.0 0.0  0.10000E+00     0.0     0.0     0.0            274957.91          383771.88         505186.72          39802.06           8085.17 0.351E+00 0.451E+01
ABIC : 0.10000E+04 0.0 0.0 0.0  0.10000E+00     0.0     0.0     0.0            274456.81          575657.81         691953.69          39802.06          11650.39 0.422E+00 0.541E+01
ABIC : 0.10000E+05 0.0 0.0 0.0  0.10000E+00     0.0     0.0     0.0            275289.25          767543.75         881784.25          39802.06          14640.42 0.473E+00 0.607E+01
ABIC : 0.31623E+03 0.0 0.0 0.0  0.10000E+00     0.0     0.0     0.0            274436.25          479714.81         598107.81          39802.06           9853.38 0.388E+00 0.498E+01
ABIC : 0.17783E+03 0.0 0.0 0.0  0.10000E+00     0.0     0.0     0.0            274613.06          431743.34         551526.75          39802.06           8951.39 0.370E+00 0.475E+01
ABIC : 0.56234E+03 0.0 0.0 0.0  0.10000E+00     0.0     0.0     0.0            274394.81          527686.31         644921.69          39802.06          10762.99 0.405E+00 0.520E+01
ABIC : 0.42170E+03 0.0 0.0 0.0  0.10000E+00     0.0     0.0     0.0            274400.59          503700.56         621486.31          39802.06          10309.14 0.397E+00 0.509E+01
ABIC : 0.74989E+03 0.0 0.0 0.0  0.10000E+00     0.0     0.0     0.0            274414.75          551672.06         668411.62          39802.06          11211.21 0.414E+00 0.531E+01
alpha2, abic : 0.100E+00     274394.81     274394.81
ABIC : 0.10000E+03 0.0 0.0 0.0  0.10000E+01     0.0     0.0     0.0            275215.75          383771.88         503159.72          50894.00           4028.20 0.248E+00 0.101E+02
ABIC : 0.10000E+04 0.0 0.0 0.0  0.10000E+01     0.0     0.0     0.0            275644.19          575657.81         691183.81          50894.00           5655.99 0.294E+00 0.119E+02
ABIC : 0.10000E+01 0.0 0.0 0.0  0.10000E+01     0.0     0.0     0.0            282960.16               0.00         137864.08          50894.00           1723.49 0.162E+00 0.658E+01
ABIC : 0.10000E+02 0.0 0.0 0.0  0.10000E+01     0.0     0.0     0.0            277338.12          191885.94         318623.28          50894.00           2663.97 0.202E+00 0.819E+01
ABIC : 0.10000E+03 0.0 0.0 0.0  0.10000E+01     0.0     0.0     0.0            275215.75          383771.88         503159.72          50894.00           4028.20 0.248E+00 0.101E+02
ABIC : 0.10000E+04 0.0 0.0 0.0  0.10000E+01     0.0     0.0     0.0            275644.19          575657.81         691183.81          50894.00           5655.99 0.294E+00 0.119E+02
ABIC : 0.31623E+02 0.0 0.0 0.0  0.10000E+01     0.0     0.0     0.0            275852.81          287828.91         410422.91          50894.00           3287.37 0.224E+00 0.909E+01
ABIC : 0.31623E+03 0.0 0.0 0.0  0.10000E+01     0.0     0.0     0.0            275231.59          479714.81         596783.81          50894.00           4845.32 0.272E+00 0.110E+02
ABIC : 0.56234E+02 0.0 0.0 0.0  0.10000E+01     0.0     0.0     0.0            275437.53          335800.38         456676.09          50894.00           3644.29 0.236E+00 0.957E+01
ABIC : 0.17783E+03 0.0 0.0 0.0  0.10000E+01     0.0     0.0     0.0            275158.38          431743.34         549866.12          50894.00           4432.04 0.260E+00 0.106E+02
ABIC : 0.13335E+03 0.0 0.0 0.0  0.10000E+01     0.0     0.0     0.0            275168.59          407757.59         526485.69          50894.00           4228.22 0.254E+00 0.103E+02
ABIC : 0.23714E+03 0.0 0.0 0.0  0.10000E+01     0.0     0.0     0.0            275180.78          455729.09         573299.44          50894.00           4638.23 0.266E+00 0.108E+02
alpha2, abic : 0.100E+01     275158.38     274394.81
ABIC : 0.10000E-01 0.0 0.0 0.0  0.31623E-01     0.0     0.0     0.0        9999998976.00         -383771.88         143297.67          36817.42     9999998976.00 0.100E+11 0.100E+11
ABIC : 0.10000E+00 0.0 0.0 0.0  0.31623E-01     0.0     0.0     0.0            296716.97         -191885.94         -30670.48          36817.42           2456.93 0.194E+00 0.140E+01
ABIC : 0.10000E+01 0.0 0.0 0.0  0.31623E-01     0.0     0.0     0.0            286885.41               0.00         144562.56          36817.42           4214.52 0.254E+00 0.183E+01
ABIC : 0.10000E+02 0.0 0.0 0.0  0.31623E-01     0.0     0.0     0.0            279558.47          191885.94         323342.84          36817.42           6657.03 0.319E+00 0.230E+01
ABIC : 0.10000E+03 0.0 0.0 0.0  0.31623E-01     0.0     0.0     0.0            275656.22          383771.88         505837.72          36817.42          10276.72 0.396E+00 0.286E+01
ABIC : 0.10000E+04 0.0 0.0 0.0  0.31623E-01     0.0     0.0     0.0            274841.22          575657.81         692223.12          36817.42          14887.80 0.477E+00 0.344E+01
ABIC : 0.10000E+05 0.0 0.0 0.0  0.31623E-01     0.0     0.0     0.0            275491.53          767543.75         881851.88          36817.42          18737.91 0.535E+00 0.386E+01
ABIC : 0.31623E+03 0.0 0.0 0.0  0.31623E-01     0.0     0.0     0.0            274953.97          479714.81         598551.81          36817.42          12550.42 0.438E+00 0.316E+01
ABIC : 0.31623E+04 0.0 0.0 0.0  0.31623E-01     0.0     0.0     0.0            275074.97          671600.75         786727.19          36817.42          16994.00 0.509E+00 0.368E+01
ABIC : 0.56234E+03 0.0 0.0 0.0  0.31623E-01     0.0     0.0     0.0            274840.41          527686.31         645273.12          36817.42          13731.21 0.458E+00 0.330E+01
ABIC : 0.17783E+04 0.0 0.0 0.0  0.31623E-01     0.0     0.0     0.0            274927.06          623629.31         739382.81          36817.42          15983.48 0.494E+00 0.357E+01
ABIC : 0.42170E+03 0.0 0.0 0.0  0.31623E-01     0.0     0.0     0.0            274880.78          503700.56         621882.88          36817.42          13141.24 0.448E+00 0.323E+01
ABIC : 0.74989E+03 0.0 0.0 0.0  0.31623E-01     0.0     0.0     0.0            274828.47          551672.06         668720.56          36817.42          14315.05 0.467E+00 0.337E+01
alpha2, abic : 0.316E-01     274828.47     274828.47
alpha2, abic : 0.100E+00     274394.81     274394.81
ABIC : 0.10000E+03 0.0 0.0 0.0  0.31623E+00     0.0     0.0     0.0            274752.44          383771.88         504281.69          44376.25           5950.75 0.301E+00 0.688E+01
ABIC : 0.10000E+04 0.0 0.0 0.0  0.31623E+00     0.0     0.0     0.0            274678.84          575657.81         691599.56          44376.25           8491.48 0.360E+00 0.822E+01
ABIC : 0.10000E+05 0.0 0.0 0.0  0.31623E+00     0.0     0.0     0.0            275760.19          767543.75         881698.25          44376.25          10654.61 0.403E+00 0.921E+01
ABIC : 0.31623E+03 0.0 0.0 0.0  0.31623E+00     0.0     0.0     0.0            274475.88          479714.81         597507.38          44376.25           7218.12 0.332E+00 0.758E+01
ABIC : 0.17783E+03 0.0 0.0 0.0  0.31623E+00     0.0     0.0     0.0            274537.81          431743.34         550779.50          44376.25           6573.96 0.317E+00 0.723E+01
ABIC : 0.56234E+03 0.0 0.0 0.0  0.31623E+00     0.0     0.0     0.0            274533.12          527686.31         644453.25          44376.25           7863.71 0.346E+00 0.791E+01
ABIC : 0.23714E+03 0.0 0.0 0.0  0.31623E+00     0.0     0.0     0.0            274489.78          455729.09         574115.25          44376.25           6894.59 0.324E+00 0.741E+01
ABIC : 0.42170E+03 0.0 0.0 0.0  0.31623E+00     0.0     0.0     0.0            274491.47          503700.56         620953.88          44376.25           7542.00 0.339E+00 0.775E+01
alpha2, abic : 0.316E+00     274475.88     274394.81
   562.3413      0.1000000       10762.99    
Xdif :     0.0290
Running iteration 4...
 1/x = r2(space)/r1(time) =        3.50   km/sec
ABIC : 0.10000E-01 0.0 0.0 0.0  0.10000E-02     0.0     0.0     0.0        9999998976.00         -383771.88         829860.06          33207.34     9999998976.00 0.100E+11 0.100E+11
ABIC : 0.10000E+00 0.0 0.0 0.0  0.10000E-02     0.0     0.0     0.0            304523.47         -191885.94         -26372.56          33207.34           4314.81 0.271E+00 0.329E+00
ABIC : 0.10000E+01 0.0 0.0 0.0  0.10000E-02     0.0     0.0     0.0            294131.56               0.00         148494.58          33207.34           7288.44 0.352E+00 0.428E+00
ABIC : 0.10000E+02 0.0 0.0 0.0  0.10000E-02     0.0     0.0     0.0            285972.25          191885.94         326881.12          33207.34          11119.84 0.435E+00 0.529E+00
ABIC : 0.10000E+03 0.0 0.0 0.0  0.10000E-02     0.0     0.0     0.0            281448.84          383771.88         508922.03          33207.34          16940.60 0.536E+00 0.653E+00
ABIC : 0.10000E+04 0.0 0.0 0.0  0.10000E-02     0.0     0.0     0.0            280342.69          575657.81         694864.56          33207.34          24838.03 0.649E+00 0.790E+00
ABIC : 0.10000E+05 0.0 0.0 0.0  0.10000E-02     0.0     0.0     0.0            280819.53          767543.75         884228.00          33207.34          31489.28 0.731E+00 0.890E+00
ABIC : 0.31623E+03 0.0 0.0 0.0  0.10000E-02     0.0     0.0     0.0            280567.44          479714.81         601402.81          33207.34          20777.50 0.594E+00 0.723E+00
ABIC : 0.31623E+04 0.0 0.0 0.0  0.10000E-02     0.0     0.0     0.0            280490.22          671600.75         789207.00          33207.34          28521.46 0.696E+00 0.847E+00
ABIC : 0.56234E+03 0.0 0.0 0.0  0.10000E-02     0.0     0.0     0.0            280392.09          527686.31         648014.69          33207.34          22818.18 0.623E+00 0.758E+00
ABIC : 0.17783E+04 0.0 0.0 0.0  0.10000E-02     0.0     0.0     0.0            280384.19          623629.31         741936.38          33207.34          26757.94 0.674E+00 0.820E+00
ABIC : 0.74989E+03 0.0 0.0 0.0  0.10000E-02     0.0     0.0     0.0            280354.00          551672.06         671410.69          33207.34          23835.99 0.636E+00 0.774E+00
ABIC : 0.13335E+04 0.0 0.0 0.0  0.10000E-02     0.0     0.0     0.0            280354.03          599643.56         718374.12          33207.34          25814.69 0.662E+00 0.806E+00
alpha2, abic : 0.100E-02     280342.69     280342.69
ABIC : 0.10000E+03 0.0 0.0 0.0  0.10000E-01     0.0     0.0     0.0            279082.91          383771.88         508525.81          34872.07          12707.62 0.465E+00 0.179E+01
ABIC : 0.10000E+04 0.0 0.0 0.0  0.10000E-01     0.0     0.0     0.0            278094.75          575657.81         694676.12          34872.07          18499.83 0.561E+00 0.216E+01
ABIC : 0.10000E+05 0.0 0.0 0.0  0.10000E-01     0.0     0.0     0.0            278638.38          767543.75         884172.44          34872.07          23331.50 0.629E+00 0.242E+01
ABIC : 0.31623E+03 0.0 0.0 0.0  0.10000E-01     0.0     0.0     0.0            278279.81          479714.81         601114.94          34872.07          15548.79 0.514E+00 0.198E+01
ABIC : 0.31623E+04 0.0 0.0 0.0  0.10000E-01     0.0     0.0     0.0            278275.75          671600.75         789097.94          34872.07          21166.41 0.600E+00 0.231E+01
ABIC : 0.56234E+03 0.0 0.0 0.0  0.10000E-01     0.0     0.0     0.0            278126.50          527686.31         647778.31          34872.07          17036.14 0.538E+00 0.207E+01
ABIC : 0.17783E+04 0.0 0.0 0.0  0.10000E-01     0.0     0.0     0.0            278153.00          623629.31         741790.62          34872.07          19888.97 0.581E+00 0.224E+01
ABIC : 0.74989E+03 0.0 0.0 0.0  0.10000E-01     0.0     0.0     0.0            278097.53          551672.06         671198.88          34872.07          17774.34 0.549E+00 0.211E+01
ABIC : 0.13335E+04 0.0 0.0 0.0  0.10000E-01     0.0     0.0     0.0            278114.44          599643.56         718207.75          34872.07          19206.45 0.571E+00 0.220E+01
alpha2, abic : 0.100E-01     278094.75     278094.75
ABIC : 0.10000E+03 0.0 0.0 0.0  0.10000E+00     0.0     0.0     0.0            277315.44          383771.88         507440.44          39717.38           8206.61 0.373E+00 0.454E+01
ABIC : 0.10000E+04 0.0 0.0 0.0  0.10000E+00     0.0     0.0     0.0            276848.66          575657.81         694217.06          39717.38          11848.50 0.449E+00 0.546E+01
ABIC : 0.10000E+05 0.0 0.0 0.0  0.10000E+00     0.0     0.0     0.0            277691.12          767543.75         884055.19          39717.38          14892.29 0.503E+00 0.612E+01
ABIC : 0.31623E+03 0.0 0.0 0.0  0.10000E+00     0.0     0.0     0.0            276811.66          479714.81         600367.00          39717.38          10011.23 0.412E+00 0.502E+01
ABIC : 0.17783E+03 0.0 0.0 0.0  0.10000E+00     0.0     0.0     0.0            276979.22          431743.34         553783.44          39717.38           9089.94 0.393E+00 0.478E+01
ABIC : 0.56234E+03 0.0 0.0 0.0  0.10000E+00     0.0     0.0     0.0            276779.09          527686.31         647183.06          39717.38          10941.19 0.431E+00 0.525E+01
ABIC : 0.42170E+03 0.0 0.0 0.0  0.10000E+00     0.0     0.0     0.0            276780.53          503700.56         623746.62          39717.38          10477.12 0.422E+00 0.513E+01
ABIC : 0.74989E+03 0.0 0.0 0.0  0.10000E+00     0.0     0.0     0.0            276802.94          551672.06         670673.94          39717.38          11399.51 0.440E+00 0.535E+01
alpha2, abic : 0.100E+00     276779.09     276779.09
ABIC : 0.10000E+03 0.0 0.0 0.0  0.10000E+01     0.0     0.0     0.0            277559.62          383771.88         505406.31          50852.81           4072.58 0.263E+00 0.101E+02
ABIC : 0.10000E+04 0.0 0.0 0.0  0.10000E+01     0.0     0.0     0.0            278020.97          575657.81         693446.38          50852.81           5725.95 0.312E+00 0.120E+02
ABIC : 0.10000E+01 0.0 0.0 0.0  0.10000E+01     0.0     0.0     0.0            285222.81               0.00         140053.59          50852.81           1739.15 0.172E+00 0.661E+01
ABIC : 0.10000E+02 0.0 0.0 0.0  0.10000E+01     0.0     0.0     0.0            279641.78          191885.94         320844.50          50852.81           2690.14 0.214E+00 0.823E+01
ABIC : 0.10000E+03 0.0 0.0 0.0  0.10000E+01     0.0     0.0     0.0            277559.62          383771.88         505406.31          50852.81           4072.58 0.263E+00 0.101E+02
ABIC : 0.10000E+04 0.0 0.0 0.0  0.10000E+01     0.0     0.0     0.0            278020.97          575657.81         693446.38          50852.81           5725.95 0.312E+00 0.120E+02
ABIC : 0.31623E+02 0.0 0.0 0.0  0.10000E+01     0.0     0.0     0.0            278176.22          287828.91         412658.00          50852.81           3321.21 0.237E+00 0.914E+01
ABIC : 0.31623E+03 0.0 0.0 0.0  0.10000E+01     0.0     0.0     0.0            277594.94          479714.81         599039.50          50852.81           4902.70 0.289E+00 0.111E+02
ABIC : 0.56234E+02 0.0 0.0 0.0  0.10000E+01     0.0     0.0     0.0            277771.03          335800.38         458917.25          50852.81           3682.99 0.250E+00 0.963E+01
ABIC : 0.17783E+03 0.0 0.0 0.0  0.10000E+01     0.0     0.0     0.0            277512.50          431743.34         552117.56          50852.81           4482.77 0.276E+00 0.106E+02
ABIC : 0.13335E+03 0.0 0.0 0.0  0.10000E+01     0.0     0.0     0.0            277517.72          407757.59         528734.81          50852.81           4275.71 0.269E+00 0.104E+02
ABIC : 0.23714E+03 0.0 0.0 0.0  0.10000E+01     0.0     0.0     0.0            277539.59          455729.09         575553.00          50852.81           4692.28 0.282E+00 0.109E+02
alpha2, abic : 0.100E+01     277512.50     276779.09
ABIC : 0.10000E-01 0.0 0.0 0.0  0.31623E-01     0.0     0.0     0.0        9999998976.00         -383771.88         437687.56          36713.15     9999998976.00 0.100E+11 0.100E+11
ABIC : 0.10000E+00 0.0 0.0 0.0  0.31623E-01     0.0     0.0     0.0            298970.62         -191885.94         -28463.80          36713.15           2486.51 0.205E+00 0.141E+01
ABIC : 0.10000E+01 0.0 0.0 0.0  0.31623E-01     0.0     0.0     0.0            289187.06               0.00         146791.52          36713.15           4273.92 0.269E+00 0.184E+01
ABIC : 0.10000E+02 0.0 0.0 0.0  0.31623E-01     0.0     0.0     0.0            281910.47          191885.94         325589.78          36713.15           6768.19 0.339E+00 0.232E+01
ABIC : 0.10000E+03 0.0 0.0 0.0  0.31623E-01     0.0     0.0     0.0            278035.38          383771.88         508097.66          36713.15          10460.01 0.421E+00 0.288E+01
ABIC : 0.10000E+04 0.0 0.0 0.0  0.31623E-01     0.0     0.0     0.0            277250.97          575657.81         694488.62          36713.15          15183.38 0.508E+00 0.348E+01
ABIC : 0.10000E+05 0.0 0.0 0.0  0.31623E-01     0.0     0.0     0.0            277913.66          767543.75         884122.94          36713.15          19120.23 0.570E+00 0.390E+01
ABIC : 0.31623E+03 0.0 0.0 0.0  0.31623E-01     0.0     0.0     0.0            277347.91          479714.81         600815.06          36713.15          12785.86 0.466E+00 0.319E+01
ABIC : 0.31623E+04 0.0 0.0 0.0  0.31623E-01     0.0     0.0     0.0            277495.34          671600.75         788995.06          36713.15          17342.68 0.543E+00 0.371E+01
ABIC : 0.56234E+03 0.0 0.0 0.0  0.31623E-01     0.0     0.0     0.0            277242.50          527686.31         647537.50          36713.15          13996.58 0.488E+00 0.334E+01
ABIC : 0.42170E+03 0.0 0.0 0.0  0.31623E-01     0.0     0.0     0.0            277278.78          503700.56         624146.69          36713.15          13391.48 0.477E+00 0.326E+01
ABIC : 0.74989E+03 0.0 0.0 0.0  0.31623E-01     0.0     0.0     0.0            277234.53          551672.06         670985.50          36713.15          14595.63 0.498E+00 0.341E+01
alpha2, abic : 0.316E-01     277234.53     277234.53
alpha2, abic : 0.100E+00     276779.09     276779.09
ABIC : 0.10000E+03 0.0 0.0 0.0  0.31623E+00     0.0     0.0     0.0            277099.31          383771.88         506530.69          44313.86           6026.68 0.320E+00 0.692E+01
ABIC : 0.10000E+04 0.0 0.0 0.0  0.31623E+00     0.0     0.0     0.0            277063.06          575657.81         693861.81          44313.86           8616.23 0.383E+00 0.828E+01
ABIC : 0.10000E+05 0.0 0.0 0.0  0.31623E+00     0.0     0.0     0.0            278152.25          767543.75         883969.62          44313.86          10810.04 0.428E+00 0.927E+01
ABIC : 0.31623E+03 0.0 0.0 0.0  0.31623E+00     0.0     0.0     0.0            276843.44          479714.81         599763.81          44313.86           7317.87 0.353E+00 0.763E+01
ABIC : 0.17783E+03 0.0 0.0 0.0  0.31623E+00     0.0     0.0     0.0            276895.06          431743.34         553032.50          44313.86           6661.20 0.336E+00 0.728E+01
ABIC : 0.56234E+03 0.0 0.0 0.0  0.31623E+00     0.0     0.0     0.0            276909.94          527686.31         646712.75          44313.86           7976.28 0.368E+00 0.797E+01
ABIC : 0.23714E+03 0.0 0.0 0.0  0.31623E+00     0.0     0.0     0.0            276852.31          455729.09         576370.06          44313.86           6987.98 0.344E+00 0.746E+01
ABIC : 0.42170E+03 0.0 0.0 0.0  0.31623E+00     0.0     0.0     0.0            276863.91          503700.56         623211.94          44313.86           7648.19 0.360E+00 0.780E+01
alpha2, abic : 0.316E+00     276843.44     276779.09
   562.3413      0.1000000       10941.19    
Xdif :     0.0097
.nstep.inf detected. Ending inversion early.
------------------------------------------------
Searching for optimal hyperparameters (Min ABIC)...
Minimum ABIC: 271977.94
Optimal Parameters: Alpha=562.34, Beta=0.10000, Diff=10388.53
Updating i_Cmatrix...
Running Final Step...
 1/x = r2(space)/r1(time) =        3.50   km/sec
 Synthetic and Observed waveforms saved to wave.syn/ directory.
 Calculating 0.1s synthetics...
 0.1s Synthetic and Observed waveforms saved to wave.syn/*.syn01/*.obs01
check:      0.0000      0.0000      0.0000   0.39906       10388.5
 Seismic Moment :  0.1845E+22 [Nm],  Mw :  8.11
  
  Total Slip for each sub-fault 
  
 0.46  0.97  1.42  1.52  1.62  1.61  1.99  2.76  3.58  4.46  5.62  6.46  7.06  7.60  8.06  8.58  8.87  8.87  8.82  8.54  7.87  6.88  6.34  6.78  8.00  9.31 10.07 10.22  9.01  7.87
 6.83  5.44  4.77  5.17  5.89  6.85  7.77  7.91  7.52  6.61  5.16  3.90  2.96  2.08  1.01
 0.44  0.95  1.35  1.45  1.55  1.55  1.93  2.67  3.45  4.30  5.41  6.24  6.76  7.31  7.82  8.31  8.53  8.55  8.53  8.23  7.62  6.64  6.05  6.49  7.73  9.01  9.52  9.85  8.57  7.53
 6.57  5.23  4.53  4.93  5.67  6.56  7.50  7.61  7.24  6.40  4.96  3.78  2.80  1.90  0.99
 0.39  0.90  1.21  1.29  1.42  1.41  1.79  2.45  3.17  3.99  4.91  5.80  6.19  6.73  7.29  7.68  7.82  7.79  7.94  7.60  7.07  6.19  5.48  5.78  6.99  8.19  8.58  8.96  7.82  6.71
 5.99  4.78  4.19  4.49  5.14  5.99  6.94  7.05  6.65  5.93  4.54  3.57  2.51  1.64  0.94
 0.33  0.71  1.02  1.12  1.21  1.22  1.55  2.13  2.73  3.53  4.21  5.01  5.36  5.82  6.41  6.63  6.80  6.80  6.89  6.65  6.21  5.47  4.75  4.90  5.85  6.90  7.27  7.55  6.56  5.75
 5.23  4.00  3.67  3.89  4.40  5.16  6.04  6.14  5.79  5.12  4.00  3.14  2.18  1.35  0.83
 0.27  0.55  0.79  0.90  0.93  0.97  1.24  1.70  2.16  2.90  3.38  3.93  4.31  4.65  5.18  5.26  5.40  5.53  5.46  5.34  5.12  4.53  3.89  3.88  4.57  5.37  5.69  5.66  5.00  4.64
 4.23  3.01  2.97  3.11  3.49  4.16  4.77  4.95  4.68  4.17  3.38  2.57  1.66  1.07  0.65
 0.24  0.40  0.55  0.62  0.62  0.66  0.88  1.20  1.50  2.07  2.38  2.67  3.05  3.29  3.61  3.69  3.76  4.00  3.84  3.72  3.67  3.32  2.85  2.61  3.11  3.65  4.04  3.58  3.28  3.27
 2.95  2.08  2.07  2.09  2.48  2.93  3.30  3.48  3.32  2.97  2.51  1.96  1.15  0.76  0.47
 0.15  0.23  0.29  0.31  0.31  0.32  0.45  0.60  0.79  1.04  1.24  1.32  1.56  1.68  1.87  1.86  1.93  2.16  1.96  1.93  1.98  1.81  1.57  1.27  1.57  1.75  2.26  1.70  1.76  1.69
 1.53  1.11  1.05  1.02  1.28  1.44  1.64  1.79  1.75  1.55  1.36  1.09  0.62  0.40  0.25
------------------------------------------------
Total Runtime: 15:55:19 (57319 seconds)
Done.
