  basis double couple component. 
strike:     0.0  135.0  180.0   90.0   90.0    0.0
dip:       90.0   90.0   90.0   90.0   45.0  500.0
rake:       0.0    0.0   90.0   90.0   90.0    0.0
 Inital Slip Model : Uniform slip Model 
 N_model:    64965 , min_jtn:  48/  79 , st_max:200.0
Running iteration 1...
 1/x = r2(space)/r1(time) =        3.50   km/sec
ABIC : 0.10000E-01 0.0 0.0 0.0  0.10000E-02     0.0     0.0     0.0        9999998976.00         -299174.88         644638.38          67947.00     9999998976.00 0.100E+11 0.100E+11
ABIC : 0.10000E+00 0.0 0.0 0.0  0.10000E-02     0.0     0.0     0.0        9999998976.00         -149587.44         444959.28          67947.00     9999998976.00 0.100E+11 0.100E+11
ABIC : 0.10000E+01 0.0 0.0 0.0  0.10000E-02     0.0     0.0     0.0        9999998976.00               0.00         381350.12          67947.00     9999998976.00 0.100E+11 0.100E+11
ABIC : 0.10000E+02 0.0 0.0 0.0  0.10000E-02     0.0     0.0     0.0        9999998976.00          149587.44         201271.61          67947.00     9999998976.00 0.100E+11 0.100E+11
ABIC : 0.10000E+03 0.0 0.0 0.0  0.10000E-02     0.0     0.0     0.0             53302.66          299174.88         220808.55          67947.00            575.75 0.937E-01 0.443E+00
ABIC : 0.10000E+04 0.0 0.0 0.0  0.10000E-02     0.0     0.0     0.0             62158.72          448762.31         362525.59          67947.00           3053.31 0.216E+00 0.102E+01
ABIC : 0.31623E+02 0.0 0.0 0.0  0.10000E-02     0.0     0.0     0.0        9999998976.00          224381.16         204552.33          67947.00     9999998976.00 0.100E+11 0.100E+11
ABIC : 0.31623E+03 0.0 0.0 0.0  0.10000E-02     0.0     0.0     0.0             57398.69          373968.59         291200.09          67947.00           1343.84 0.143E+00 0.677E+00
ABIC : 0.56234E+02 0.0 0.0 0.0  0.10000E-02     0.0     0.0     0.0             51593.08          261778.02         185956.55          67947.00            376.66 0.758E-01 0.358E+00
ABIC : 0.42170E+02 0.0 0.0 0.0  0.10000E-02     0.0     0.0     0.0        9999998976.00          243079.59         236114.14          67947.00     9999998976.00 0.100E+11 0.100E+11
ABIC : 0.74989E+02 0.0 0.0 0.0  0.10000E-02     0.0     0.0     0.0             52413.41          280476.44         203354.03          67947.00            465.41 0.843E-01 0.398E+00
alpha2, abic : 0.100E-02      51593.08      51593.08
ABIC : 0.10000E+02 0.0 0.0 0.0  0.10000E-01     0.0     0.0     0.0        9999998976.00          149587.44         199626.81          68764.45     9999998976.00 0.100E+11 0.100E+11
ABIC : 0.10000E+03 0.0 0.0 0.0  0.10000E-01     0.0     0.0     0.0             53212.02          299174.88         220204.88          68764.45            558.53 0.923E-01 0.138E+01
ABIC : 0.10000E+04 0.0 0.0 0.0  0.10000E-01     0.0     0.0     0.0             62111.67          448762.31         362047.44          68764.45           2937.89 0.212E+00 0.317E+01
ABIC : 0.31623E+02 0.0 0.0 0.0  0.10000E-01     0.0     0.0     0.0             50001.89          224381.16         150688.66          68764.45            239.55 0.605E-01 0.904E+00
ABIC : 0.17783E+02 0.0 0.0 0.0  0.10000E-01     0.0     0.0     0.0        9999998976.00          186984.31         235873.78          68764.45     9999998976.00 0.100E+11 0.100E+11
ABIC : 0.56234E+02 0.0 0.0 0.0  0.10000E-01     0.0     0.0     0.0             51471.88          261778.02         185332.64          68764.45            365.02 0.746E-01 0.112E+01
ABIC : 0.23714E+02 0.0 0.0 0.0  0.10000E-01     0.0     0.0     0.0        9999998976.00          205682.73         169361.22          68764.45     9999998976.00 0.100E+11 0.100E+11
ABIC : 0.42170E+02 0.0 0.0 0.0  0.10000E-01     0.0     0.0     0.0             50704.22          243079.59         167981.06          68764.45            295.61 0.672E-01 0.100E+01
alpha2, abic : 0.100E-01      50001.89      50001.89
ABIC : 0.10000E+02 0.0 0.0 0.0  0.10000E+00     0.0     0.0     0.0        9999998976.00          149587.44         182125.50          70745.10     9999998976.00 0.100E+11 0.100E+11
ABIC : 0.10000E+03 0.0 0.0 0.0  0.10000E+00     0.0     0.0     0.0             53370.30          299174.88         219038.36          70745.10            523.16 0.894E-01 0.422E+01
ABIC : 0.10000E+04 0.0 0.0 0.0  0.10000E+00     0.0     0.0     0.0             62470.29          448762.31         361277.59          70745.10           2698.49 0.203E+00 0.960E+01
ABIC : 0.31623E+02 0.0 0.0 0.0  0.10000E+00     0.0     0.0     0.0             50009.68          224381.16         149365.17          70745.10            224.52 0.585E-01 0.277E+01
ABIC : 0.17783E+02 0.0 0.0 0.0  0.10000E+00     0.0     0.0     0.0             48771.78          186984.31         114885.15          70745.10            148.35 0.476E-01 0.225E+01
ABIC : 0.13335E+02 0.0 0.0 0.0  0.10000E+00     0.0     0.0     0.0             48283.39          168285.88          97731.21          70745.10            121.12 0.430E-01 0.203E+01
alpha2, abic : 0.100E+00      48283.39      48283.39
ABIC : 0.10000E+02 0.0 0.0 0.0  0.10000E+01     0.0     0.0     0.0             48281.86          149587.44          77811.92          75352.42             86.39 0.363E-01 0.543E+01
ABIC : 0.10000E+03 0.0 0.0 0.0  0.10000E+01     0.0     0.0     0.0             54670.64          299174.88         217069.12          75352.42            457.82 0.836E-01 0.125E+02
ABIC : 0.10000E+00 0.0 0.0 0.0  0.10000E+01     0.0     0.0     0.0        9999998976.00         -149587.44          -1941.26          75352.42     9999998976.00 0.100E+11 0.100E+11
ABIC : 0.10000E+01 0.0 0.0 0.0  0.10000E+01     0.0     0.0     0.0        9999998976.00               0.00           2652.00          75352.42     9999998976.00 0.100E+11 0.100E+11
ABIC : 0.10000E+02 0.0 0.0 0.0  0.10000E+01     0.0     0.0     0.0             48281.86          149587.44          77811.92          75352.42             86.39 0.363E-01 0.543E+01
ABIC : 0.10000E+03 0.0 0.0 0.0  0.10000E+01     0.0     0.0     0.0             54670.64          299174.88         217069.12          75352.42            457.82 0.836E-01 0.125E+02
ABIC : 0.31623E+01 0.0 0.0 0.0  0.10000E+01     0.0     0.0     0.0             47219.38           74793.72           9674.50          75352.42             40.01 0.247E-01 0.369E+01
ABIC : 0.17783E+01 0.0 0.0 0.0  0.10000E+01     0.0     0.0     0.0             47347.55           37396.86         -24033.47          75352.42             28.05 0.207E-01 0.309E+01
ABIC : 0.56234E+01 0.0 0.0 0.0  0.10000E+01     0.0     0.0     0.0             47536.09          112190.58          43621.46          75352.42             58.25 0.298E-01 0.446E+01
ABIC : 0.23714E+01 0.0 0.0 0.0  0.10000E+01     0.0     0.0     0.0             47228.15           56095.29          -7209.40          75352.42             33.41 0.226E-01 0.338E+01
ABIC : 0.42170E+01 0.0 0.0 0.0  0.10000E+01     0.0     0.0     0.0             47318.56           93492.16          26616.30          75352.42             48.14 0.271E-01 0.405E+01
alpha2, abic : 0.100E+01      47219.38      47219.38
ABIC : 0.10000E+01 0.0 0.0 0.0  0.10000E+02     0.0     0.0     0.0             47895.94               0.00         -63676.37          84742.41             14.53 0.149E-01 0.704E+01
ABIC : 0.10000E+02 0.0 0.0 0.0  0.10000E+02     0.0     0.0     0.0             50585.77          149587.44          73248.29          84742.41             67.18 0.320E-01 0.151E+02
ABIC : 0.10000E-01 0.0 0.0 0.0  0.10000E+02     0.0     0.0     0.0        9999998976.00         -299174.88         328930.84          84742.41     9999998976.00 0.100E+11 0.100E+11
ABIC : 0.10000E+00 0.0 0.0 0.0  0.10000E+02     0.0     0.0     0.0        9999998976.00         -149587.44        -178087.17          84742.41     9999998976.00 0.100E+11 0.100E+11
ABIC : 0.10000E+01 0.0 0.0 0.0  0.10000E+02     0.0     0.0     0.0             47895.94               0.00         -63676.37          84742.41             14.53 0.149E-01 0.704E+01
ABIC : 0.10000E+02 0.0 0.0 0.0  0.10000E+02     0.0     0.0     0.0             50585.77          149587.44          73248.29          84742.41             67.18 0.320E-01 0.151E+02
ABIC : 0.31623E+00 0.0 0.0 0.0  0.10000E+02     0.0     0.0     0.0        9999998976.00          -74793.72        -121555.46          84742.41     9999998976.00 0.100E+11 0.100E+11
ABIC : 0.31623E+01 0.0 0.0 0.0  0.10000E+02     0.0     0.0     0.0             48398.57           74793.72           4270.48          84742.41             30.24 0.215E-01 0.102E+02
ABIC : 0.56234E+00 0.0 0.0 0.0  0.10000E+02     0.0     0.0     0.0             48317.38          -37396.86         -97283.31          84742.41             10.38 0.126E-01 0.595E+01
ABIC : 0.17783E+01 0.0 0.0 0.0  0.10000E+02     0.0     0.0     0.0             47924.09           37396.86         -29829.54          84742.41             20.76 0.178E-01 0.842E+01
ABIC : 0.74989E+00 0.0 0.0 0.0  0.10000E+02     0.0     0.0     0.0             48051.29          -18698.43         -80507.55          84742.41             12.25 0.137E-01 0.646E+01
ABIC : 0.13335E+01 0.0 0.0 0.0  0.10000E+02     0.0     0.0     0.0             47854.03           18698.43         -46783.46          84742.41             17.32 0.163E-01 0.769E+01
alpha2, abic : 0.100E+02      47854.03      47219.38
ABIC : 0.10000E-01 0.0 0.0 0.0  0.31623E+00     0.0     0.0     0.0        9999998976.00         -299174.88         505239.69          72593.01     9999998976.00 0.100E+11 0.100E+11
ABIC : 0.10000E+00 0.0 0.0 0.0  0.31623E+00     0.0     0.0     0.0        9999998976.00         -149587.44         265707.81          72593.01     9999998976.00 0.100E+11 0.100E+11
ABIC : 0.10000E+01 0.0 0.0 0.0  0.31623E+00     0.0     0.0     0.0        9999998976.00               0.00          14553.56          72593.01     9999998976.00 0.100E+11 0.100E+11
ABIC : 0.10000E+02 0.0 0.0 0.0  0.31623E+00     0.0     0.0     0.0             47939.46          149587.44          79434.20          72593.01             93.52 0.378E-01 0.318E+01
ABIC : 0.10000E+03 0.0 0.0 0.0  0.31623E+00     0.0     0.0     0.0             53787.02          299174.88         218164.20          72593.01            494.89 0.869E-01 0.731E+01
ABIC : 0.31623E+01 0.0 0.0 0.0  0.31623E+00     0.0     0.0     0.0        9999998976.00           74793.72          46564.74          72593.01     9999998976.00 0.100E+11 0.100E+11
ABIC : 0.31623E+02 0.0 0.0 0.0  0.31623E+00     0.0     0.0     0.0             50261.46          224381.16         148312.39          72593.01            212.68 0.570E-01 0.479E+01
ABIC : 0.56234E+01 0.0 0.0 0.0  0.31623E+00     0.0     0.0     0.0             47337.49          112190.58          45356.90          72593.01             63.25 0.311E-01 0.261E+01
ABIC : 0.42170E+01 0.0 0.0 0.0  0.31623E+00     0.0     0.0     0.0             47259.30           93492.16          28403.42          72593.01             52.73 0.284E-01 0.239E+01
alpha2, abic : 0.316E+00      47259.30      47259.30
alpha2, abic : 0.100E+01      47219.38      47219.38
ABIC : 0.10000E+01 0.0 0.0 0.0  0.31623E+01     0.0     0.0     0.0             47806.84               0.00         -60232.78          79316.38             17.55 0.164E-01 0.435E+01
ABIC : 0.10000E+02 0.0 0.0 0.0  0.31623E+01     0.0     0.0     0.0             49094.45          149587.44          75742.55          79316.38             77.55 0.344E-01 0.915E+01
ABIC : 0.10000E-01 0.0 0.0 0.0  0.31623E+01     0.0     0.0     0.0        9999998976.00         -299174.88         402444.91          79316.38     9999998976.00 0.100E+11 0.100E+11
ABIC : 0.10000E+00 0.0 0.0 0.0  0.31623E+01     0.0     0.0     0.0        9999998976.00         -149587.44        -154046.19          79316.38     9999998976.00 0.100E+11 0.100E+11
ABIC : 0.10000E+01 0.0 0.0 0.0  0.31623E+01     0.0     0.0     0.0             47806.84               0.00         -60232.78          79316.38             17.55 0.164E-01 0.435E+01
ABIC : 0.10000E+02 0.0 0.0 0.0  0.31623E+01     0.0     0.0     0.0             49094.45          149587.44          75742.55          79316.38             77.55 0.344E-01 0.915E+01
ABIC : 0.31623E+00 0.0 0.0 0.0  0.31623E+01     0.0     0.0     0.0        9999998976.00          -74793.72         -85648.88          79316.38     9999998976.00 0.100E+11 0.100E+11
ABIC : 0.31623E+01 0.0 0.0 0.0  0.31623E+01     0.0     0.0     0.0             47554.56           74793.72           7256.74          79316.38             35.45 0.233E-01 0.618E+01
ABIC : 0.17783E+01 0.0 0.0 0.0  0.31623E+01     0.0     0.0     0.0             47446.65           37396.86         -26606.11          79316.38             24.66 0.194E-01 0.516E+01
ABIC : 0.13335E+01 0.0 0.0 0.0  0.31623E+01     0.0     0.0     0.0             47560.45           18698.43         -43450.01          79316.38             20.73 0.178E-01 0.473E+01
ABIC : 0.23714E+01 0.0 0.0 0.0  0.31623E+01     0.0     0.0     0.0             47442.11           56095.29          -9705.90          79316.38             29.49 0.212E-01 0.564E+01
alpha2, abic : 0.316E+01      47442.11      47219.38
   3.162278       1.000000       39.95898    
Running iteration 2...
 1/x = r2(space)/r1(time) =        3.50   km/sec
ABIC : 0.10000E-01 0.0 0.0 0.0  0.10000E-02     0.0     0.0     0.0        9999998976.00         -299174.88         392662.66          71234.66     9999998976.00 0.100E+11 0.100E+11
ABIC : 0.10000E+00 0.0 0.0 0.0  0.10000E-02     0.0     0.0     0.0        9999998976.00         -149587.44         -20313.62          71234.66     9999998976.00 0.100E+11 0.100E+11
ABIC : 0.10000E+01 0.0 0.0 0.0  0.10000E-02     0.0     0.0     0.0        9999998976.00               0.00         -40365.59          71234.66     9999998976.00 0.100E+11 0.100E+11
ABIC : 0.10000E+02 0.0 0.0 0.0  0.10000E-02     0.0     0.0     0.0              8893.52          149587.44          39136.64          71234.66            121.33 0.188E-01 0.203E+00
ABIC : 0.10000E+03 0.0 0.0 0.0  0.10000E-02     0.0     0.0     0.0             12740.47          299174.88         176912.38          71234.66            578.42 0.410E-01 0.444E+00
ABIC : 0.31623E+01 0.0 0.0 0.0  0.10000E-02     0.0     0.0     0.0              9472.98           74793.72         -28442.79          71234.66             62.60 0.135E-01 0.146E+00
ABIC : 0.31623E+02 0.0 0.0 0.0  0.10000E-02     0.0     0.0     0.0             10186.37          224381.16         107584.60          71234.66            259.92 0.275E-01 0.298E+00
ABIC : 0.56234E+01 0.0 0.0 0.0  0.10000E-02     0.0     0.0     0.0              8918.35          112190.58           5240.18          71234.66             85.78 0.158E-01 0.171E+00
ABIC : 0.17783E+02 0.0 0.0 0.0  0.10000E-02     0.0     0.0     0.0              9342.02          186984.31          73251.06          71234.66            176.02 0.226E-01 0.245E+00
ABIC : 0.74989E+01 0.0 0.0 0.0  0.10000E-02     0.0     0.0     0.0              8841.88          130889.01          22161.64          71234.66            101.64 0.172E-01 0.186E+00
alpha2, abic : 0.100E-02       8841.88       8841.88
ABIC : 0.10000E+01 0.0 0.0 0.0  0.10000E-01     0.0     0.0     0.0        9999998976.00               0.00         -40698.15          71585.73     9999998976.00 0.100E+11 0.100E+11
ABIC : 0.10000E+02 0.0 0.0 0.0  0.10000E-01     0.0     0.0     0.0              8556.76          149587.44          38953.14          71585.73            115.38 0.183E-01 0.627E+00
ABIC : 0.10000E+03 0.0 0.0 0.0  0.10000E-01     0.0     0.0     0.0             12716.67          299174.88         176770.47          71585.73            565.13 0.405E-01 0.139E+01
ABIC : 0.31623E+01 0.0 0.0 0.0  0.10000E-01     0.0     0.0     0.0              8764.64           74793.72         -28643.76          71585.73             57.46 0.129E-01 0.443E+00
ABIC : 0.31623E+02 0.0 0.0 0.0  0.10000E-01     0.0     0.0     0.0             10062.89          224381.16         107420.72          71585.73            251.99 0.270E-01 0.927E+00
ABIC : 0.56234E+01 0.0 0.0 0.0  0.10000E-01     0.0     0.0     0.0              8415.75          112190.58           5047.79          71585.73             80.31 0.153E-01 0.523E+00
ABIC : 0.42170E+01 0.0 0.0 0.0  0.10000E-01     0.0     0.0     0.0              8526.20           93492.16         -11823.67          71585.73             67.67 0.140E-01 0.481E+00
ABIC : 0.74989E+01 0.0 0.0 0.0  0.10000E-01     0.0     0.0     0.0              8429.70          130889.01          21973.78          71585.73             95.97 0.167E-01 0.572E+00
alpha2, abic : 0.100E-01       8415.75       8415.75
ABIC : 0.10000E+01 0.0 0.0 0.0  0.10000E+00     0.0     0.0     0.0        9999998976.00               0.00         -77372.70          72945.54     9999998976.00 0.100E+11 0.100E+11
ABIC : 0.10000E+02 0.0 0.0 0.0  0.10000E+00     0.0     0.0     0.0              8465.04          149587.44          38193.67          72945.54            107.68 0.177E-01 0.192E+01
ABIC : 0.10000E+03 0.0 0.0 0.0  0.10000E+00     0.0     0.0     0.0             12930.84          299174.88         176195.56          72945.54            533.86 0.394E-01 0.427E+01
ABIC : 0.31623E+01 0.0 0.0 0.0  0.10000E+00     0.0     0.0     0.0              8322.57           74793.72         -29476.38          72945.54             52.17 0.123E-01 0.133E+01
ABIC : 0.17783E+01 0.0 0.0 0.0  0.10000E+00     0.0     0.0     0.0              8958.98           37396.86         -62995.78          72945.54             37.76 0.105E-01 0.114E+01
ABIC : 0.56234E+01 0.0 0.0 0.0  0.10000E+00     0.0     0.0     0.0              8167.80          112190.58           4249.96          72945.54             74.08 0.147E-01 0.159E+01
ABIC : 0.42170E+01 0.0 0.0 0.0  0.10000E+00     0.0     0.0     0.0              8183.30           93492.16         -12640.52          72945.54             61.95 0.134E-01 0.145E+01
ABIC : 0.74989E+01 0.0 0.0 0.0  0.10000E+00     0.0     0.0     0.0              8263.14          130889.01          21194.41          72945.54             89.08 0.161E-01 0.174E+01
alpha2, abic : 0.100E+00       8167.80       8167.80
ABIC : 0.10000E+01 0.0 0.0 0.0  0.10000E+01     0.0     0.0     0.0        9999998976.00               0.00         -47211.46          76856.91     9999998976.00 0.100E+11 0.100E+11
ABIC : 0.10000E+02 0.0 0.0 0.0  0.10000E+01     0.0     0.0     0.0              8999.42          149587.44          36099.30          76856.91             94.75 0.166E-01 0.569E+01
ABIC : 0.10000E+03 0.0 0.0 0.0  0.10000E+01     0.0     0.0     0.0             14114.71          299174.88         174712.83          76856.91            471.53 0.370E-01 0.127E+02
ABIC : 0.31623E+01 0.0 0.0 0.0  0.10000E+01     0.0     0.0     0.0              8337.99           74793.72         -31830.13          76856.91             44.73 0.114E-01 0.391E+01
ABIC : 0.17783E+01 0.0 0.0 0.0  0.10000E+01     0.0     0.0     0.0              8660.29           37396.86         -65465.21          76856.91             31.74 0.960E-02 0.329E+01
ABIC : 0.56234E+01 0.0 0.0 0.0  0.10000E+01     0.0     0.0     0.0              8464.49          112190.58           2022.40          76856.91             64.50 0.137E-01 0.469E+01
ABIC : 0.23714E+01 0.0 0.0 0.0  0.10000E+01     0.0     0.0     0.0              8441.09           56095.29         -48673.05          76856.91             37.56 0.104E-01 0.358E+01
ABIC : 0.42170E+01 0.0 0.0 0.0  0.10000E+01     0.0     0.0     0.0              8346.35           93492.16         -14930.95          76856.91             53.57 0.125E-01 0.428E+01
alpha2, abic : 0.100E+01       8337.99       8167.80
ABIC : 0.10000E-01 0.0 0.0 0.0  0.31623E-01     0.0     0.0     0.0        9999998976.00         -299174.88         396317.34          72062.56     9999998976.00 0.100E+11 0.100E+11
ABIC : 0.10000E+00 0.0 0.0 0.0  0.31623E-01     0.0     0.0     0.0        9999998976.00         -149587.44        -167417.42          72062.56     9999998976.00 0.100E+11 0.100E+11
ABIC : 0.10000E+01 0.0 0.0 0.0  0.31623E-01     0.0     0.0     0.0        9999998976.00               0.00         -37339.73          72062.56     9999998976.00 0.100E+11 0.100E+11
ABIC : 0.10000E+02 0.0 0.0 0.0  0.31623E-01     0.0     0.0     0.0              8468.14          149587.44          38688.67          72062.56            111.96 0.180E-01 0.110E+01
ABIC : 0.10000E+03 0.0 0.0 0.0  0.31623E-01     0.0     0.0     0.0             12766.55          299174.88         176567.06          72062.56            552.67 0.400E-01 0.244E+01
ABIC : 0.31623E+01 0.0 0.0 0.0  0.31623E-01     0.0     0.0     0.0              8504.01           74793.72         -28932.74          72062.56             54.95 0.126E-01 0.770E+00
ABIC : 0.31623E+02 0.0 0.0 0.0  0.31623E-01     0.0     0.0     0.0             10070.34          224381.16         107184.27          72062.56            246.20 0.267E-01 0.163E+01
ABIC : 0.56234E+01 0.0 0.0 0.0  0.31623E-01     0.0     0.0     0.0              8249.82          112190.58           4770.41          72062.56             77.43 0.150E-01 0.914E+00
ABIC : 0.42170E+01 0.0 0.0 0.0  0.31623E-01     0.0     0.0     0.0              8314.35           93492.16         -12106.51          72062.56             64.99 0.137E-01 0.837E+00
ABIC : 0.74989E+01 0.0 0.0 0.0  0.31623E-01     0.0     0.0     0.0              8304.23          130889.01          21702.22          72062.56             92.86 0.164E-01 0.100E+01
alpha2, abic : 0.316E-01       8249.82       8249.82
alpha2, abic : 0.100E+00       8167.80       8167.80
ABIC : 0.10000E+01 0.0 0.0 0.0  0.31623E+00     0.0     0.0     0.0        9999998976.00               0.00         -78432.30          74456.21     9999998976.00 0.100E+11 0.100E+11
ABIC : 0.10000E+02 0.0 0.0 0.0  0.31623E+00     0.0     0.0     0.0              8609.29          149587.44          37363.44          74456.21            102.07 0.172E-01 0.332E+01
ABIC : 0.10000E+03 0.0 0.0 0.0  0.31623E+00     0.0     0.0     0.0             13324.95          299174.88         175591.59          74456.21            507.25 0.384E-01 0.740E+01
ABIC : 0.31623E+01 0.0 0.0 0.0  0.31623E+00     0.0     0.0     0.0              8245.95           74793.72         -30400.90          74456.21             48.83 0.119E-01 0.230E+01
ABIC : 0.17783E+01 0.0 0.0 0.0  0.31623E+00     0.0     0.0     0.0              8749.69           37396.86         -63960.34          74456.21             35.02 0.101E-01 0.194E+01
ABIC : 0.56234E+01 0.0 0.0 0.0  0.31623E+00     0.0     0.0     0.0              8212.17          112190.58           3371.29          74456.21             69.86 0.142E-01 0.275E+01
ABIC : 0.42170E+01 0.0 0.0 0.0  0.31623E+00     0.0     0.0     0.0              8172.92           93492.16         -13541.74          74456.21             58.24 0.130E-01 0.251E+01
alpha2, abic : 0.316E+00       8172.92       8167.80
   5.623413      0.1000000       74.08008    
Xdif :     0.4950
Running iteration 3...
 1/x = r2(space)/r1(time) =        3.50   km/sec
ABIC : 0.10000E-01 0.0 0.0 0.0  0.10000E-02     0.0     0.0     0.0        9999998976.00         -299174.88         127244.85          72448.38     9999998976.00 0.100E+11 0.100E+11
ABIC : 0.10000E+00 0.0 0.0 0.0  0.10000E-02     0.0     0.0     0.0        9999998976.00         -149587.44          97639.36          72448.38     9999998976.00 0.100E+11 0.100E+11
ABIC : 0.10000E+01 0.0 0.0 0.0  0.10000E-02     0.0     0.0     0.0             21180.39               0.00         -86749.20          72448.38             34.43 0.112E-01 0.108E+00
ABIC : 0.10000E+02 0.0 0.0 0.0  0.10000E-02     0.0     0.0     0.0             18650.68          149587.44          47848.61          72448.38            119.30 0.208E-01 0.202E+00
ABIC : 0.10000E+03 0.0 0.0 0.0  0.10000E-02     0.0     0.0     0.0             22924.91          299174.88         185997.58          72448.38            571.85 0.455E-01 0.442E+00
ABIC : 0.31623E+01 0.0 0.0 0.0  0.10000E-02     0.0     0.0     0.0             18848.73           74793.72         -19874.41          72448.38             60.11 0.147E-01 0.143E+00
ABIC : 0.31623E+02 0.0 0.0 0.0  0.10000E-02     0.0     0.0     0.0             20207.70          224381.16         116471.05          72448.38            257.88 0.305E-01 0.297E+00
ABIC : 0.56234E+01 0.0 0.0 0.0  0.10000E-02     0.0     0.0     0.0             18497.94          112190.58          13876.15          72448.38             83.50 0.174E-01 0.169E+00
ABIC : 0.42170E+01 0.0 0.0 0.0  0.10000E-02     0.0     0.0     0.0             18607.53           93492.16          -3025.74          72448.38             70.57 0.160E-01 0.155E+00
ABIC : 0.74989E+01 0.0 0.0 0.0  0.10000E-02     0.0     0.0     0.0             18515.38          130889.01          30834.23          72448.38             99.51 0.190E-01 0.184E+00
alpha2, abic : 0.100E-02      18497.94      18497.94
ABIC : 0.10000E+01 0.0 0.0 0.0  0.10000E-01     0.0     0.0     0.0        9999998976.00               0.00         -32747.33          72753.12     9999998976.00 0.100E+11 0.100E+11
ABIC : 0.10000E+02 0.0 0.0 0.0  0.10000E-01     0.0     0.0     0.0             18377.07          149587.44          47695.98          72753.12            114.34 0.203E-01 0.625E+00
ABIC : 0.10000E+03 0.0 0.0 0.0  0.10000E-01     0.0     0.0     0.0             22916.83          299174.88         185881.95          72753.12            560.71 0.450E-01 0.138E+01
ABIC : 0.31623E+01 0.0 0.0 0.0  0.10000E-01     0.0     0.0     0.0             18245.73           74793.72         -20042.26          72753.12             55.83 0.142E-01 0.436E+00
ABIC : 0.17783E+01 0.0 0.0 0.0  0.10000E-01     0.0     0.0     0.0             18906.30           37396.86         -53584.57          72753.12             40.60 0.121E-01 0.372E+00
ABIC : 0.56234E+01 0.0 0.0 0.0  0.10000E-01     0.0     0.0     0.0             18080.95          112190.58          13715.91          72753.12             78.96 0.169E-01 0.519E+00
ABIC : 0.42170E+01 0.0 0.0 0.0  0.10000E-01     0.0     0.0     0.0             18101.99           93492.16          -3190.23          72753.12             66.17 0.155E-01 0.475E+00
ABIC : 0.74989E+01 0.0 0.0 0.0  0.10000E-01     0.0     0.0     0.0             18173.85          130889.01          30677.54          72753.12             94.76 0.185E-01 0.569E+00
alpha2, abic : 0.100E-01      18080.95      18080.95
ABIC : 0.10000E+01 0.0 0.0 0.0  0.10000E+00     0.0     0.0     0.0             19322.55               0.00         -87723.68          73983.34             27.05 0.989E-02 0.961E+00
ABIC : 0.10000E+02 0.0 0.0 0.0  0.10000E+00     0.0     0.0     0.0             18343.52          149587.44          47026.62          73983.34            107.76 0.197E-01 0.192E+01
ABIC : 0.10000E+03 0.0 0.0 0.0  0.10000E+00     0.0     0.0     0.0             23136.40          299174.88         185387.31          73983.34            532.58 0.439E-01 0.426E+01
ABIC : 0.31623E+01 0.0 0.0 0.0  0.10000E+00     0.0     0.0     0.0             17912.52           74793.72         -20781.89          73983.34             51.43 0.136E-01 0.132E+01
ABIC : 0.17783E+01 0.0 0.0 0.0  0.10000E+00     0.0     0.0     0.0             18376.41           37396.86         -54356.34          73983.34             36.79 0.115E-01 0.112E+01
ABIC : 0.56234E+01 0.0 0.0 0.0  0.10000E+00     0.0     0.0     0.0             17915.82          112190.58          13010.15          73983.34             73.71 0.163E-01 0.159E+01
ABIC : 0.23714E+01 0.0 0.0 0.0  0.10000E+00     0.0     0.0     0.0             18086.64           56095.29         -37595.32          73983.34             43.36 0.125E-01 0.122E+01
ABIC : 0.42170E+01 0.0 0.0 0.0  0.10000E+00     0.0     0.0     0.0             17858.23           93492.16          -3913.37          73983.34             61.40 0.149E-01 0.145E+01
alpha2, abic : 0.100E+00      17858.23      17858.23
ABIC : 0.10000E+01 0.0 0.0 0.0  0.10000E+01     0.0     0.0     0.0             18896.18               0.00         -90098.80          77639.73             22.81 0.908E-02 0.279E+01
ABIC : 0.10000E+02 0.0 0.0 0.0  0.10000E+01     0.0     0.0     0.0             18940.18          149587.44          45124.00          77639.73             96.02 0.186E-01 0.572E+01
ABIC : 0.10000E-01 0.0 0.0 0.0  0.10000E+01     0.0     0.0     0.0        9999998976.00         -299174.88         222775.67          77639.73     9999998976.00 0.100E+11 0.100E+11
ABIC : 0.10000E+00 0.0 0.0 0.0  0.10000E+01     0.0     0.0     0.0        9999998976.00         -149587.44        -168329.80          77639.73     9999998976.00 0.100E+11 0.100E+11
ABIC : 0.10000E+01 0.0 0.0 0.0  0.10000E+01     0.0     0.0     0.0             18896.18               0.00         -90098.80          77639.73             22.81 0.908E-02 0.279E+01
ABIC : 0.10000E+02 0.0 0.0 0.0  0.10000E+01     0.0     0.0     0.0             18940.18          149587.44          45124.00          77639.73             96.02 0.186E-01 0.572E+01
ABIC : 0.31623E+00 0.0 0.0 0.0  0.10000E+01     0.0     0.0     0.0        9999998976.00          -74793.72        -108692.66          77639.73     9999998976.00 0.100E+11 0.100E+11
ABIC : 0.31623E+01 0.0 0.0 0.0  0.10000E+01     0.0     0.0     0.0             18059.06           74793.72         -22936.87          77639.73             44.93 0.127E-01 0.392E+01
ABIC : 0.17783E+01 0.0 0.0 0.0  0.10000E+01     0.0     0.0     0.0             18248.51           37396.86         -56624.88          77639.73             31.63 0.107E-01 0.329E+01
ABIC : 0.56234E+01 0.0 0.0 0.0  0.10000E+01     0.0     0.0     0.0             18304.23          112190.58          10976.95          77639.73             65.17 0.153E-01 0.472E+01
ABIC : 0.23714E+01 0.0 0.0 0.0  0.10000E+01     0.0     0.0     0.0             18099.56           56095.29         -39808.60          77639.73             37.60 0.117E-01 0.358E+01
ABIC : 0.42170E+01 0.0 0.0 0.0  0.10000E+01     0.0     0.0     0.0             18130.50           93492.16          -6008.82          77639.73             53.99 0.140E-01 0.429E+01
alpha2, abic : 0.100E+01      18059.06      17858.23
ABIC : 0.10000E-01 0.0 0.0 0.0  0.31623E-01     0.0     0.0     0.0        9999998976.00         -299174.88          79751.64          73178.67     9999998976.00 0.100E+11 0.100E+11
ABIC : 0.10000E+00 0.0 0.0 0.0  0.31623E-01     0.0     0.0     0.0        9999998976.00         -149587.44          58293.57          73178.67     9999998976.00 0.100E+11 0.100E+11
ABIC : 0.10000E+01 0.0 0.0 0.0  0.31623E-01     0.0     0.0     0.0             19671.96               0.00         -87198.10          73178.67             28.80 0.102E-01 0.557E+00
ABIC : 0.10000E+02 0.0 0.0 0.0  0.31623E-01     0.0     0.0     0.0             18318.80          149587.44          47466.16          73178.67            111.48 0.201E-01 0.110E+01
ABIC : 0.10000E+03 0.0 0.0 0.0  0.31623E-01     0.0     0.0     0.0             22971.53          299174.88         185709.42          73178.67            549.73 0.446E-01 0.244E+01
ABIC : 0.31623E+01 0.0 0.0 0.0  0.31623E-01     0.0     0.0     0.0             18039.90           74793.72         -20295.18          73178.67             53.77 0.139E-01 0.762E+00
ABIC : 0.17783E+01 0.0 0.0 0.0  0.31623E-01     0.0     0.0     0.0             18607.12           37396.86         -53847.65          73178.67             38.78 0.118E-01 0.647E+00
ABIC : 0.56234E+01 0.0 0.0 0.0  0.31623E-01     0.0     0.0     0.0             17959.25          112190.58          13474.09          73178.67             76.59 0.166E-01 0.909E+00
ABIC : 0.42170E+01 0.0 0.0 0.0  0.31623E-01     0.0     0.0     0.0             17941.88           93492.16          -3437.47          73178.67             63.97 0.152E-01 0.831E+00
alpha2, abic : 0.316E-01      17941.88      17941.88
alpha2, abic : 0.100E+00      17858.23      17858.23
ABIC : 0.10000E+01 0.0 0.0 0.0  0.31623E+00     0.0     0.0     0.0             19065.05               0.00         -88642.39          75383.43             25.13 0.953E-02 0.165E+01
ABIC : 0.10000E+02 0.0 0.0 0.0  0.31623E+00     0.0     0.0     0.0             18516.79          149587.44          46277.08          75383.43            102.75 0.193E-01 0.333E+01
ABIC : 0.10000E+03 0.0 0.0 0.0  0.31623E+00     0.0     0.0     0.0             23529.07          299174.88         184858.06          75383.43            507.78 0.428E-01 0.740E+01
ABIC : 0.31623E+01 0.0 0.0 0.0  0.31623E+00     0.0     0.0     0.0             17899.99           74793.72         -21622.21          75383.43             48.58 0.133E-01 0.229E+01
ABIC : 0.17783E+01 0.0 0.0 0.0  0.31623E+00     0.0     0.0     0.0             18245.41           37396.86         -55237.14          75383.43             34.48 0.112E-01 0.193E+01
ABIC : 0.56234E+01 0.0 0.0 0.0  0.31623E+00     0.0     0.0     0.0             18003.61          112190.58          12213.52          75383.43             70.01 0.159E-01 0.275E+01
ABIC : 0.23714E+01 0.0 0.0 0.0  0.31623E+00     0.0     0.0     0.0             18014.53           56095.29         -38455.85          75383.43             40.80 0.121E-01 0.210E+01
ABIC : 0.42170E+01 0.0 0.0 0.0  0.31623E+00     0.0     0.0     0.0             17897.61           93492.16          -4732.15          75383.43             58.17 0.145E-01 0.251E+01
alpha2, abic : 0.316E+00      17897.61      17858.23
   4.216965      0.1000000       61.39258    
Xdif :     0.2251
Running iteration 4...
 1/x = r2(space)/r1(time) =        3.50   km/sec
ABIC : 0.10000E-01 0.0 0.0 0.0  0.10000E-02     0.0     0.0     0.0        9999998976.00         -299174.88         -37173.59          72630.06     9999998976.00 0.100E+11 0.100E+11
ABIC : 0.10000E+00 0.0 0.0 0.0  0.10000E-02     0.0     0.0     0.0        9999998976.00         -149587.44         116797.28          72630.06     9999998976.00 0.100E+11 0.100E+11
ABIC : 0.10000E+01 0.0 0.0 0.0  0.10000E-02     0.0     0.0     0.0             31571.77               0.00         -76553.13          72630.06             34.48 0.111E-01 0.108E+00
ABIC : 0.10000E+02 0.0 0.0 0.0  0.10000E-02     0.0     0.0     0.0             29321.69          149587.44          58187.41          72630.06            121.11 0.207E-01 0.203E+00
ABIC : 0.10000E+03 0.0 0.0 0.0  0.10000E-02     0.0     0.0     0.0             33786.58          299174.88         196538.36          72630.06            579.84 0.453E-01 0.445E+00
ABIC : 0.31623E+01 0.0 0.0 0.0  0.10000E-02     0.0     0.0     0.0             29391.01           74793.72          -9618.98          72630.06             60.75 0.147E-01 0.144E+00
ABIC : 0.31623E+02 0.0 0.0 0.0  0.10000E-02     0.0     0.0     0.0             30981.68          224381.16         126906.41          72630.06            261.95 0.305E-01 0.299E+00
ABIC : 0.56234E+01 0.0 0.0 0.0  0.10000E-02     0.0     0.0     0.0             29108.59          112190.58          24171.77          72630.06             84.62 0.173E-01 0.170E+00
ABIC : 0.42170E+01 0.0 0.0 0.0  0.10000E-02     0.0     0.0     0.0             29183.79           93492.16           7248.72          72630.06             71.42 0.159E-01 0.156E+00
ABIC : 0.74989E+01 0.0 0.0 0.0  0.10000E-02     0.0     0.0     0.0             29156.71          130889.01          41150.86          72630.06            100.94 0.189E-01 0.186E+00
alpha2, abic : 0.100E-02      29108.59      29108.59
ABIC : 0.10000E+01 0.0 0.0 0.0  0.10000E-01     0.0     0.0     0.0             30526.78               0.00         -76727.46          72926.03             30.69 0.104E-01 0.324E+00
ABIC : 0.10000E+02 0.0 0.0 0.0  0.10000E-01     0.0     0.0     0.0             29067.18          149587.44          58041.28          72926.03            116.32 0.203E-01 0.630E+00
ABIC : 0.10000E+03 0.0 0.0 0.0  0.10000E-01     0.0     0.0     0.0             33785.64          299174.88         196429.20          72926.03            569.09 0.449E-01 0.139E+01
ABIC : 0.31623E+01 0.0 0.0 0.0  0.10000E-01     0.0     0.0     0.0             28818.09           74793.72          -9780.39          72926.03             56.61 0.142E-01 0.439E+00
ABIC : 0.17783E+01 0.0 0.0 0.0  0.10000E-01     0.0     0.0     0.0             29418.46           37396.86         -43355.16          72926.03             41.05 0.121E-01 0.374E+00
ABIC : 0.56234E+01 0.0 0.0 0.0  0.10000E-01     0.0     0.0     0.0             28714.93          112190.58          24017.42          72926.03             80.22 0.169E-01 0.523E+00
ABIC : 0.42170E+01 0.0 0.0 0.0  0.10000E-01     0.0     0.0     0.0             28706.66           93492.16           7090.86          72926.03             67.17 0.154E-01 0.479E+00
alpha2, abic : 0.100E-01      28706.66      28706.66
ABIC : 0.10000E+01 0.0 0.0 0.0  0.10000E+00     0.0     0.0     0.0             29802.70               0.00         -77508.64          74132.92             27.36 0.985E-02 0.966E+00
ABIC : 0.10000E+02 0.0 0.0 0.0  0.10000E+00     0.0     0.0     0.0             29053.43          149587.44          57392.34          74132.92            109.88 0.197E-01 0.194E+01
ABIC : 0.10000E+03 0.0 0.0 0.0  0.10000E+00     0.0     0.0     0.0             34016.59          299174.88         195954.97          74132.92            541.31 0.438E-01 0.430E+01
ABIC : 0.31623E+01 0.0 0.0 0.0  0.10000E+00     0.0     0.0     0.0             28517.73           74793.72         -10500.46          74132.92             52.33 0.136E-01 0.134E+01
ABIC : 0.17783E+01 0.0 0.0 0.0  0.10000E+00     0.0     0.0     0.0             28924.05           37396.86         -44108.31          74132.92             37.35 0.115E-01 0.113E+01
ABIC : 0.56234E+01 0.0 0.0 0.0  0.10000E+00     0.0     0.0     0.0             28575.37          112190.58          23331.66          74132.92             75.11 0.163E-01 0.160E+01
ABIC : 0.23714E+01 0.0 0.0 0.0  0.10000E+00     0.0     0.0     0.0             28660.88           56095.29         -27331.49          74132.92             44.06 0.125E-01 0.123E+01
ABIC : 0.42170E+01 0.0 0.0 0.0  0.10000E+00     0.0     0.0     0.0             28491.22           93492.16           6387.20          74132.92             62.53 0.149E-01 0.146E+01
alpha2, abic : 0.100E+00      28491.22      28491.22
ABIC : 0.10000E+01 0.0 0.0 0.0  0.10000E+01     0.0     0.0     0.0             29427.23               0.00         -79843.74          77748.88             23.20 0.907E-02 0.281E+01
ABIC : 0.10000E+02 0.0 0.0 0.0  0.10000E+01     0.0     0.0     0.0             29680.74          149587.44          55535.14          77748.88             98.15 0.187E-01 0.579E+01
ABIC : 0.10000E-01 0.0 0.0 0.0  0.10000E+01     0.0     0.0     0.0        9999998976.00         -299174.88          39211.46          77748.88     9999998976.00 0.100E+11 0.100E+11
ABIC : 0.10000E+00 0.0 0.0 0.0  0.10000E+01     0.0     0.0     0.0        9999998976.00         -149587.44          61380.95          77748.88     9999998976.00 0.100E+11 0.100E+11
ABIC : 0.10000E+01 0.0 0.0 0.0  0.10000E+01     0.0     0.0     0.0             29427.23               0.00         -79843.74          77748.88             23.20 0.907E-02 0.281E+01
ABIC : 0.10000E+02 0.0 0.0 0.0  0.10000E+01     0.0     0.0     0.0             29680.74          149587.44          55535.14          77748.88             98.15 0.187E-01 0.579E+01
ABIC : 0.31623E+00 0.0 0.0 0.0  0.10000E+01     0.0     0.0     0.0        9999998976.00          -74793.72         -99249.28          77748.88     9999998976.00 0.100E+11 0.100E+11
ABIC : 0.31623E+01 0.0 0.0 0.0  0.10000E+01     0.0     0.0     0.0             28704.05           74793.72         -12613.41          77748.88             45.89 0.128E-01 0.396E+01
ABIC : 0.17783E+01 0.0 0.0 0.0  0.10000E+01     0.0     0.0     0.0             28839.53           37396.86         -46337.98          77748.88             32.25 0.107E-01 0.332E+01
ABIC : 0.56234E+01 0.0 0.0 0.0  0.10000E+01     0.0     0.0     0.0             28999.30          112190.58          21342.50          77748.88             66.62 0.154E-01 0.477E+01
ABIC : 0.23714E+01 0.0 0.0 0.0  0.10000E+01     0.0     0.0     0.0             28718.12           56095.29         -29504.11          77748.88             38.37 0.117E-01 0.362E+01
ABIC : 0.42170E+01 0.0 0.0 0.0  0.10000E+01     0.0     0.0     0.0             28799.16           93492.16           4335.05          77748.88             55.16 0.140E-01 0.434E+01
alpha2, abic : 0.100E+01      28704.05      28491.22
ABIC : 0.10000E-01 0.0 0.0 0.0  0.31623E-01     0.0     0.0     0.0        9999998976.00         -299174.88         205693.16          73341.91     9999998976.00 0.100E+11 0.100E+11
ABIC : 0.10000E+00 0.0 0.0 0.0  0.31623E-01     0.0     0.0     0.0        9999998976.00         -149587.44          69420.40          73341.91     9999998976.00 0.100E+11 0.100E+11
ABIC : 0.10000E+01 0.0 0.0 0.0  0.31623E-01     0.0     0.0     0.0             30130.25               0.00         -76992.75          73341.91             29.06 0.102E-01 0.560E+00
ABIC : 0.10000E+02 0.0 0.0 0.0  0.31623E-01     0.0     0.0     0.0             29016.91          149587.44          57819.48          73341.91            113.52 0.201E-01 0.111E+01
ABIC : 0.10000E+03 0.0 0.0 0.0  0.31623E-01     0.0     0.0     0.0             33845.16          299174.88         196264.42          73341.91            558.32 0.445E-01 0.245E+01
ABIC : 0.31623E+01 0.0 0.0 0.0  0.31623E-01     0.0     0.0     0.0             28629.22           74793.72         -10025.58          73341.91             54.61 0.139E-01 0.768E+00
ABIC : 0.17783E+01 0.0 0.0 0.0  0.31623E-01     0.0     0.0     0.0             29132.09           37396.86         -43612.38          73341.91             39.27 0.118E-01 0.651E+00
ABIC : 0.56234E+01 0.0 0.0 0.0  0.31623E-01     0.0     0.0     0.0             28603.27          112190.58          23783.25          73341.91             77.91 0.166E-01 0.917E+00
ABIC : 0.42170E+01 0.0 0.0 0.0  0.31623E-01     0.0     0.0     0.0             28559.11           93492.16           6851.08          73341.91             65.04 0.152E-01 0.838E+00
alpha2, abic : 0.316E-01      28559.11      28559.11
alpha2, abic : 0.100E+00      28491.22      28491.22
ABIC : 0.10000E+01 0.0 0.0 0.0  0.31623E+00     0.0     0.0     0.0             29565.90               0.00         -78410.60          75515.12             25.48 0.950E-02 0.166E+01
ABIC : 0.10000E+02 0.0 0.0 0.0  0.31623E+00     0.0     0.0     0.0             29238.14          149587.44          56660.59          75515.12            104.89 0.193E-01 0.336E+01
ABIC : 0.10000E+03 0.0 0.0 0.0  0.31623E+00     0.0     0.0     0.0             34418.40          299174.88         195445.94          75515.12            516.45 0.428E-01 0.746E+01
ABIC : 0.31623E+01 0.0 0.0 0.0  0.31623E+00     0.0     0.0     0.0             28519.75           74793.72         -11324.01          75515.12             49.51 0.132E-01 0.231E+01
ABIC : 0.17783E+01 0.0 0.0 0.0  0.31623E+00     0.0     0.0     0.0             28811.06           37396.86         -44973.52          75515.12             35.07 0.112E-01 0.195E+01
ABIC : 0.56234E+01 0.0 0.0 0.0  0.31623E+00     0.0     0.0     0.0             28675.38          112190.58          22552.31          75515.12             71.43 0.159E-01 0.278E+01
ABIC : 0.23714E+01 0.0 0.0 0.0  0.31623E+00     0.0     0.0     0.0             28607.06           56095.29         -28176.71          75515.12             41.54 0.121E-01 0.212E+01
ABIC : 0.42170E+01 0.0 0.0 0.0  0.31623E+00     0.0     0.0     0.0             28543.80           93492.16           5585.50          75515.12             59.32 0.145E-01 0.253E+01
alpha2, abic : 0.316E+00      28519.75      28491.22
   4.216965      0.1000000       62.52051    
Xdif :     0.1162
Running iteration 5...
 1/x = r2(space)/r1(time) =        3.50   km/sec
ABIC : 0.10000E-01 0.0 0.0 0.0  0.10000E-02     0.0     0.0     0.0        9999998976.00         -299174.88         -62240.14          72729.16     9999998976.00 0.100E+11 0.100E+11
ABIC : 0.10000E+00 0.0 0.0 0.0  0.10000E-02     0.0     0.0     0.0        9999998976.00         -149587.44          84897.71          72729.16     9999998976.00 0.100E+11 0.100E+11
ABIC : 0.10000E+01 0.0 0.0 0.0  0.10000E-02     0.0     0.0     0.0             37256.18               0.00         -70904.86          72729.16             34.26 0.109E-01 0.108E+00
ABIC : 0.10000E+02 0.0 0.0 0.0  0.10000E-02     0.0     0.0     0.0             35076.84          149587.44          63867.26          72729.16            120.82 0.205E-01 0.203E+00
ABIC : 0.10000E+03 0.0 0.0 0.0  0.10000E-02     0.0     0.0     0.0             39581.48          299174.88         202261.30          72729.16            578.28 0.449E-01 0.444E+00
ABIC : 0.31623E+01 0.0 0.0 0.0  0.10000E-02     0.0     0.0     0.0             35111.34           74793.72          -3957.85          72729.16             60.50 0.145E-01 0.144E+00
ABIC : 0.31623E+02 0.0 0.0 0.0  0.10000E-02     0.0     0.0     0.0             36759.61          224381.16         132606.44          72729.16            261.40 0.302E-01 0.299E+00
ABIC : 0.56234E+01 0.0 0.0 0.0  0.10000E-02     0.0     0.0     0.0             34847.33          112190.58          29841.53          72729.16             84.37 0.172E-01 0.170E+00
ABIC : 0.42170E+01 0.0 0.0 0.0  0.10000E-02     0.0     0.0     0.0             34914.31           93492.16          12913.79          72729.16             71.18 0.158E-01 0.156E+00
ABIC : 0.74989E+01 0.0 0.0 0.0  0.10000E-02     0.0     0.0     0.0             34903.74          130889.01          46825.41          72729.16            100.67 0.187E-01 0.185E+00
alpha2, abic : 0.100E-02      34847.33      34847.33
ABIC : 0.10000E+01 0.0 0.0 0.0  0.10000E-01     0.0     0.0     0.0             36220.84               0.00         -71072.05          73019.70             30.52 0.103E-01 0.323E+00
ABIC : 0.10000E+02 0.0 0.0 0.0  0.10000E-01     0.0     0.0     0.0             34825.79          149587.44          63725.43          73019.70            116.10 0.201E-01 0.629E+00
ABIC : 0.10000E+03 0.0 0.0 0.0  0.10000E-01     0.0     0.0     0.0             39582.23          299174.88         202155.80          73019.70            567.75 0.445E-01 0.139E+01
ABIC : 0.31623E+01 0.0 0.0 0.0  0.10000E-01     0.0     0.0     0.0             34547.86           74793.72          -4114.32          73019.70             56.44 0.140E-01 0.439E+00
ABIC : 0.17783E+01 0.0 0.0 0.0  0.10000E-01     0.0     0.0     0.0             35128.49           37396.86         -37699.60          73019.70             40.89 0.119E-01 0.374E+00
ABIC : 0.56234E+01 0.0 0.0 0.0  0.10000E-01     0.0     0.0     0.0             34460.84          112190.58          29692.27          73019.70             80.04 0.167E-01 0.523E+00
ABIC : 0.42170E+01 0.0 0.0 0.0  0.10000E-01     0.0     0.0     0.0             34444.41           93492.16          12761.06          73019.70             67.00 0.153E-01 0.478E+00
alpha2, abic : 0.100E-01      34444.41      34444.41
ABIC : 0.10000E+01 0.0 0.0 0.0  0.10000E+00     0.0     0.0     0.0             35509.36               0.00         -71844.41          74211.92             27.26 0.975E-02 0.964E+00
ABIC : 0.10000E+02 0.0 0.0 0.0  0.10000E+00     0.0     0.0     0.0             34815.43          149587.44          63087.01          74211.92            109.75 0.196E-01 0.194E+01
ABIC : 0.10000E+03 0.0 0.0 0.0  0.10000E+00     0.0     0.0     0.0             39813.55          299174.88         201690.83          74211.92            540.34 0.434E-01 0.429E+01
ABIC : 0.31623E+01 0.0 0.0 0.0  0.10000E+00     0.0     0.0     0.0             34254.25           74793.72          -4823.27          74211.92             52.23 0.135E-01 0.133E+01
ABIC : 0.17783E+01 0.0 0.0 0.0  0.10000E+00     0.0     0.0     0.0             34643.60           37396.86         -38439.94          74211.92             37.24 0.114E-01 0.113E+01
ABIC : 0.56234E+01 0.0 0.0 0.0  0.10000E+00     0.0     0.0     0.0             34324.59          112190.58          29017.29          74211.92             74.99 0.162E-01 0.160E+01
ABIC : 0.23714E+01 0.0 0.0 0.0  0.10000E+00     0.0     0.0     0.0             34390.11           56095.29         -21658.35          74211.92             43.96 0.124E-01 0.122E+01
ABIC : 0.42170E+01 0.0 0.0 0.0  0.10000E+00     0.0     0.0     0.0             34234.52           93492.16          12068.75          74211.92             62.42 0.148E-01 0.146E+01
alpha2, abic : 0.100E+00      34234.52      34234.52
ABIC : 0.10000E+01 0.0 0.0 0.0  0.10000E+01     0.0     0.0     0.0             35148.30               0.00         -74161.97          77806.34             23.16 0.899E-02 0.281E+01
ABIC : 0.10000E+02 0.0 0.0 0.0  0.10000E+01     0.0     0.0     0.0             35447.89          149587.44          61244.53          77806.34             98.15 0.185E-01 0.579E+01
ABIC : 0.10000E-01 0.0 0.0 0.0  0.10000E+01     0.0     0.0     0.0        9999998976.00         -299174.88          45717.67          77806.34     9999998976.00 0.100E+11 0.100E+11
ABIC : 0.10000E+00 0.0 0.0 0.0  0.10000E+01     0.0     0.0     0.0        9999998976.00         -149587.44          70698.36          77806.34     9999998976.00 0.100E+11 0.100E+11
ABIC : 0.10000E+01 0.0 0.0 0.0  0.10000E+01     0.0     0.0     0.0             35148.30               0.00         -74161.97          77806.34             23.16 0.899E-02 0.281E+01
ABIC : 0.10000E+02 0.0 0.0 0.0  0.10000E+01     0.0     0.0     0.0             35447.89          149587.44          61244.53          77806.34             98.15 0.185E-01 0.579E+01
ABIC : 0.31623E+00 0.0 0.0 0.0  0.10000E+01     0.0     0.0     0.0        9999998976.00          -74793.72         -96715.58          77806.34     9999998976.00 0.100E+11 0.100E+11
ABIC : 0.31623E+01 0.0 0.0 0.0  0.10000E+01     0.0     0.0     0.0             34451.36           74793.72          -6919.73          77806.34             45.87 0.126E-01 0.396E+01
ABIC : 0.17783E+01 0.0 0.0 0.0  0.10000E+01     0.0     0.0     0.0             34573.84           37396.86         -40651.41          77806.34             32.22 0.106E-01 0.332E+01
ABIC : 0.56234E+01 0.0 0.0 0.0  0.10000E+01     0.0     0.0     0.0             34756.09          112190.58          27043.87          77806.34             66.60 0.152E-01 0.477E+01
ABIC : 0.23714E+01 0.0 0.0 0.0  0.10000E+01     0.0     0.0     0.0             34459.64           56095.29         -23813.67          77806.34             38.35 0.116E-01 0.362E+01
ABIC : 0.42170E+01 0.0 0.0 0.0  0.10000E+01     0.0     0.0     0.0             34553.20           93492.16          10032.51          77806.34             55.16 0.139E-01 0.434E+01
alpha2, abic : 0.100E+01      34451.36      34234.52
ABIC : 0.10000E-01 0.0 0.0 0.0  0.31623E-01     0.0     0.0     0.0        9999998976.00         -299174.88         207803.41          73429.38     9999998976.00 0.100E+11 0.100E+11
ABIC : 0.10000E+00 0.0 0.0 0.0  0.31623E-01     0.0     0.0     0.0        9999998976.00         -149587.44          23606.30          73429.38     9999998976.00 0.100E+11 0.100E+11
ABIC : 0.10000E+01 0.0 0.0 0.0  0.31623E-01     0.0     0.0     0.0             35830.17               0.00         -71333.01          73429.38             28.92 0.100E-01 0.559E+00
ABIC : 0.10000E+02 0.0 0.0 0.0  0.31623E-01     0.0     0.0     0.0             34778.27          149587.44          63508.32          73429.38            113.35 0.199E-01 0.111E+01
ABIC : 0.10000E+03 0.0 0.0 0.0  0.31623E-01     0.0     0.0     0.0             39642.55          299174.88         201995.14          73429.38            557.16 0.441E-01 0.245E+01
ABIC : 0.31623E+01 0.0 0.0 0.0  0.31623E-01     0.0     0.0     0.0             34363.96           74793.72          -4354.43          73429.38             54.48 0.138E-01 0.767E+00
ABIC : 0.17783E+01 0.0 0.0 0.0  0.31623E-01     0.0     0.0     0.0             34850.05           37396.86         -37949.17          73429.38             39.14 0.117E-01 0.650E+00
ABIC : 0.56234E+01 0.0 0.0 0.0  0.31623E-01     0.0     0.0     0.0             34353.20          112190.58          29463.33          73429.38             77.77 0.165E-01 0.916E+00
ABIC : 0.42170E+01 0.0 0.0 0.0  0.31623E-01     0.0     0.0     0.0             34301.95           93492.16          12526.49          73429.38             64.91 0.150E-01 0.837E+00
alpha2, abic : 0.316E-01      34301.95      34301.95
alpha2, abic : 0.100E+00      34234.52      34234.52
ABIC : 0.10000E+01 0.0 0.0 0.0  0.31623E+00     0.0     0.0     0.0             35282.45               0.00         -72738.35          75584.04             25.41 0.941E-02 0.166E+01
ABIC : 0.10000E+02 0.0 0.0 0.0  0.31623E+00     0.0     0.0     0.0             35003.47          149587.44          62362.41          75584.04            104.83 0.191E-01 0.336E+01
ABIC : 0.10000E+03 0.0 0.0 0.0  0.31623E+00     0.0     0.0     0.0             40214.12          299174.88         201187.77          75584.04            515.68 0.424E-01 0.746E+01
ABIC : 0.31623E+01 0.0 0.0 0.0  0.31623E+00     0.0     0.0     0.0             34262.45           74793.72          -5638.75          75584.04             49.45 0.131E-01 0.231E+01
ABIC : 0.17783E+01 0.0 0.0 0.0  0.31623E+00     0.0     0.0     0.0             34536.17           37396.86         -39297.49          75584.04             35.00 0.110E-01 0.194E+01
ABIC : 0.56234E+01 0.0 0.0 0.0  0.31623E+00     0.0     0.0     0.0             34429.44          112190.58          28245.40          75584.04             71.38 0.158E-01 0.278E+01
ABIC : 0.23714E+01 0.0 0.0 0.0  0.31623E+00     0.0     0.0     0.0             34342.06           56095.29         -22495.06          75584.04             41.48 0.120E-01 0.212E+01
ABIC : 0.42170E+01 0.0 0.0 0.0  0.31623E+00     0.0     0.0     0.0             34292.27           93492.16          11274.46          75584.04             59.26 0.144E-01 0.253E+01
alpha2, abic : 0.316E+00      34262.45      34234.52
   4.216965      0.1000000       62.41602    
Xdif :     0.0903
Running iteration 6...
 1/x = r2(space)/r1(time) =        3.50   km/sec
ABIC : 0.10000E-01 0.0 0.0 0.0  0.10000E-02     0.0     0.0     0.0        9999998976.00         -299174.88          60350.87          72720.55     9999998976.00 0.100E+11 0.100E+11
ABIC : 0.10000E+00 0.0 0.0 0.0  0.10000E-02     0.0     0.0     0.0        9999998976.00         -149587.44         139594.69          72720.55     9999998976.00 0.100E+11 0.100E+11
ABIC : 0.10000E+01 0.0 0.0 0.0  0.10000E-02     0.0     0.0     0.0             42012.88               0.00         -66158.68          72720.55             34.33 0.108E-01 0.108E+00
ABIC : 0.10000E+02 0.0 0.0 0.0  0.10000E-02     0.0     0.0     0.0             39837.54          149587.44          68623.13          72720.55            120.98 0.203E-01 0.203E+00
ABIC : 0.10000E+03 0.0 0.0 0.0  0.10000E-02     0.0     0.0     0.0             44349.30          299174.88         207028.47          72720.55            578.81 0.444E-01 0.444E+00
ABIC : 0.31623E+01 0.0 0.0 0.0  0.10000E-02     0.0     0.0     0.0             39870.84           74793.72            793.93          72720.55             60.60 0.144E-01 0.144E+00
ABIC : 0.31623E+02 0.0 0.0 0.0  0.10000E-02     0.0     0.0     0.0             41522.98          224381.16         137367.78          72720.55            261.68 0.299E-01 0.299E+00
ABIC : 0.56234E+01 0.0 0.0 0.0  0.10000E-02     0.0     0.0     0.0             39607.80          112190.58          34595.08          72720.55             84.50 0.170E-01 0.170E+00
ABIC : 0.42170E+01 0.0 0.0 0.0  0.10000E-02     0.0     0.0     0.0             39674.67           93492.16          17666.13          72720.55             71.30 0.156E-01 0.156E+00
ABIC : 0.74989E+01 0.0 0.0 0.0  0.10000E-02     0.0     0.0     0.0             39663.77          130889.01          51580.05          72720.55            100.81 0.185E-01 0.185E+00
alpha2, abic : 0.100E-02      39607.80      39607.80
ABIC : 0.10000E+01 0.0 0.0 0.0  0.10000E-01     0.0     0.0     0.0             40973.53               0.00         -66326.41          73009.77             30.57 0.102E-01 0.323E+00
ABIC : 0.10000E+02 0.0 0.0 0.0  0.10000E-01     0.0     0.0     0.0             39585.86          149587.44          68482.45          73009.77            116.25 0.199E-01 0.630E+00
ABIC : 0.10000E+03 0.0 0.0 0.0  0.10000E-01     0.0     0.0     0.0             44350.20          299174.88         206924.22          73009.77            568.28 0.440E-01 0.139E+01
ABIC : 0.31623E+01 0.0 0.0 0.0  0.10000E-01     0.0     0.0     0.0             39307.22           74793.72            637.99          73009.77             56.53 0.139E-01 0.439E+00
ABIC : 0.17783E+01 0.0 0.0 0.0  0.10000E-01     0.0     0.0     0.0             39883.68           37396.86         -32950.03          73009.77             40.95 0.118E-01 0.374E+00
ABIC : 0.56234E+01 0.0 0.0 0.0  0.10000E-01     0.0     0.0     0.0             39219.52          112190.58          34446.57          73009.77             80.16 0.165E-01 0.523E+00
ABIC : 0.42170E+01 0.0 0.0 0.0  0.10000E-01     0.0     0.0     0.0             39203.13           93492.16          17513.80          73009.77             67.10 0.151E-01 0.478E+00
alpha2, abic : 0.100E-01      39203.13      39203.13
ABIC : 0.10000E+01 0.0 0.0 0.0  0.10000E+00     0.0     0.0     0.0             40269.92               0.00         -67092.71          74198.90             27.32 0.966E-02 0.966E+00
ABIC : 0.10000E+02 0.0 0.0 0.0  0.10000E+00     0.0     0.0     0.0             39576.86          149587.44          67847.46          74198.90            109.90 0.194E-01 0.194E+01
ABIC : 0.10000E+03 0.0 0.0 0.0  0.10000E+00     0.0     0.0     0.0             44582.10          299174.88         206461.59          74198.90            540.93 0.430E-01 0.430E+01
ABIC : 0.31623E+01 0.0 0.0 0.0  0.10000E+00     0.0     0.0     0.0             39015.38           74793.72            -66.16          74198.90             52.32 0.134E-01 0.134E+01
ABIC : 0.17783E+01 0.0 0.0 0.0  0.10000E+00     0.0     0.0     0.0             39404.59           37396.86         -33684.58          74198.90             37.31 0.113E-01 0.113E+01
ABIC : 0.56234E+01 0.0 0.0 0.0  0.10000E+00     0.0     0.0     0.0             39085.66          112190.58          33775.85          74198.90             75.11 0.160E-01 0.160E+01
ABIC : 0.23714E+01 0.0 0.0 0.0  0.10000E+00     0.0     0.0     0.0             39149.20           56095.29         -16903.38          74198.90             44.04 0.123E-01 0.123E+01
ABIC : 0.42170E+01 0.0 0.0 0.0  0.10000E+00     0.0     0.0     0.0             38994.45           93492.16          16825.86          74198.90             62.52 0.146E-01 0.146E+01
alpha2, abic : 0.100E+00      38994.45      38994.45
ABIC : 0.10000E+01 0.0 0.0 0.0  0.10000E+01     0.0     0.0     0.0             39901.48               0.00         -69412.88          77793.12             23.20 0.890E-02 0.281E+01
ABIC : 0.10000E+02 0.0 0.0 0.0  0.10000E+01     0.0     0.0     0.0             40208.91          149587.44          66004.11          77793.12             98.30 0.183E-01 0.579E+01
ABIC : 0.10000E-01 0.0 0.0 0.0  0.10000E+01     0.0     0.0     0.0        9999998976.00         -299174.88         185889.20          77793.12     9999998976.00 0.100E+11 0.100E+11
ABIC : 0.10000E+00 0.0 0.0 0.0  0.10000E+01     0.0     0.0     0.0        9999998976.00         -149587.44          67354.33          77793.12     9999998976.00 0.100E+11 0.100E+11
ABIC : 0.10000E+01 0.0 0.0 0.0  0.10000E+01     0.0     0.0     0.0             39901.48               0.00         -69412.88          77793.12             23.20 0.890E-02 0.281E+01
ABIC : 0.10000E+02 0.0 0.0 0.0  0.10000E+01     0.0     0.0     0.0             40208.91          149587.44          66004.11          77793.12             98.30 0.183E-01 0.579E+01
ABIC : 0.31623E+00 0.0 0.0 0.0  0.10000E+01     0.0     0.0     0.0        9999998976.00          -74793.72         -62905.39          77793.12     9999998976.00 0.100E+11 0.100E+11
ABIC : 0.31623E+01 0.0 0.0 0.0  0.10000E+01     0.0     0.0     0.0             39208.38           74793.72          -2165.28          77793.12             45.95 0.125E-01 0.396E+01
ABIC : 0.17783E+01 0.0 0.0 0.0  0.10000E+01     0.0     0.0     0.0             39329.77           37396.86         -35898.66          77793.12             32.27 0.105E-01 0.332E+01
ABIC : 0.56234E+01 0.0 0.0 0.0  0.10000E+01     0.0     0.0     0.0             39515.29          112190.58          31800.86          77793.12             66.70 0.151E-01 0.477E+01
ABIC : 0.23714E+01 0.0 0.0 0.0  0.10000E+01     0.0     0.0     0.0             39215.98           56095.29         -19060.19          77793.12             38.41 0.114E-01 0.362E+01
ABIC : 0.42170E+01 0.0 0.0 0.0  0.10000E+01     0.0     0.0     0.0             39311.54           93492.16          14788.11          77793.12             55.25 0.137E-01 0.434E+01
alpha2, abic : 0.100E+01      39208.38      38994.45
ABIC : 0.10000E-01 0.0 0.0 0.0  0.31623E-01     0.0     0.0     0.0        9999998976.00         -299174.88          64234.68          73417.92     9999998976.00 0.100E+11 0.100E+11
ABIC : 0.10000E+00 0.0 0.0 0.0  0.31623E-01     0.0     0.0     0.0        9999998976.00         -149587.44          77188.96          73417.92     9999998976.00 0.100E+11 0.100E+11
ABIC : 0.10000E+01 0.0 0.0 0.0  0.31623E-01     0.0     0.0     0.0             40585.55               0.00         -66584.77          73417.92             28.98 0.994E-02 0.559E+00
ABIC : 0.10000E+02 0.0 0.0 0.0  0.31623E-01     0.0     0.0     0.0             39538.32          149587.44          68266.95          73417.92            113.50 0.197E-01 0.111E+01
ABIC : 0.10000E+03 0.0 0.0 0.0  0.31623E-01     0.0     0.0     0.0             44410.95          299174.88         206764.91          73417.92            557.72 0.436E-01 0.245E+01
ABIC : 0.31623E+01 0.0 0.0 0.0  0.31623E-01     0.0     0.0     0.0             39122.19           74793.72            399.82          73417.92             54.57 0.136E-01 0.767E+00
ABIC : 0.17783E+01 0.0 0.0 0.0  0.31623E-01     0.0     0.0     0.0             39606.54           37396.86         -33197.23          73417.92             39.20 0.116E-01 0.650E+00
ABIC : 0.56234E+01 0.0 0.0 0.0  0.31623E-01     0.0     0.0     0.0             39112.91          112190.58          34219.64          73417.92             77.89 0.163E-01 0.917E+00
ABIC : 0.42170E+01 0.0 0.0 0.0  0.31623E-01     0.0     0.0     0.0             39059.48           93492.16          17281.30          73417.92             65.00 0.149E-01 0.837E+00
alpha2, abic : 0.316E-01      39059.48      39059.48
alpha2, abic : 0.100E+00      38994.45      38994.45
ABIC : 0.10000E+01 0.0 0.0 0.0  0.31623E+00     0.0     0.0     0.0             40031.87               0.00         -67986.67          75570.23             25.44 0.932E-02 0.166E+01
ABIC : 0.10000E+02 0.0 0.0 0.0  0.31623E+00     0.0     0.0     0.0             39764.46          149587.44          67122.75          75570.23            104.98 0.189E-01 0.337E+01
ABIC : 0.10000E+03 0.0 0.0 0.0  0.31623E+00     0.0     0.0     0.0             44982.26          299174.88         205958.72          75570.23            516.24 0.420E-01 0.746E+01
ABIC : 0.31623E+01 0.0 0.0 0.0  0.31623E+00     0.0     0.0     0.0             39019.71           74793.72           -882.52          75570.23             49.52 0.130E-01 0.231E+01
ABIC : 0.17783E+01 0.0 0.0 0.0  0.31623E+00     0.0     0.0     0.0             39293.07           37396.86         -34541.59          75570.23             35.05 0.109E-01 0.194E+01
ABIC : 0.56234E+01 0.0 0.0 0.0  0.31623E+00     0.0     0.0     0.0             39191.32          112190.58          33003.96          75570.23             71.50 0.156E-01 0.278E+01
ABIC : 0.23714E+01 0.0 0.0 0.0  0.31623E+00     0.0     0.0     0.0             39098.93           56095.29         -17740.65          75570.23             41.54 0.119E-01 0.212E+01
ABIC : 0.42170E+01 0.0 0.0 0.0  0.31623E+00     0.0     0.0     0.0             39052.93           93492.16          16031.93          75570.23             59.36 0.142E-01 0.253E+01
alpha2, abic : 0.316E+00      39019.71      38994.45
   4.216965      0.1000000       62.51855    
Xdif :     0.0526
Running iteration 7...
 1/x = r2(space)/r1(time) =        3.50   km/sec
ABIC : 0.10000E-01 0.0 0.0 0.0  0.10000E-02     0.0     0.0     0.0        9999998976.00         -299174.88          43953.44          72677.12     9999998976.00 0.100E+11 0.100E+11
ABIC : 0.10000E+00 0.0 0.0 0.0  0.10000E-02     0.0     0.0     0.0        9999998976.00         -149587.44         138917.47          72677.12     9999998976.00 0.100E+11 0.100E+11
ABIC : 0.10000E+01 0.0 0.0 0.0  0.10000E-02     0.0     0.0     0.0             45993.11               0.00         -62180.00          72677.12             34.48 0.107E-01 0.108E+00
ABIC : 0.10000E+02 0.0 0.0 0.0  0.10000E-02     0.0     0.0     0.0             43810.76          149587.44          72612.21          72677.12            121.32 0.202E-01 0.203E+00
ABIC : 0.10000E+03 0.0 0.0 0.0  0.10000E-02     0.0     0.0     0.0             48333.42          299174.88         211030.98          72677.12            580.26 0.441E-01 0.445E+00
ABIC : 0.31623E+01 0.0 0.0 0.0  0.10000E-02     0.0     0.0     0.0             43845.90           74793.72           4776.45          72677.12             60.82 0.143E-01 0.144E+00
ABIC : 0.31623E+02 0.0 0.0 0.0  0.10000E-02     0.0     0.0     0.0             45499.70          224381.16         141363.23          72677.12            262.32 0.296E-01 0.299E+00
ABIC : 0.56234E+01 0.0 0.0 0.0  0.10000E-02     0.0     0.0     0.0             43582.12          112190.58          38580.66          72677.12             84.77 0.169E-01 0.170E+00
ABIC : 0.42170E+01 0.0 0.0 0.0  0.10000E-02     0.0     0.0     0.0             43649.34           93492.16          21651.59          72677.12             71.53 0.155E-01 0.156E+00
ABIC : 0.74989E+01 0.0 0.0 0.0  0.10000E-02     0.0     0.0     0.0             43638.72          130889.01          55567.48          72677.12            101.12 0.184E-01 0.186E+00
alpha2, abic : 0.100E-02      43582.12      43582.12
ABIC : 0.10000E+01 0.0 0.0 0.0  0.10000E-01     0.0     0.0     0.0             44954.67               0.00         -62348.03          72966.20             30.71 0.101E-01 0.324E+00
ABIC : 0.10000E+02 0.0 0.0 0.0  0.10000E-01     0.0     0.0     0.0             43559.15          149587.44          72471.97          72966.20            116.57 0.198E-01 0.631E+00
ABIC : 0.10000E+03 0.0 0.0 0.0  0.10000E-01     0.0     0.0     0.0             48334.66          299174.88         210927.39          72966.20            569.69 0.437E-01 0.139E+01
ABIC : 0.31623E+01 0.0 0.0 0.0  0.10000E-01     0.0     0.0     0.0             43280.38           74793.72           4621.00          72966.20             56.72 0.138E-01 0.440E+00
ABIC : 0.17783E+01 0.0 0.0 0.0  0.10000E-01     0.0     0.0     0.0             43862.93           37396.86         -28968.01          72966.20             41.12 0.117E-01 0.375E+00
ABIC : 0.56234E+01 0.0 0.0 0.0  0.10000E-01     0.0     0.0     0.0             43191.68          112190.58          38432.91          72966.20             80.39 0.164E-01 0.524E+00
ABIC : 0.42170E+01 0.0 0.0 0.0  0.10000E-01     0.0     0.0     0.0             43177.56           93492.16          21498.88          72966.20             67.32 0.150E-01 0.479E+00
alpha2, abic : 0.100E-01      43177.56      43177.56
ABIC : 0.10000E+01 0.0 0.0 0.0  0.10000E+00     0.0     0.0     0.0             44240.44               0.00         -63115.32          74155.54             27.42 0.959E-02 0.967E+00
ABIC : 0.10000E+02 0.0 0.0 0.0  0.10000E+00     0.0     0.0     0.0             43548.81          149587.44          71837.69          74155.54            110.18 0.192E-01 0.194E+01
ABIC : 0.10000E+03 0.0 0.0 0.0  0.10000E+00     0.0     0.0     0.0             48567.10          299174.88         210465.84          74155.54            542.23 0.426E-01 0.430E+01
ABIC : 0.31623E+01 0.0 0.0 0.0  0.10000E+00     0.0     0.0     0.0             42983.75           74793.72           3916.78          74155.54             52.47 0.133E-01 0.134E+01
ABIC : 0.17783E+01 0.0 0.0 0.0  0.10000E+00     0.0     0.0     0.0             43372.75           37396.86         -29704.23          74155.54             37.43 0.112E-01 0.113E+01
ABIC : 0.56234E+01 0.0 0.0 0.0  0.10000E+00     0.0     0.0     0.0             43055.53          112190.58          37762.52          74155.54             75.31 0.159E-01 0.160E+01
ABIC : 0.23714E+01 0.0 0.0 0.0  0.10000E+00     0.0     0.0     0.0             43117.45           56095.29         -12921.52          74155.54             44.17 0.122E-01 0.123E+01
ABIC : 0.42170E+01 0.0 0.0 0.0  0.10000E+00     0.0     0.0     0.0             42964.57           93492.16          20811.35          74155.54             62.69 0.145E-01 0.146E+01
alpha2, abic : 0.100E+00      42964.57      42964.57
ABIC : 0.10000E+01 0.0 0.0 0.0  0.10000E+01     0.0     0.0     0.0             43874.09               0.00         -65436.05          77756.02             23.27 0.883E-02 0.282E+01
ABIC : 0.10000E+02 0.0 0.0 0.0  0.10000E+01     0.0     0.0     0.0             44181.69          149587.44          69991.80          77756.02             98.51 0.182E-01 0.580E+01
ABIC : 0.10000E-01 0.0 0.0 0.0  0.10000E+01     0.0     0.0     0.0        9999998976.00         -299174.88         -66782.24          77756.02     9999998976.00 0.100E+11 0.100E+11
ABIC : 0.10000E+00 0.0 0.0 0.0  0.10000E+01     0.0     0.0     0.0        9999998976.00         -149587.44          36822.29          77756.02     9999998976.00 0.100E+11 0.100E+11
ABIC : 0.10000E+01 0.0 0.0 0.0  0.10000E+01     0.0     0.0     0.0             43874.09               0.00         -65436.05          77756.02             23.27 0.883E-02 0.282E+01
ABIC : 0.10000E+02 0.0 0.0 0.0  0.10000E+01     0.0     0.0     0.0             44181.69          149587.44          69991.80          77756.02             98.51 0.182E-01 0.580E+01
ABIC : 0.31623E+00 0.0 0.0 0.0  0.10000E+01     0.0     0.0     0.0        9999998976.00          -74793.72         -59839.46          77756.02     9999998976.00 0.100E+11 0.100E+11
ABIC : 0.31623E+01 0.0 0.0 0.0  0.10000E+01     0.0     0.0     0.0             43177.75           74793.72           1816.09          77756.02             46.06 0.124E-01 0.396E+01
ABIC : 0.17783E+01 0.0 0.0 0.0  0.10000E+01     0.0     0.0     0.0             43301.74           37396.86         -31919.28          77756.02             32.37 0.104E-01 0.332E+01
ABIC : 0.56234E+01 0.0 0.0 0.0  0.10000E+01     0.0     0.0     0.0             43488.39          112190.58          35785.57          77756.02             66.87 0.150E-01 0.478E+01
ABIC : 0.23714E+01 0.0 0.0 0.0  0.10000E+01     0.0     0.0     0.0             43184.92           56095.29         -15080.11          77756.02             38.51 0.114E-01 0.362E+01
ABIC : 0.42170E+01 0.0 0.0 0.0  0.10000E+01     0.0     0.0     0.0             43282.15           93492.16          18771.39          77756.02             55.38 0.136E-01 0.435E+01
alpha2, abic : 0.100E+01      43177.75      42964.57
ABIC : 0.10000E-01 0.0 0.0 0.0  0.31623E-01     0.0     0.0     0.0        9999998976.00         -299174.88          -5511.77          73374.16     9999998976.00 0.100E+11 0.100E+11
ABIC : 0.10000E+00 0.0 0.0 0.0  0.31623E-01     0.0     0.0     0.0        9999998976.00         -149587.44          66618.03          73374.16     9999998976.00 0.100E+11 0.100E+11
ABIC : 0.10000E+01 0.0 0.0 0.0  0.31623E-01     0.0     0.0     0.0             44556.45               0.00         -62606.88          73374.16             29.08 0.987E-02 0.560E+00
ABIC : 0.10000E+02 0.0 0.0 0.0  0.31623E-01     0.0     0.0     0.0             43510.09          149587.44          72257.16          73374.16            113.79 0.195E-01 0.111E+01
ABIC : 0.10000E+03 0.0 0.0 0.0  0.31623E-01     0.0     0.0     0.0             48395.48          299174.88         210768.72          73374.16            559.08 0.433E-01 0.246E+01
ABIC : 0.31623E+01 0.0 0.0 0.0  0.31623E-01     0.0     0.0     0.0             43090.30           74793.72           4382.48          73374.16             54.73 0.135E-01 0.768E+00
ABIC : 0.17783E+01 0.0 0.0 0.0  0.31623E-01     0.0     0.0     0.0             43580.16           37396.86         -29215.51          73374.16             39.34 0.115E-01 0.652E+00
ABIC : 0.56234E+01 0.0 0.0 0.0  0.31623E-01     0.0     0.0     0.0             43082.78          112190.58          38206.16          73374.16             78.10 0.162E-01 0.918E+00
ABIC : 0.42170E+01 0.0 0.0 0.0  0.31623E-01     0.0     0.0     0.0             43029.25           93492.16          21266.70          73374.16             65.18 0.148E-01 0.839E+00
alpha2, abic : 0.316E-01      43029.25      43029.25
alpha2, abic : 0.100E+00      42964.57      42964.57
ABIC : 0.10000E+01 0.0 0.0 0.0  0.31623E+00     0.0     0.0     0.0             44009.00               0.00         -64007.36          75528.87             25.54 0.925E-02 0.166E+01
ABIC : 0.10000E+02 0.0 0.0 0.0  0.31623E+00     0.0     0.0     0.0             43736.95          149587.44          71112.64          75528.87            105.23 0.188E-01 0.337E+01
ABIC : 0.10000E+03 0.0 0.0 0.0  0.31623E+00     0.0     0.0     0.0             48968.23          299174.88         209962.61          75528.87            517.45 0.416E-01 0.747E+01
ABIC : 0.31623E+01 0.0 0.0 0.0  0.31623E+00     0.0     0.0     0.0             42992.05           74793.72           3100.78          75528.87             49.67 0.129E-01 0.232E+01
ABIC : 0.17783E+01 0.0 0.0 0.0  0.31623E+00     0.0     0.0     0.0             43268.33           37396.86         -30560.38          75528.87             35.18 0.109E-01 0.195E+01
ABIC : 0.56234E+01 0.0 0.0 0.0  0.31623E+00     0.0     0.0     0.0             43162.09          112190.58          36990.51          75528.87             71.68 0.155E-01 0.278E+01
ABIC : 0.23714E+01 0.0 0.0 0.0  0.31623E+00     0.0     0.0     0.0             43073.39           56095.29         -13757.77          75528.87             41.68 0.118E-01 0.212E+01
ABIC : 0.42170E+01 0.0 0.0 0.0  0.31623E+00     0.0     0.0     0.0             43023.86           93492.16          20017.20          75528.87             59.52 0.141E-01 0.253E+01
alpha2, abic : 0.316E+00      42992.05      42964.57
   4.216965      0.1000000       62.69043    
Xdif :     0.0319
Done.

 1/x = r2(space)/r1(time) =        3.50   km/sec
 Synthetic and Observed waveforms saved to wave.syn/ directory.
 Calculating 0.1s synthetics...
 0.1s Synthetic and Observed waveforms saved to wave.syn/*.syn01/*.obs01
check:      0.0000      0.0000      0.0000   0.00175          74.1
 Seismic Moment :  0.2553E+23 [Nm],  Mw :  8.87
  
  Total Slip for each sub-fault 
  
 9.66 15.64 21.04 23.48 23.47 21.55 20.90 20.90 24.65 30.20 35.04 38.99 40.14 37.48 33.28 28.57 22.40 16.76 11.34  8.12  4.54  2.28
 9.68 15.67 19.99 21.10 21.26 19.46 19.12 19.60 22.42 26.68 31.68 35.87 36.61 33.94 30.28 25.03 19.19 14.58 10.34  7.65  4.42  2.06
 9.50 15.76 19.14 19.12 17.54 15.57 15.36 16.56 18.54 21.38 25.61 29.19 30.26 27.85 24.07 18.99 14.02 10.68  8.35  6.19  3.88  1.76
 9.76 16.95 18.17 17.43 14.37 11.61 10.62 11.10 11.95 14.03 16.98 19.74 20.81 18.65 15.11 11.58  7.61  6.12  5.22  4.49  3.34  1.70
 9.20 15.66 19.85 15.72 11.94  8.14  6.20  6.02  5.05  6.49  7.63 10.28 10.64  9.49  6.51  5.50  5.80  6.21  5.23  4.61  3.43  1.94
 8.50 12.74 13.32 12.50  9.86  8.06  7.89  7.34  6.90  6.88  6.00  5.79  5.43  5.43  7.01  8.88  9.39  9.66  7.63  5.83  3.63  2.15
 5.97  9.36  7.80  7.44  7.97  8.56  9.07  9.03  9.85  8.60  8.18  7.96  7.43  8.12 10.14 11.75 11.14 10.47  8.02  6.05  4.11  1.98
 3.63  5.10  4.61  5.33  5.88  5.94  6.17  5.90  7.02  6.53  5.69  5.94  5.82  5.68  6.89  8.74  7.39  6.82  5.50  4.21  3.04  1.17

